------------------------------------------------------------------------------------------------------------------------

[2021-04-19 12:56:27 #1 store] 
Database 'C:\Users\user\git\BetAndRuin_repos\BetAndRuin 21\bets.temp' is opened by 3988@LASTO-P

[2021-04-19 12:56:27 #2 store] 
Configuration path: ?

[2021-04-19 12:56:27 #3 type] 
Type domain.User is not enhanced.

[2021-04-19 12:56:27 #4 type] 
Type domain.Wallet is not enhanced.

[2021-04-19 12:56:27 #5 type] 
Type domain.Bet is not enhanced.

[2021-04-19 12:56:27 #6 type] 
Type domain.Event is not enhanced.

[2021-04-19 12:56:27 #7 type] 
Type domain.Answer is not enhanced.

[2021-04-19 12:56:27 #8 type] 
Type domain.Question is not enhanced.

------------------------------------------------------------------------------------------------------------------------

[2021-04-19 12:58:19 #1 store] 
Database 'C:\Users\user\git\BetAndRuin_repos\BetAndRuin 21\bets.temp' has been recovered (tr. 25-26)

[2021-04-19 12:58:19 #2 store] 
Database 'C:\Users\user\git\BetAndRuin_repos\BetAndRuin 21\bets.temp' is opened by 1664@LASTO-P

[2021-04-19 12:58:19 #3 store] 
Configuration path: ?

[2021-04-19 12:58:19 #4 type] 
Type domain.User is not enhanced.

[2021-04-19 12:58:19 #5 type] 
Type domain.Wallet is not enhanced.

[2021-04-19 12:58:19 #6 type] 
Type domain.Bet is not enhanced.

[2021-04-19 12:58:19 #7 type] 
Type domain.Event is not enhanced.

[2021-04-19 12:58:19 #8 type] 
Type domain.Answer is not enhanced.

[2021-04-19 12:58:19 #9 type] 
Type domain.Question is not enhanced.

------------------------------------------------------------------------------------------------------------------------

[2021-04-19 13:00:13 #1 store] 
Database 'C:\Users\user\git\BetAndRuin_repos\BetAndRuin 21\bets.temp' has been recovered (tr. 27-27)

[2021-04-19 13:00:13 #2 store] 
Database 'C:\Users\user\git\BetAndRuin_repos\BetAndRuin 21\bets.temp' is opened by 17948@LASTO-P

[2021-04-19 13:00:13 #3 store] 
Configuration path: ?

[2021-04-19 13:00:13 #4 type] 
Type domain.User is not enhanced.

[2021-04-19 13:00:13 #5 type] 
Type domain.Wallet is not enhanced.

[2021-04-19 13:00:13 #6 type] 
Type domain.Bet is not enhanced.

[2021-04-19 13:00:13 #7 type] 
Type domain.Event is not enhanced.

[2021-04-19 13:00:13 #8 type] 
Type domain.Answer is not enhanced.

[2021-04-19 13:00:13 #9 type] 
Type domain.Question is not enhanced.

------------------------------------------------------------------------------------------------------------------------

[2021-04-19 13:02:14 #1 store] 
Database 'C:\Users\user\git\BetAndRuin_repos\BetAndRuin 21\bets.temp' has been recovered (tr. 28-29)

[2021-04-19 13:02:14 #2 store] 
Database 'C:\Users\user\git\BetAndRuin_repos\BetAndRuin 21\bets.temp' is opened by 13800@LASTO-P

[2021-04-19 13:02:14 #3 store] 
Configuration path: ?

[2021-04-19 13:02:14 #4 type] 
Type domain.User is not enhanced.

[2021-04-19 13:02:14 #5 type] 
Type domain.Wallet is not enhanced.

[2021-04-19 13:02:14 #6 type] 
Type domain.Bet is not enhanced.

[2021-04-19 13:02:14 #7 type] 
Type domain.Event is not enhanced.

[2021-04-19 13:02:14 #8 type] 
Type domain.Answer is not enhanced.

[2021-04-19 13:02:14 #9 type] 
Type domain.Question is not enhanced.

