------------------------------------------------------------------------------------------------------------------------

[2021-03-04 00:00:15 #1 store] 
Database 'C:\Users\user\git\BetAndRuin_repos\BetAndRuin 21\bets.temp' is opened by 12432@LASTO-P

[2021-03-04 00:00:15 #2 store] 
Configuration path: ?

[2021-03-04 00:00:15 #3 type] 
Type domain.Question is not enhanced.

[2021-03-04 00:00:15 #4 type] 
Type domain.Event is not enhanced.

[2021-03-04 00:00:15 #5 type] 
Type domain.User is not enhanced.

------------------------------------------------------------------------------------------------------------------------

[2021-03-04 12:29:14 #1 store] 
Database 'C:\Users\user\git\BetAndRuin_repos\BetAndRuin 21\bets.temp' is opened by 15932@LASTO-P

[2021-03-04 12:29:14 #2 store] 
Configuration path: ?

[2021-03-04 12:29:15 #3 type] 
Type domain.Question is not enhanced.

[2021-03-04 12:29:15 #4 type] 
Type domain.Event is not enhanced.

[2021-03-04 12:29:15 #5 type] 
Type domain.User is not enhanced.

