------------------------------------------------------------------------------------------------------------------------

[2021-04-15 11:53:59 #1 store] 
Database 'C:\Users\user\git\BetAndRuin_repos\BetAndRuin 21\bets.temp' is opened by 13160@LASTO-P

[2021-04-15 11:53:59 #2 store] 
Configuration path: ?

[2021-04-15 11:54:00 #3 type] 
Type domain.User is not enhanced.

[2021-04-15 11:54:00 #4 type] 
Type domain.Wallet is not enhanced.

[2021-04-15 11:54:00 #5 type] 
Type domain.Bet is not enhanced.

[2021-04-15 11:54:00 #6 type] 
Type domain.Event is not enhanced.

[2021-04-15 11:54:00 #7 type] 
Type domain.Answer is not enhanced.

[2021-04-15 11:54:00 #8 type] 
Type domain.Question is not enhanced.

------------------------------------------------------------------------------------------------------------------------

[2021-04-15 11:59:45 #1 store] 
Database 'C:\Users\user\git\BetAndRuin_repos\BetAndRuin 21\bets.temp' has been recovered (tr. 7-7)

[2021-04-15 11:59:45 #2 store] 
Database 'C:\Users\user\git\BetAndRuin_repos\BetAndRuin 21\bets.temp' is opened by 5316@LASTO-P

[2021-04-15 11:59:45 #3 store] 
Configuration path: ?

[2021-04-15 11:59:45 #4 type] 
Type domain.User is not enhanced.

[2021-04-15 11:59:45 #5 type] 
Type domain.Wallet is not enhanced.

[2021-04-15 11:59:45 #6 type] 
Type domain.Bet is not enhanced.

[2021-04-15 11:59:45 #7 type] 
Type domain.Event is not enhanced.

[2021-04-15 11:59:45 #8 type] 
Type domain.Answer is not enhanced.

[2021-04-15 11:59:45 #9 type] 
Type domain.Question is not enhanced.

------------------------------------------------------------------------------------------------------------------------

[2021-04-15 12:00:34 #1 store] 
Database 'C:\Users\user\git\BetAndRuin_repos\BetAndRuin 21\bets.temp' is opened by 4740@LASTO-P

[2021-04-15 12:00:34 #2 store] 
Configuration path: ?

[2021-04-15 12:00:34 #3 type] 
Type domain.User is not enhanced.

[2021-04-15 12:00:34 #4 type] 
Type domain.Wallet is not enhanced.

[2021-04-15 12:00:34 #5 type] 
Type domain.Bet is not enhanced.

[2021-04-15 12:00:34 #6 type] 
Type domain.Event is not enhanced.

[2021-04-15 12:00:34 #7 type] 
Type domain.Answer is not enhanced.

[2021-04-15 12:00:34 #8 type] 
Type domain.Question is not enhanced.

------------------------------------------------------------------------------------------------------------------------

[2021-04-15 12:00:55 #1 store] 
Database 'C:\Users\user\git\BetAndRuin_repos\BetAndRuin 21\bets.temp' has been recovered (tr. 10-10)

[2021-04-15 12:00:55 #2 store] 
Database 'C:\Users\user\git\BetAndRuin_repos\BetAndRuin 21\bets.temp' is opened by 13412@LASTO-P

[2021-04-15 12:00:55 #3 store] 
Configuration path: ?

[2021-04-15 12:00:55 #4 type] 
Type domain.User is not enhanced.

[2021-04-15 12:00:55 #5 type] 
Type domain.Wallet is not enhanced.

[2021-04-15 12:00:55 #6 type] 
Type domain.Bet is not enhanced.

[2021-04-15 12:00:55 #7 type] 
Type domain.Event is not enhanced.

[2021-04-15 12:00:55 #8 type] 
Type domain.Answer is not enhanced.

[2021-04-15 12:00:55 #9 type] 
Type domain.Question is not enhanced.

------------------------------------------------------------------------------------------------------------------------

[2021-04-15 12:03:12 #1 store] 
Database 'C:\Users\user\git\BetAndRuin_repos\BetAndRuin 21\bets.temp' has been recovered (tr. 11-11)

[2021-04-15 12:03:12 #2 store] 
Database 'C:\Users\user\git\BetAndRuin_repos\BetAndRuin 21\bets.temp' is opened by 5236@LASTO-P

[2021-04-15 12:03:12 #3 store] 
Configuration path: ?

[2021-04-15 12:03:12 #4 type] 
Type domain.User is not enhanced.

[2021-04-15 12:03:12 #5 type] 
Type domain.Wallet is not enhanced.

[2021-04-15 12:03:12 #6 type] 
Type domain.Bet is not enhanced.

[2021-04-15 12:03:12 #7 type] 
Type domain.Event is not enhanced.

[2021-04-15 12:03:12 #8 type] 
Type domain.Answer is not enhanced.

[2021-04-15 12:03:12 #9 type] 
Type domain.Question is not enhanced.

------------------------------------------------------------------------------------------------------------------------

[2021-04-15 12:08:05 #1 store] 
Database 'C:\Users\user\git\BetAndRuin_repos\BetAndRuin 21\bets.temp' has been recovered (tr. 12-13)

[2021-04-15 12:08:05 #2 store] 
Database 'C:\Users\user\git\BetAndRuin_repos\BetAndRuin 21\bets.temp' is opened by 6228@LASTO-P

[2021-04-15 12:08:05 #3 store] 
Configuration path: ?

[2021-04-15 12:08:06 #4 type] 
Type domain.User is not enhanced.

[2021-04-15 12:08:06 #5 type] 
Type domain.Wallet is not enhanced.

[2021-04-15 12:08:06 #6 type] 
Type domain.Bet is not enhanced.

[2021-04-15 12:08:06 #7 type] 
Type domain.Event is not enhanced.

[2021-04-15 12:08:06 #8 type] 
Type domain.Answer is not enhanced.

[2021-04-15 12:08:06 #9 type] 
Type domain.Question is not enhanced.

------------------------------------------------------------------------------------------------------------------------

[2021-04-15 12:11:30 #1 store] 
Database 'C:\Users\user\git\BetAndRuin_repos\BetAndRuin 21\bets.temp' is opened by 8320@LASTO-P

[2021-04-15 12:11:30 #2 store] 
Configuration path: ?

[2021-04-15 12:11:31 #3 type] 
Type domain.User is not enhanced.

[2021-04-15 12:11:31 #4 type] 
Type domain.Wallet is not enhanced.

[2021-04-15 12:11:31 #5 type] 
Type domain.Bet is not enhanced.

[2021-04-15 12:11:31 #6 type] 
Type domain.Event is not enhanced.

[2021-04-15 12:11:31 #7 type] 
Type domain.Answer is not enhanced.

[2021-04-15 12:11:31 #8 type] 
Type domain.Question is not enhanced.

------------------------------------------------------------------------------------------------------------------------

[2021-04-15 12:49:01 #1 store] 
Database 'C:\Users\user\git\BetAndRuin_repos\BetAndRuin 21\bets.temp' is opened by 7112@LASTO-P

[2021-04-15 12:49:01 #2 store] 
Configuration path: ?

[2021-04-15 12:49:01 #3 type] 
Type domain.User is not enhanced.

[2021-04-15 12:49:01 #4 type] 
Type domain.Wallet is not enhanced.

[2021-04-15 12:49:01 #5 type] 
Type domain.Bet is not enhanced.

[2021-04-15 12:49:01 #6 type] 
Type domain.Event is not enhanced.

[2021-04-15 12:49:01 #7 type] 
Type domain.Answer is not enhanced.

[2021-04-15 12:49:01 #8 type] 
Type domain.Question is not enhanced.

------------------------------------------------------------------------------------------------------------------------

[2021-04-15 12:51:29 #1 store] 
Database 'C:\Users\user\git\BetAndRuin_repos\BetAndRuin 21\bets.temp' has been recovered (tr. 1-9)

[2021-04-15 12:51:29 #2 store] 
Database 'C:\Users\user\git\BetAndRuin_repos\BetAndRuin 21\bets.temp' is opened by 12248@LASTO-P

[2021-04-15 12:51:29 #3 store] 
Configuration path: ?

[2021-04-15 12:51:29 #4 type] 
Type domain.User is not enhanced.

[2021-04-15 12:51:29 #5 type] 
Type domain.Wallet is not enhanced.

[2021-04-15 12:51:29 #6 type] 
Type domain.Bet is not enhanced.

[2021-04-15 12:51:29 #7 type] 
Type domain.Event is not enhanced.

[2021-04-15 12:51:29 #8 type] 
Type domain.Answer is not enhanced.

[2021-04-15 12:51:29 #9 type] 
Type domain.Question is not enhanced.

