------------------------------------------------------------------------------------------------------------------------

[2021-03-02 13:27:33 #1 store] 
Database '/home/estrapro/git/BetAndRuin_repos/BetAndRuin 21/bets.temp' is opened by 7147@estrapro-pc

[2021-03-02 13:27:33 #2 store] 
Configuration path: ?

------------------------------------------------------------------------------------------------------------------------

[2021-03-02 13:28:15 #1 store] 
Database '/home/estrapro/git/BetAndRuin_repos/BetAndRuin 21/bets.temp' has been recovered (tr. 1-2)

[2021-03-02 13:28:15 #2 store] 
Database '/home/estrapro/git/BetAndRuin_repos/BetAndRuin 21/bets.temp' is opened by 7182@estrapro-pc

[2021-03-02 13:28:15 #3 store] 
Configuration path: ?

------------------------------------------------------------------------------------------------------------------------

[2021-03-02 13:30:58 #1 store] 
Database '/home/estrapro/git/BetAndRuin_repos/BetAndRuin 21/bets.temp' is opened by 7268@estrapro-pc

[2021-03-02 13:30:58 #2 store] 
Configuration path: ?

------------------------------------------------------------------------------------------------------------------------

[2021-03-02 13:33:57 #1 store] 
Database '/home/estrapro/git/BetAndRuin_repos/BetAndRuin 21/bets.temp' is opened by 7377@estrapro-pc

[2021-03-02 13:33:57 #2 store] 
Configuration path: ?

[2021-03-02 13:33:57 #3 type] 
Type domain.Question is not enhanced.

[2021-03-02 13:33:57 #4 type] 
Type domain.Event is not enhanced.

------------------------------------------------------------------------------------------------------------------------

[2021-03-02 13:36:18 #1 store] 
Database '/home/estrapro/git/BetAndRuin_repos/BetAndRuin 21/bets.temp' has been recovered (tr. 1-5)

[2021-03-02 13:36:18 #2 store] 
Database '/home/estrapro/git/BetAndRuin_repos/BetAndRuin 21/bets.temp' is opened by 7955@estrapro-pc

[2021-03-02 13:36:18 #3 store] 
Configuration path: ?

[2021-03-02 13:36:18 #4 type] 
Type domain.Question is not enhanced.

[2021-03-02 13:36:18 #5 type] 
Type domain.Event is not enhanced.

------------------------------------------------------------------------------------------------------------------------

[2021-03-02 13:36:27 #1 store] 
Database '/home/estrapro/git/BetAndRuin_repos/BetAndRuin 21/bets.temp' is opened by 7988@estrapro-pc

[2021-03-02 13:36:27 #2 store] 
Configuration path: ?

[2021-03-02 13:36:27 #3 type] 
Type domain.Question is not enhanced.

[2021-03-02 13:36:27 #4 type] 
Type domain.Event is not enhanced.

------------------------------------------------------------------------------------------------------------------------

[2021-03-02 17:08:52 #1 store] 
Database '/home/estrapro/git/BetAndRuin_repos/BetAndRuin 21/bets.temp' is opened by 6891@estrapro-pc

[2021-03-02 17:08:52 #2 store] 
Configuration path: ?

[2021-03-02 17:08:52 #3 type] 
Type domain.Question is not enhanced.

[2021-03-02 17:08:52 #4 type] 
Type domain.Event is not enhanced.

