------------------------------------------------------------------------------------------------------------------------

[2021-05-10 15:41:36 #1 store] 
Database '/home/estrapro/git/BetAndRuin_repos/BetAndRuin 21/bets.temp' has been recovered (tr. 58-60)

[2021-05-10 15:41:36 #2 store] 
Database '/home/estrapro/git/BetAndRuin_repos/BetAndRuin 21/bets.temp' is opened by 5549@estrapro-pc

[2021-05-10 15:41:36 #3 store] 
Configuration path: ?

[2021-05-10 15:41:36 #4 type] 
Type domain.User is not enhanced.

[2021-05-10 15:41:36 #5 type] 
Type domain.Wallet is not enhanced.

[2021-05-10 15:41:36 #6 type] 
Type domain.Bet is not enhanced.

[2021-05-10 15:41:36 #7 type] 
Type domain.Event is not enhanced.

[2021-05-10 15:41:36 #8 type] 
Type domain.Answer is not enhanced.

[2021-05-10 15:41:36 #9 type] 
Type domain.Question is not enhanced.

------------------------------------------------------------------------------------------------------------------------

[2021-05-10 15:50:47 #1 store] 
Database '/home/estrapro/git/BetAndRuin_repos/BetAndRuin 21/bets.temp' has been recovered (tr. 61-62)

[2021-05-10 15:50:47 #2 store] 
Database '/home/estrapro/git/BetAndRuin_repos/BetAndRuin 21/bets.temp' is opened by 6182@estrapro-pc

[2021-05-10 15:50:47 #3 store] 
Configuration path: ?

[2021-05-10 15:50:47 #4 type] 
Type domain.User is not enhanced.

[2021-05-10 15:50:47 #5 type] 
Type domain.Wallet is not enhanced.

[2021-05-10 15:50:47 #6 type] 
Type domain.Bet is not enhanced.

[2021-05-10 15:50:47 #7 type] 
Type domain.Event is not enhanced.

[2021-05-10 15:50:47 #8 type] 
Type domain.Answer is not enhanced.

[2021-05-10 15:50:47 #9 type] 
Type domain.Question is not enhanced.

------------------------------------------------------------------------------------------------------------------------

[2021-05-10 15:54:26 #1 store] 
Database '/home/estrapro/git/BetAndRuin_repos/BetAndRuin 21/bets.temp' has been recovered (tr. 63-64)

[2021-05-10 15:54:26 #2 store] 
Database '/home/estrapro/git/BetAndRuin_repos/BetAndRuin 21/bets.temp' is opened by 6334@estrapro-pc

[2021-05-10 15:54:26 #3 store] 
Configuration path: ?

[2021-05-10 15:54:26 #4 type] 
Type domain.User is not enhanced.

[2021-05-10 15:54:26 #5 type] 
Type domain.Wallet is not enhanced.

[2021-05-10 15:54:26 #6 type] 
Type domain.Bet is not enhanced.

[2021-05-10 15:54:26 #7 type] 
Type domain.Event is not enhanced.

[2021-05-10 15:54:26 #8 type] 
Type domain.Answer is not enhanced.

[2021-05-10 15:54:26 #9 type] 
Type domain.Question is not enhanced.

------------------------------------------------------------------------------------------------------------------------

[2021-05-10 15:54:44 #1 store] 
Database '/home/estrapro/git/BetAndRuin_repos/BetAndRuin 21/bets.temp' is opened by 6370@estrapro-pc

[2021-05-10 15:54:44 #2 store] 
Configuration path: ?

[2021-05-10 15:54:44 #3 type] 
Type domain.User is not enhanced.

[2021-05-10 15:54:44 #4 type] 
Type domain.Wallet is not enhanced.

[2021-05-10 15:54:44 #5 type] 
Type domain.Bet is not enhanced.

[2021-05-10 15:54:44 #6 type] 
Type domain.Event is not enhanced.

[2021-05-10 15:54:44 #7 type] 
Type domain.Answer is not enhanced.

[2021-05-10 15:54:44 #8 type] 
Type domain.Question is not enhanced.

------------------------------------------------------------------------------------------------------------------------

[2021-05-10 15:56:41 #1 store] 
Database '/home/estrapro/git/BetAndRuin_repos/BetAndRuin 21/bets.temp' has been recovered (tr. 65-65)

[2021-05-10 15:56:41 #2 store] 
Database '/home/estrapro/git/BetAndRuin_repos/BetAndRuin 21/bets.temp' is opened by 6503@estrapro-pc

[2021-05-10 15:56:41 #3 store] 
Configuration path: ?

[2021-05-10 15:56:41 #4 type] 
Type domain.User is not enhanced.

[2021-05-10 15:56:41 #5 type] 
Type domain.Wallet is not enhanced.

[2021-05-10 15:56:41 #6 type] 
Type domain.Bet is not enhanced.

[2021-05-10 15:56:42 #7 type] 
Type domain.Event is not enhanced.

[2021-05-10 15:56:42 #8 type] 
Type domain.Answer is not enhanced.

[2021-05-10 15:56:42 #9 type] 
Type domain.Question is not enhanced.

