------------------------------------------------------------------------------------------------------------------------

[2021-05-11 11:27:18 #1 store] 
Database 'C:\Users\user\git\BetAndRuin_repos\BetAndRuin 21\bets.temp' is opened by 7896@LASTO-P

[2021-05-11 11:27:18 #2 store] 
Configuration path: ?

[2021-05-11 11:27:19 #3 type] 
Type domain.Answer is not enhanced.

[2021-05-11 11:27:19 #4 type] 
Type domain.Question is not enhanced.

[2021-05-11 11:27:19 #5 type] 
Type domain.Event is not enhanced.

[2021-05-11 11:27:19 #6 type] 
Type domain.User is not enhanced.

[2021-05-11 11:27:19 #7 type] 
Type domain.Wallet is not enhanced.

[2021-05-11 11:27:19 #8 type] 
Type domain.Bet is not enhanced.

------------------------------------------------------------------------------------------------------------------------

[2021-05-11 11:32:18 #1 store] 
Database 'C:\Users\user\git\BetAndRuin_repos\BetAndRuin 21\bets.temp' is opened by 14744@LASTO-P

[2021-05-11 11:32:18 #2 store] 
Configuration path: ?

[2021-05-11 11:32:18 #3 type] 
Type domain.Answer is not enhanced.

[2021-05-11 11:32:18 #4 type] 
Type domain.Question is not enhanced.

[2021-05-11 11:32:18 #5 type] 
Type domain.Event is not enhanced.

[2021-05-11 11:32:18 #6 type] 
Type domain.User is not enhanced.

[2021-05-11 11:32:18 #7 type] 
Type domain.Wallet is not enhanced.

[2021-05-11 11:32:18 #8 type] 
Type domain.Bet is not enhanced.

------------------------------------------------------------------------------------------------------------------------

[2021-05-11 11:41:43 #1 store] 
Database 'C:\Users\user\git\BetAndRuin_repos\BetAndRuin 21\bets.temp' is opened by 14048@LASTO-P

[2021-05-11 11:41:43 #2 store] 
Configuration path: ?

[2021-05-11 11:41:43 #3 type] 
Type domain.Event is not enhanced.

[2021-05-11 11:41:43 #4 type] 
Type domain.Question is not enhanced.

[2021-05-11 11:41:43 #5 type] 
Type domain.Answer is not enhanced.

[2021-05-11 11:41:43 #6 type] 
Type domain.User is not enhanced.

[2021-05-11 11:41:43 #7 type] 
Type domain.Wallet is not enhanced.

[2021-05-11 11:41:43 #8 type] 
Type domain.Bet is not enhanced.

------------------------------------------------------------------------------------------------------------------------

[2021-05-11 11:49:34 #1 store] 
Database 'C:\Users\user\git\BetAndRuin_repos\BetAndRuin 21\bets.temp' is opened by 12160@LASTO-P

[2021-05-11 11:49:34 #2 store] 
Configuration path: ?

[2021-05-11 11:49:34 #3 type] 
Type domain.Event is not enhanced.

[2021-05-11 11:49:34 #4 type] 
Type domain.Question is not enhanced.

[2021-05-11 11:49:34 #5 type] 
Type domain.Answer is not enhanced.

[2021-05-11 11:49:34 #6 type] 
Type domain.User is not enhanced.

[2021-05-11 11:49:34 #7 type] 
Type domain.Wallet is not enhanced.

[2021-05-11 11:49:34 #8 type] 
Type domain.Bet is not enhanced.

------------------------------------------------------------------------------------------------------------------------

[2021-05-11 11:50:27 #1 store] 
Database 'C:\Users\user\git\BetAndRuin_repos\BetAndRuin 21\bets.temp' is opened by 5304@LASTO-P

[2021-05-11 11:50:27 #2 store] 
Configuration path: ?

[2021-05-11 11:50:27 #3 type] 
Type domain.Event is not enhanced.

[2021-05-11 11:50:27 #4 type] 
Type domain.Question is not enhanced.

[2021-05-11 11:50:27 #5 type] 
Type domain.Answer is not enhanced.

[2021-05-11 11:50:27 #6 type] 
Type domain.User is not enhanced.

[2021-05-11 11:50:27 #7 type] 
Type domain.Wallet is not enhanced.

[2021-05-11 11:50:27 #8 type] 
Type domain.Bet is not enhanced.

------------------------------------------------------------------------------------------------------------------------

[2021-05-11 11:51:26 #1 store] 
Database 'C:\Users\user\git\BetAndRuin_repos\BetAndRuin 21\bets.temp' is opened by 19748@LASTO-P

[2021-05-11 11:51:26 #2 store] 
Configuration path: ?

[2021-05-11 11:51:26 #3 type] 
Type domain.Event is not enhanced.

[2021-05-11 11:51:26 #4 type] 
Type domain.Question is not enhanced.

[2021-05-11 11:51:26 #5 type] 
Type domain.Answer is not enhanced.

[2021-05-11 11:51:26 #6 type] 
Type domain.User is not enhanced.

[2021-05-11 11:51:26 #7 type] 
Type domain.Wallet is not enhanced.

[2021-05-11 11:51:26 #8 type] 
Type domain.Bet is not enhanced.

------------------------------------------------------------------------------------------------------------------------

[2021-05-11 11:52:08 #1 store] 
Database 'C:\Users\user\git\BetAndRuin_repos\BetAndRuin 21\bets.temp' is opened by 8720@LASTO-P

[2021-05-11 11:52:08 #2 store] 
Configuration path: ?

[2021-05-11 11:52:08 #3 type] 
Type domain.Event is not enhanced.

[2021-05-11 11:52:08 #4 type] 
Type domain.Question is not enhanced.

[2021-05-11 11:52:08 #5 type] 
Type domain.Answer is not enhanced.

[2021-05-11 11:52:08 #6 type] 
Type domain.User is not enhanced.

[2021-05-11 11:52:08 #7 type] 
Type domain.Wallet is not enhanced.

[2021-05-11 11:52:08 #8 type] 
Type domain.Bet is not enhanced.

------------------------------------------------------------------------------------------------------------------------

[2021-05-11 12:04:14 #1 store] 
Database 'C:\Users\user\git\BetAndRuin_repos\BetAndRuin 21\bets.temp' is opened by 17568@LASTO-P

[2021-05-11 12:04:14 #2 store] 
Configuration path: ?

[2021-05-11 12:04:14 #3 type] 
Type domain.Event is not enhanced.

[2021-05-11 12:04:14 #4 type] 
Type domain.Question is not enhanced.

[2021-05-11 12:04:14 #5 type] 
Type domain.Answer is not enhanced.

[2021-05-11 12:04:14 #6 type] 
Type domain.User is not enhanced.

[2021-05-11 12:04:14 #7 type] 
Type domain.Wallet is not enhanced.

[2021-05-11 12:04:14 #8 type] 
Type domain.Bet is not enhanced.

------------------------------------------------------------------------------------------------------------------------

[2021-05-11 12:12:35 #1 store] 
Database 'C:\Users\user\git\BetAndRuin_repos\BetAndRuin 21\bets.temp' has been recovered (tr. 9-12)

[2021-05-11 12:12:36 #2 store] 
Database 'C:\Users\user\git\BetAndRuin_repos\BetAndRuin 21\bets.temp' is opened by 744@LASTO-P

[2021-05-11 12:12:36 #3 store] 
Configuration path: ?

[2021-05-11 12:12:36 #4 type] 
Type domain.Event is not enhanced.

[2021-05-11 12:12:36 #5 type] 
Type domain.Question is not enhanced.

[2021-05-11 12:12:36 #6 type] 
Type domain.Answer is not enhanced.

[2021-05-11 12:12:36 #7 type] 
Type domain.User is not enhanced.

[2021-05-11 12:12:36 #8 type] 
Type domain.Wallet is not enhanced.

[2021-05-11 12:12:36 #9 type] 
Type domain.Bet is not enhanced.

------------------------------------------------------------------------------------------------------------------------

[2021-05-11 12:15:50 #1 store] 
Database 'C:\Users\user\git\BetAndRuin_repos\BetAndRuin 21\bets.temp' has been recovered (tr. 13-14)

[2021-05-11 12:15:50 #2 store] 
Database 'C:\Users\user\git\BetAndRuin_repos\BetAndRuin 21\bets.temp' is opened by 19780@LASTO-P

[2021-05-11 12:15:50 #3 store] 
Configuration path: ?

[2021-05-11 12:15:50 #4 type] 
Type domain.Event is not enhanced.

[2021-05-11 12:15:50 #5 type] 
Type domain.Question is not enhanced.

[2021-05-11 12:15:50 #6 type] 
Type domain.Answer is not enhanced.

[2021-05-11 12:15:50 #7 type] 
Type domain.User is not enhanced.

[2021-05-11 12:15:50 #8 type] 
Type domain.Wallet is not enhanced.

[2021-05-11 12:15:50 #9 type] 
Type domain.Bet is not enhanced.

------------------------------------------------------------------------------------------------------------------------

[2021-05-11 12:20:41 #1 store] 
Database 'C:\Users\user\git\BetAndRuin_repos\BetAndRuin 21\bets.temp' has been recovered (tr. 15-16)

[2021-05-11 12:20:41 #2 store] 
Database 'C:\Users\user\git\BetAndRuin_repos\BetAndRuin 21\bets.temp' is opened by 12220@LASTO-P

[2021-05-11 12:20:41 #3 store] 
Configuration path: ?

[2021-05-11 12:20:41 #4 type] 
Type domain.Event is not enhanced.

[2021-05-11 12:20:41 #5 type] 
Type domain.Question is not enhanced.

[2021-05-11 12:20:41 #6 type] 
Type domain.Answer is not enhanced.

[2021-05-11 12:20:41 #7 type] 
Type domain.User is not enhanced.

[2021-05-11 12:20:41 #8 type] 
Type domain.Wallet is not enhanced.

[2021-05-11 12:20:41 #9 type] 
Type domain.Bet is not enhanced.

------------------------------------------------------------------------------------------------------------------------

[2021-05-11 12:56:45 #1 store] 
Database 'C:\Users\user\git\BetAndRuin_repos\BetAndRuin 21\bets.temp' has been recovered (tr. 17-18)

[2021-05-11 12:56:45 #2 store] 
Database 'C:\Users\user\git\BetAndRuin_repos\BetAndRuin 21\bets.temp' is opened by 3364@LASTO-P

[2021-05-11 12:56:45 #3 store] 
Configuration path: ?

[2021-05-11 12:56:45 #4 type] 
Type domain.Event is not enhanced.

[2021-05-11 12:56:45 #5 type] 
Type domain.Question is not enhanced.

[2021-05-11 12:56:45 #6 type] 
Type domain.Answer is not enhanced.

[2021-05-11 12:56:45 #7 type] 
Type domain.User is not enhanced.

[2021-05-11 12:56:45 #8 type] 
Type domain.Wallet is not enhanced.

[2021-05-11 12:56:45 #9 type] 
Type domain.Bet is not enhanced.

------------------------------------------------------------------------------------------------------------------------

[2021-05-11 13:11:54 #1 store] 
Database 'C:\Users\user\git\BetAndRuin_repos\BetAndRuin 21\bets.temp' is opened by 3292@LASTO-P

[2021-05-11 13:11:54 #2 store] 
Configuration path: ?

[2021-05-11 13:11:54 #3 type] 
Type domain.Event is not enhanced.

[2021-05-11 13:11:54 #4 type] 
Type domain.Question is not enhanced.

[2021-05-11 13:11:54 #5 type] 
Type domain.Answer is not enhanced.

[2021-05-11 13:11:54 #6 type] 
Type domain.User is not enhanced.

[2021-05-11 13:11:54 #7 type] 
Type domain.Wallet is not enhanced.

[2021-05-11 13:11:54 #8 type] 
Type domain.Bet is not enhanced.

------------------------------------------------------------------------------------------------------------------------

[2021-05-11 13:14:12 #1 store] 
Database 'C:\Users\user\git\BetAndRuin_repos\BetAndRuin 21\bets.temp' has been recovered (tr. 24-26)

[2021-05-11 13:14:12 #2 store] 
Database 'C:\Users\user\git\BetAndRuin_repos\BetAndRuin 21\bets.temp' is opened by 6472@LASTO-P

[2021-05-11 13:14:12 #3 store] 
Configuration path: ?

[2021-05-11 13:14:12 #4 type] 
Type domain.Event is not enhanced.

[2021-05-11 13:14:12 #5 type] 
Type domain.Question is not enhanced.

[2021-05-11 13:14:12 #6 type] 
Type domain.Answer is not enhanced.

[2021-05-11 13:14:12 #7 type] 
Type domain.User is not enhanced.

[2021-05-11 13:14:12 #8 type] 
Type domain.Wallet is not enhanced.

[2021-05-11 13:14:12 #9 type] 
Type domain.Bet is not enhanced.

------------------------------------------------------------------------------------------------------------------------

[2021-05-11 13:16:45 #1 store] 
Database 'C:\Users\user\git\BetAndRuin_repos\BetAndRuin 21\bets.temp' has been recovered (tr. 27-27)

[2021-05-11 13:16:46 #2 store] 
Database 'C:\Users\user\git\BetAndRuin_repos\BetAndRuin 21\bets.temp' is opened by 2172@LASTO-P

[2021-05-11 13:16:46 #3 store] 
Configuration path: ?

[2021-05-11 13:16:46 #4 type] 
Type domain.Event is not enhanced.

[2021-05-11 13:16:46 #5 type] 
Type domain.Question is not enhanced.

[2021-05-11 13:16:46 #6 type] 
Type domain.Answer is not enhanced.

[2021-05-11 13:16:46 #7 type] 
Type domain.User is not enhanced.

[2021-05-11 13:16:46 #8 type] 
Type domain.Wallet is not enhanced.

[2021-05-11 13:16:46 #9 type] 
Type domain.Bet is not enhanced.

------------------------------------------------------------------------------------------------------------------------

[2021-05-11 13:18:11 #1 store] 
Database 'C:\Users\user\git\BetAndRuin_repos\BetAndRuin 21\bets.temp' has been recovered (tr. 28-32)

[2021-05-11 13:18:11 #2 store] 
Database 'C:\Users\user\git\BetAndRuin_repos\BetAndRuin 21\bets.temp' is opened by 21116@LASTO-P

[2021-05-11 13:18:11 #3 store] 
Configuration path: ?

[2021-05-11 13:18:11 #4 type] 
Type domain.Event is not enhanced.

[2021-05-11 13:18:11 #5 type] 
Type domain.Question is not enhanced.

[2021-05-11 13:18:11 #6 type] 
Type domain.Answer is not enhanced.

[2021-05-11 13:18:11 #7 type] 
Type domain.User is not enhanced.

[2021-05-11 13:18:11 #8 type] 
Type domain.Wallet is not enhanced.

[2021-05-11 13:18:11 #9 type] 
Type domain.Bet is not enhanced.

------------------------------------------------------------------------------------------------------------------------

[2021-05-11 13:26:08 #1 store] 
Database 'C:\Users\user\git\BetAndRuin_repos\BetAndRuin 21\bets.temp' is opened by 13500@LASTO-P

[2021-05-11 13:26:08 #2 store] 
Configuration path: ?

[2021-05-11 13:26:09 #3 type] 
Type domain.Event is not enhanced.

[2021-05-11 13:26:09 #4 type] 
Type domain.Question is not enhanced.

[2021-05-11 13:26:09 #5 type] 
Type domain.Answer is not enhanced.

[2021-05-11 13:26:09 #6 type] 
Type domain.User is not enhanced.

[2021-05-11 13:26:09 #7 type] 
Type domain.Wallet is not enhanced.

[2021-05-11 13:26:09 #8 type] 
Type domain.Bet is not enhanced.

------------------------------------------------------------------------------------------------------------------------

[2021-05-11 13:28:51 #1 store] 
Database 'C:\Users\user\git\BetAndRuin_repos\BetAndRuin 21\bets.temp' is opened by 19040@LASTO-P

[2021-05-11 13:28:51 #2 store] 
Configuration path: ?

[2021-05-11 13:28:51 #3 type] 
Type domain.Event is not enhanced.

[2021-05-11 13:28:51 #4 type] 
Type domain.Question is not enhanced.

[2021-05-11 13:28:51 #5 type] 
Type domain.Answer is not enhanced.

[2021-05-11 13:28:51 #6 type] 
Type domain.User is not enhanced.

[2021-05-11 13:28:51 #7 type] 
Type domain.Wallet is not enhanced.

[2021-05-11 13:28:51 #8 type] 
Type domain.Bet is not enhanced.

------------------------------------------------------------------------------------------------------------------------

[2021-05-11 13:29:48 #1 store] 
Database 'C:\Users\user\git\BetAndRuin_repos\BetAndRuin 21\bets.temp' is opened by 12220@LASTO-P

[2021-05-11 13:29:48 #2 store] 
Configuration path: ?

[2021-05-11 13:29:49 #3 type] 
Type domain.Event is not enhanced.

[2021-05-11 13:29:49 #4 type] 
Type domain.Question is not enhanced.

[2021-05-11 13:29:49 #5 type] 
Type domain.Answer is not enhanced.

[2021-05-11 13:29:49 #6 type] 
Type domain.User is not enhanced.

[2021-05-11 13:29:49 #7 type] 
Type domain.Wallet is not enhanced.

[2021-05-11 13:29:49 #8 type] 
Type domain.Bet is not enhanced.

