------------------------------------------------------------------------------------------------------------------------

[2021-04-11 16:28:42 #1 store] 
Database 'C:\Users\user\git\BetAndRuin_repos\BetAndRuin 21\bets.temp' is opened by 4320@LASTO-P

[2021-04-11 16:28:42 #2 store] 
Configuration path: ?

[2021-04-11 16:28:43 #3 type] 
Type domain.User is not enhanced.

[2021-04-11 16:28:43 #4 type] 
Type domain.Question is not enhanced.

[2021-04-11 16:28:43 #5 type] 
Type domain.Event is not enhanced.

------------------------------------------------------------------------------------------------------------------------

[2021-04-11 16:30:33 #1 store] 
Database 'C:\Users\user\git\BetAndRuin_repos\BetAndRuin 21\bets.temp' is opened by 5552@LASTO-P

[2021-04-11 16:30:33 #2 store] 
Configuration path: ?

[2021-04-11 16:30:33 #3 type] 
Type domain.User is not enhanced.

[2021-04-11 16:30:33 #4 type] 
Type domain.Question is not enhanced.

[2021-04-11 16:30:33 #5 type] 
Type domain.Event is not enhanced.

------------------------------------------------------------------------------------------------------------------------

[2021-04-11 16:35:54 #1 store] 
Database 'C:\Users\user\git\BetAndRuin_repos\BetAndRuin 21\bets.temp' is opened by 17980@LASTO-P

[2021-04-11 16:35:54 #2 store] 
Configuration path: ?

[2021-04-11 16:35:54 #3 type] 
Type domain.User is not enhanced.

[2021-04-11 16:35:54 #4 type] 
Type domain.Question is not enhanced.

[2021-04-11 16:35:54 #5 type] 
Type domain.Event is not enhanced.

