------------------------------------------------------------------------------------------------------------------------

[2021-05-13 00:08:27 #1 store] 
Database 'C:\Users\user\git\BetAndRuin_repos\BetAndRuin 21\bets.temp' is opened by 13004@LASTO-P

[2021-05-13 00:08:27 #2 store] 
Configuration path: ?

[2021-05-13 00:08:27 #3 type] 
Type domain.Event is not enhanced.

[2021-05-13 00:08:27 #4 type] 
Type domain.Question is not enhanced.

[2021-05-13 00:08:27 #5 type] 
Type domain.Answer is not enhanced.

[2021-05-13 00:08:27 #6 type] 
Type domain.User is not enhanced.

[2021-05-13 00:08:27 #7 type] 
Type domain.Wallet is not enhanced.

[2021-05-13 00:08:27 #8 type] 
Type domain.Bet is not enhanced.

------------------------------------------------------------------------------------------------------------------------

[2021-05-13 00:39:25 #1 store] 
Database 'C:\Users\user\git\BetAndRuin_repos\BetAndRuin 21\bets.temp' has been recovered (tr. 48-49)

[2021-05-13 00:39:25 #2 store] 
Database 'C:\Users\user\git\BetAndRuin_repos\BetAndRuin 21\bets.temp' is opened by 15744@LASTO-P

[2021-05-13 00:39:25 #3 store] 
Configuration path: ?

[2021-05-13 00:39:25 #4 type] 
Type domain.Event is not enhanced.

[2021-05-13 00:39:25 #5 type] 
Type domain.Question is not enhanced.

[2021-05-13 00:39:25 #6 type] 
Type domain.Answer is not enhanced.

[2021-05-13 00:39:25 #7 type] 
Type domain.User is not enhanced.

[2021-05-13 00:39:25 #8 type] 
Type domain.Wallet is not enhanced.

[2021-05-13 00:39:25 #9 type] 
Type domain.Bet is not enhanced.

------------------------------------------------------------------------------------------------------------------------

[2021-05-13 00:40:56 #1 store] 
Database 'C:\Users\user\git\BetAndRuin_repos\BetAndRuin 21\bets.temp' has been recovered (tr. 50-51)

[2021-05-13 00:40:56 #2 store] 
Database 'C:\Users\user\git\BetAndRuin_repos\BetAndRuin 21\bets.temp' is opened by 20032@LASTO-P

[2021-05-13 00:40:56 #3 store] 
Configuration path: ?

[2021-05-13 00:40:56 #4 type] 
Type domain.Event is not enhanced.

[2021-05-13 00:40:56 #5 type] 
Type domain.Question is not enhanced.

[2021-05-13 00:40:56 #6 type] 
Type domain.Answer is not enhanced.

[2021-05-13 00:40:56 #7 type] 
Type domain.User is not enhanced.

[2021-05-13 00:40:56 #8 type] 
Type domain.Wallet is not enhanced.

[2021-05-13 00:40:56 #9 type] 
Type domain.Bet is not enhanced.

------------------------------------------------------------------------------------------------------------------------

[2021-05-13 00:42:39 #1 store] 
Database 'C:\Users\user\git\BetAndRuin_repos\BetAndRuin 21\bets.temp' has been recovered (tr. 52-52)

[2021-05-13 00:42:39 #2 store] 
Database 'C:\Users\user\git\BetAndRuin_repos\BetAndRuin 21\bets.temp' is opened by 2660@LASTO-P

[2021-05-13 00:42:39 #3 store] 
Configuration path: ?

[2021-05-13 00:42:39 #4 type] 
Type domain.Event is not enhanced.

[2021-05-13 00:42:39 #5 type] 
Type domain.Question is not enhanced.

[2021-05-13 00:42:39 #6 type] 
Type domain.Answer is not enhanced.

[2021-05-13 00:42:39 #7 type] 
Type domain.User is not enhanced.

[2021-05-13 00:42:39 #8 type] 
Type domain.Wallet is not enhanced.

[2021-05-13 00:42:39 #9 type] 
Type domain.Bet is not enhanced.

------------------------------------------------------------------------------------------------------------------------

[2021-05-13 00:44:11 #1 store] 
Database 'C:\Users\user\git\BetAndRuin_repos\BetAndRuin 21\bets.temp' has been recovered (tr. 53-56)

[2021-05-13 00:44:11 #2 store] 
Database 'C:\Users\user\git\BetAndRuin_repos\BetAndRuin 21\bets.temp' is opened by 11924@LASTO-P

[2021-05-13 00:44:11 #3 store] 
Configuration path: ?

[2021-05-13 00:44:11 #4 type] 
Type domain.Event is not enhanced.

[2021-05-13 00:44:11 #5 type] 
Type domain.Question is not enhanced.

[2021-05-13 00:44:11 #6 type] 
Type domain.Answer is not enhanced.

[2021-05-13 00:44:11 #7 type] 
Type domain.User is not enhanced.

[2021-05-13 00:44:11 #8 type] 
Type domain.Wallet is not enhanced.

[2021-05-13 00:44:11 #9 type] 
Type domain.Bet is not enhanced.

------------------------------------------------------------------------------------------------------------------------

[2021-05-13 00:45:39 #1 store] 
Database 'C:\Users\user\git\BetAndRuin_repos\BetAndRuin 21\bets.temp' has been recovered (tr. 57-58)

[2021-05-13 00:45:39 #2 store] 
Database 'C:\Users\user\git\BetAndRuin_repos\BetAndRuin 21\bets.temp' is opened by 19548@LASTO-P

[2021-05-13 00:45:39 #3 store] 
Configuration path: ?

[2021-05-13 00:45:39 #4 type] 
Type domain.Event is not enhanced.

[2021-05-13 00:45:39 #5 type] 
Type domain.Question is not enhanced.

[2021-05-13 00:45:39 #6 type] 
Type domain.Answer is not enhanced.

[2021-05-13 00:45:39 #7 type] 
Type domain.User is not enhanced.

[2021-05-13 00:45:39 #8 type] 
Type domain.Wallet is not enhanced.

[2021-05-13 00:45:39 #9 type] 
Type domain.Bet is not enhanced.

------------------------------------------------------------------------------------------------------------------------

[2021-05-13 00:51:58 #1 store] 
Database 'C:\Users\user\git\BetAndRuin_repos\BetAndRuin 21\bets.temp' has been recovered (tr. 59-60)

[2021-05-13 00:51:58 #2 store] 
Database 'C:\Users\user\git\BetAndRuin_repos\BetAndRuin 21\bets.temp' is opened by 11388@LASTO-P

[2021-05-13 00:51:58 #3 store] 
Configuration path: ?

[2021-05-13 00:51:58 #4 type] 
Type domain.Event is not enhanced.

[2021-05-13 00:51:58 #5 type] 
Type domain.Question is not enhanced.

[2021-05-13 00:51:58 #6 type] 
Type domain.Answer is not enhanced.

[2021-05-13 00:51:58 #7 type] 
Type domain.User is not enhanced.

[2021-05-13 00:51:58 #8 type] 
Type domain.Wallet is not enhanced.

[2021-05-13 00:51:58 #9 type] 
Type domain.Bet is not enhanced.

------------------------------------------------------------------------------------------------------------------------

[2021-05-13 02:11:10 #1 store] 
Database 'C:\Users\user\git\BetAndRuin_repos\BetAndRuin 21\bets.temp' has been recovered (tr. 61-62)

[2021-05-13 02:11:11 #2 store] 
Database 'C:\Users\user\git\BetAndRuin_repos\BetAndRuin 21\bets.temp' is opened by 20344@LASTO-P

[2021-05-13 02:11:11 #3 store] 
Configuration path: ?

[2021-05-13 02:11:11 #4 type] 
Type domain.Event is not enhanced.

[2021-05-13 02:11:11 #5 type] 
Type domain.Question is not enhanced.

[2021-05-13 02:11:11 #6 type] 
Type domain.Answer is not enhanced.

[2021-05-13 02:11:11 #7 type] 
Type domain.User is not enhanced.

[2021-05-13 02:11:11 #8 type] 
Type domain.Wallet is not enhanced.

[2021-05-13 02:11:11 #9 type] 
Type domain.Bet is not enhanced.

------------------------------------------------------------------------------------------------------------------------

[2021-05-13 02:12:25 #1 store] 
Database 'C:\Users\user\git\BetAndRuin_repos\BetAndRuin 21\bets.temp' is opened by 7724@LASTO-P

[2021-05-13 02:12:25 #2 store] 
Configuration path: ?

[2021-05-13 02:12:26 #3 type] 
Type domain.Event is not enhanced.

[2021-05-13 02:12:26 #4 type] 
Type domain.Question is not enhanced.

[2021-05-13 02:12:26 #5 type] 
Type domain.Answer is not enhanced.

[2021-05-13 02:12:26 #6 type] 
Type domain.User is not enhanced.

[2021-05-13 02:12:26 #7 type] 
Type domain.Wallet is not enhanced.

[2021-05-13 02:12:26 #8 type] 
Type domain.Bet is not enhanced.

------------------------------------------------------------------------------------------------------------------------

[2021-05-13 02:12:44 #1 store] 
Database 'C:\Users\user\git\BetAndRuin_repos\BetAndRuin 21\bets.temp' has been recovered (tr. 1-8)

[2021-05-13 02:12:44 #2 store] 
Database 'C:\Users\user\git\BetAndRuin_repos\BetAndRuin 21\bets.temp' is opened by 3184@LASTO-P

[2021-05-13 02:12:44 #3 store] 
Configuration path: ?

[2021-05-13 02:12:45 #4 type] 
Type domain.Event is not enhanced.

[2021-05-13 02:12:45 #5 type] 
Type domain.Question is not enhanced.

[2021-05-13 02:12:45 #6 type] 
Type domain.Answer is not enhanced.

[2021-05-13 02:12:45 #7 type] 
Type domain.User is not enhanced.

[2021-05-13 02:12:45 #8 type] 
Type domain.Wallet is not enhanced.

[2021-05-13 02:12:45 #9 type] 
Type domain.Bet is not enhanced.

