------------------------------------------------------------------------------------------------------------------------

[2021-04-17 17:04:38 #1 store] 
Database 'C:\Users\user\git\BetAndRuin_repos\BetAndRuin 21\bets.temp' is opened by 5528@LASTO-P

[2021-04-17 17:04:38 #2 store] 
Configuration path: ?

[2021-04-17 17:04:39 #3 type] 
Type domain.User is not enhanced.

[2021-04-17 17:04:39 #4 type] 
Type domain.Wallet is not enhanced.

[2021-04-17 17:04:39 #5 type] 
Type domain.Bet is not enhanced.

[2021-04-17 17:04:39 #6 type] 
Type domain.Event is not enhanced.

[2021-04-17 17:04:39 #7 type] 
Type domain.Answer is not enhanced.

[2021-04-17 17:04:39 #8 type] 
Type domain.Question is not enhanced.

------------------------------------------------------------------------------------------------------------------------

[2021-04-17 17:05:13 #1 store] 
Database 'C:\Users\user\git\BetAndRuin_repos\BetAndRuin 21\bets.temp' is opened by 11472@LASTO-P

[2021-04-17 17:05:13 #2 store] 
Configuration path: ?

[2021-04-17 17:05:13 #3 type] 
Type domain.User is not enhanced.

[2021-04-17 17:05:13 #4 type] 
Type domain.Wallet is not enhanced.

[2021-04-17 17:05:13 #5 type] 
Type domain.Bet is not enhanced.

[2021-04-17 17:05:13 #6 type] 
Type domain.Event is not enhanced.

[2021-04-17 17:05:13 #7 type] 
Type domain.Answer is not enhanced.

[2021-04-17 17:05:13 #8 type] 
Type domain.Question is not enhanced.

------------------------------------------------------------------------------------------------------------------------

[2021-04-17 17:05:34 #1 store] 
Database 'C:\Users\user\git\BetAndRuin_repos\BetAndRuin 21\bets.temp' has been recovered (tr. 1-6)

[2021-04-17 17:05:34 #2 store] 
Database 'C:\Users\user\git\BetAndRuin_repos\BetAndRuin 21\bets.temp' is opened by 3732@LASTO-P

[2021-04-17 17:05:34 #3 store] 
Configuration path: ?

[2021-04-17 17:05:35 #4 type] 
Type domain.User is not enhanced.

[2021-04-17 17:05:35 #5 type] 
Type domain.Wallet is not enhanced.

[2021-04-17 17:05:35 #6 type] 
Type domain.Bet is not enhanced.

[2021-04-17 17:05:35 #7 type] 
Type domain.Event is not enhanced.

[2021-04-17 17:05:35 #8 type] 
Type domain.Answer is not enhanced.

[2021-04-17 17:05:35 #9 type] 
Type domain.Question is not enhanced.

------------------------------------------------------------------------------------------------------------------------

[2021-04-17 17:11:30 #1 store] 
Database 'C:\Users\user\git\BetAndRuin_repos\BetAndRuin 21\bets.temp' is opened by 17340@LASTO-P

[2021-04-17 17:11:30 #2 store] 
Configuration path: ?

[2021-04-17 17:11:31 #3 type] 
Type domain.User is not enhanced.

[2021-04-17 17:11:31 #4 type] 
Type domain.Wallet is not enhanced.

[2021-04-17 17:11:31 #5 type] 
Type domain.Bet is not enhanced.

[2021-04-17 17:11:31 #6 type] 
Type domain.Event is not enhanced.

[2021-04-17 17:11:31 #7 type] 
Type domain.Answer is not enhanced.

[2021-04-17 17:11:31 #8 type] 
Type domain.Question is not enhanced.

------------------------------------------------------------------------------------------------------------------------

[2021-04-17 17:16:46 #1 store] 
Database 'C:\Users\user\git\BetAndRuin_repos\BetAndRuin 21\bets.temp' has been recovered (tr. 9-10)

[2021-04-17 17:16:46 #2 store] 
Database 'C:\Users\user\git\BetAndRuin_repos\BetAndRuin 21\bets.temp' is opened by 1900@LASTO-P

[2021-04-17 17:16:46 #3 store] 
Configuration path: ?

------------------------------------------------------------------------------------------------------------------------

[2021-04-17 17:18:36 #1 store] 
Database 'C:\Users\user\git\BetAndRuin_repos\BetAndRuin 21\bets.temp' is opened by 6160@LASTO-P

[2021-04-17 17:18:36 #2 store] 
Configuration path: ?

------------------------------------------------------------------------------------------------------------------------

[2021-04-17 17:20:39 #1 store] 
Database 'C:\Users\user\git\BetAndRuin_repos\BetAndRuin 21\bets.temp' has been recovered (tr. 1-2)

[2021-04-17 17:20:39 #2 store] 
Database 'C:\Users\user\git\BetAndRuin_repos\BetAndRuin 21\bets.temp' is opened by 16700@LASTO-P

[2021-04-17 17:20:39 #3 store] 
Configuration path: ?

[2021-04-17 17:20:39 #4 type] 
Type domain.User is not enhanced.

[2021-04-17 17:20:39 #5 type] 
Type domain.Wallet is not enhanced.

[2021-04-17 17:20:39 #6 type] 
Type domain.Bet is not enhanced.

[2021-04-17 17:20:39 #7 type] 
Type domain.Event is not enhanced.

[2021-04-17 17:20:39 #8 type] 
Type domain.Answer is not enhanced.

[2021-04-17 17:20:39 #9 type] 
Type domain.Question is not enhanced.

------------------------------------------------------------------------------------------------------------------------

[2021-04-17 17:20:55 #1 store] 
Database 'C:\Users\user\git\BetAndRuin_repos\BetAndRuin 21\bets.temp' has been recovered (tr. 3-6)

[2021-04-17 17:20:55 #2 store] 
Database 'C:\Users\user\git\BetAndRuin_repos\BetAndRuin 21\bets.temp' is opened by 16972@LASTO-P

[2021-04-17 17:20:55 #3 store] 
Configuration path: ?

[2021-04-17 17:20:55 #4 type] 
Type domain.User is not enhanced.

[2021-04-17 17:20:55 #5 type] 
Type domain.Wallet is not enhanced.

[2021-04-17 17:20:55 #6 type] 
Type domain.Bet is not enhanced.

[2021-04-17 17:20:55 #7 type] 
Type domain.Event is not enhanced.

[2021-04-17 17:20:55 #8 type] 
Type domain.Answer is not enhanced.

[2021-04-17 17:20:55 #9 type] 
Type domain.Question is not enhanced.

------------------------------------------------------------------------------------------------------------------------

[2021-04-17 17:23:41 #1 store] 
Database 'C:\Users\user\git\BetAndRuin_repos\BetAndRuin 21\bets.temp' is opened by 14944@LASTO-P

[2021-04-17 17:23:41 #2 store] 
Configuration path: ?

[2021-04-17 17:23:41 #3 type] 
Type domain.User is not enhanced.

[2021-04-17 17:23:41 #4 type] 
Type domain.Wallet is not enhanced.

[2021-04-17 17:23:41 #5 type] 
Type domain.Bet is not enhanced.

[2021-04-17 17:23:41 #6 type] 
Type domain.Event is not enhanced.

[2021-04-17 17:23:41 #7 type] 
Type domain.Answer is not enhanced.

[2021-04-17 17:23:41 #8 type] 
Type domain.Question is not enhanced.

------------------------------------------------------------------------------------------------------------------------

[2021-04-17 17:25:18 #1 store] 
Database 'C:\Users\user\git\BetAndRuin_repos\BetAndRuin 21\bets.temp' has been recovered (tr. 7-8)

[2021-04-17 17:25:18 #2 store] 
Database 'C:\Users\user\git\BetAndRuin_repos\BetAndRuin 21\bets.temp' is opened by 13852@LASTO-P

[2021-04-17 17:25:18 #3 store] 
Configuration path: ?

[2021-04-17 17:25:18 #4 type] 
Type domain.User is not enhanced.

[2021-04-17 17:25:18 #5 type] 
Type domain.Wallet is not enhanced.

[2021-04-17 17:25:18 #6 type] 
Type domain.Bet is not enhanced.

[2021-04-17 17:25:18 #7 type] 
Type domain.Event is not enhanced.

[2021-04-17 17:25:18 #8 type] 
Type domain.Answer is not enhanced.

[2021-04-17 17:25:18 #9 type] 
Type domain.Question is not enhanced.

------------------------------------------------------------------------------------------------------------------------

[2021-04-17 17:32:02 #1 store] 
Database 'C:\Users\user\git\BetAndRuin_repos\BetAndRuin 21\bets.temp' is opened by 7804@LASTO-P

[2021-04-17 17:32:02 #2 store] 
Configuration path: ?

[2021-04-17 17:32:02 #3 type] 
Type domain.User is not enhanced.

[2021-04-17 17:32:02 #4 type] 
Type domain.Wallet is not enhanced.

[2021-04-17 17:32:02 #5 type] 
Type domain.Bet is not enhanced.

[2021-04-17 17:32:02 #6 type] 
Type domain.Event is not enhanced.

[2021-04-17 17:32:02 #7 type] 
Type domain.Answer is not enhanced.

[2021-04-17 17:32:02 #8 type] 
Type domain.Question is not enhanced.

------------------------------------------------------------------------------------------------------------------------

[2021-04-17 17:32:32 #1 store] 
Database 'C:\Users\user\git\BetAndRuin_repos\BetAndRuin 21\bets.temp' is opened by 7752@LASTO-P

[2021-04-17 17:32:32 #2 store] 
Configuration path: ?

[2021-04-17 17:32:32 #3 type] 
Type domain.User is not enhanced.

[2021-04-17 17:32:32 #4 type] 
Type domain.Wallet is not enhanced.

[2021-04-17 17:32:32 #5 type] 
Type domain.Bet is not enhanced.

[2021-04-17 17:32:32 #6 type] 
Type domain.Event is not enhanced.

[2021-04-17 17:32:32 #7 type] 
Type domain.Answer is not enhanced.

[2021-04-17 17:32:32 #8 type] 
Type domain.Question is not enhanced.

------------------------------------------------------------------------------------------------------------------------

[2021-04-17 17:43:04 #1 store] 
Database 'C:\Users\user\git\BetAndRuin_repos\BetAndRuin 21\bets.temp' has been recovered (tr. 8-9)

[2021-04-17 17:43:04 #2 store] 
Database 'C:\Users\user\git\BetAndRuin_repos\BetAndRuin 21\bets.temp' is opened by 3824@LASTO-P

[2021-04-17 17:43:04 #3 store] 
Configuration path: ?

[2021-04-17 17:43:04 #4 type] 
Type domain.User is not enhanced.

[2021-04-17 17:43:04 #5 type] 
Type domain.Wallet is not enhanced.

[2021-04-17 17:43:04 #6 type] 
Type domain.Bet is not enhanced.

[2021-04-17 17:43:04 #7 type] 
Type domain.Event is not enhanced.

[2021-04-17 17:43:04 #8 type] 
Type domain.Answer is not enhanced.

[2021-04-17 17:43:04 #9 type] 
Type domain.Question is not enhanced.

------------------------------------------------------------------------------------------------------------------------

[2021-04-17 17:52:34 #1 store] 
Database 'C:\Users\user\git\BetAndRuin_repos\BetAndRuin 21\bets.temp' has been recovered (tr. 10-12)

[2021-04-17 17:52:34 #2 store] 
Database 'C:\Users\user\git\BetAndRuin_repos\BetAndRuin 21\bets.temp' is opened by 2456@LASTO-P

[2021-04-17 17:52:34 #3 store] 
Configuration path: ?

[2021-04-17 17:52:34 #4 type] 
Type domain.User is not enhanced.

[2021-04-17 17:52:34 #5 type] 
Type domain.Wallet is not enhanced.

[2021-04-17 17:52:34 #6 type] 
Type domain.Bet is not enhanced.

[2021-04-17 17:52:34 #7 type] 
Type domain.Event is not enhanced.

[2021-04-17 17:52:34 #8 type] 
Type domain.Answer is not enhanced.

[2021-04-17 17:52:34 #9 type] 
Type domain.Question is not enhanced.

------------------------------------------------------------------------------------------------------------------------

[2021-04-17 17:58:19 #1 store] 
Database 'C:\Users\user\git\BetAndRuin_repos\BetAndRuin 21\bets.temp' has been recovered (tr. 13-15)

[2021-04-17 17:58:19 #2 store] 
Database 'C:\Users\user\git\BetAndRuin_repos\BetAndRuin 21\bets.temp' is opened by 11924@LASTO-P

[2021-04-17 17:58:19 #3 store] 
Configuration path: ?

[2021-04-17 17:58:19 #4 type] 
Type domain.User is not enhanced.

[2021-04-17 17:58:19 #5 type] 
Type domain.Wallet is not enhanced.

[2021-04-17 17:58:19 #6 type] 
Type domain.Bet is not enhanced.

[2021-04-17 17:58:19 #7 type] 
Type domain.Event is not enhanced.

[2021-04-17 17:58:19 #8 type] 
Type domain.Answer is not enhanced.

[2021-04-17 17:58:19 #9 type] 
Type domain.Question is not enhanced.

------------------------------------------------------------------------------------------------------------------------

[2021-04-17 18:06:41 #1 store] 
Database 'C:\Users\user\git\BetAndRuin_repos\BetAndRuin 21\bets.temp' is opened by 16296@LASTO-P

[2021-04-17 18:06:41 #2 store] 
Configuration path: ?

[2021-04-17 18:06:41 #3 type] 
Type domain.User is not enhanced.

[2021-04-17 18:06:41 #4 type] 
Type domain.Wallet is not enhanced.

[2021-04-17 18:06:42 #5 type] 
Type domain.Answer is not enhanced.

[2021-04-17 18:06:42 #6 type] 
Type domain.Question is not enhanced.

[2021-04-17 18:06:42 #7 type] 
Type domain.Event is not enhanced.

------------------------------------------------------------------------------------------------------------------------

[2021-04-17 18:06:54 #1 store] 
Database 'C:\Users\user\git\BetAndRuin_repos\BetAndRuin 21\bets.temp' has been recovered (tr. 1-7)

[2021-04-17 18:06:54 #2 store] 
Database 'C:\Users\user\git\BetAndRuin_repos\BetAndRuin 21\bets.temp' is opened by 15192@LASTO-P

[2021-04-17 18:06:54 #3 store] 
Configuration path: ?

[2021-04-17 18:06:54 #4 type] 
Type domain.User is not enhanced.

[2021-04-17 18:06:54 #5 type] 
Type domain.Wallet is not enhanced.

[2021-04-17 18:06:54 #6 type] 
Type domain.Answer is not enhanced.

[2021-04-17 18:06:54 #7 type] 
Type domain.Question is not enhanced.

[2021-04-17 18:06:54 #8 type] 
Type domain.Event is not enhanced.

------------------------------------------------------------------------------------------------------------------------

[2021-04-17 18:07:14 #1 store] 
Database 'C:\Users\user\git\BetAndRuin_repos\BetAndRuin 21\bets.temp' is opened by 2876@LASTO-P

[2021-04-17 18:07:14 #2 store] 
Configuration path: ?

[2021-04-17 18:07:14 #3 type] 
Type domain.User is not enhanced.

[2021-04-17 18:07:14 #4 type] 
Type domain.Wallet is not enhanced.

[2021-04-17 18:07:14 #5 type] 
Type domain.Answer is not enhanced.

[2021-04-17 18:07:14 #6 type] 
Type domain.Question is not enhanced.

[2021-04-17 18:07:14 #7 type] 
Type domain.Event is not enhanced.

------------------------------------------------------------------------------------------------------------------------

[2021-04-17 18:10:34 #1 store] 
Database 'C:\Users\user\git\BetAndRuin_repos\BetAndRuin 21\bets.temp' is opened by 12296@LASTO-P

[2021-04-17 18:10:34 #2 store] 
Configuration path: ?

[2021-04-17 18:10:34 #3 type] 
Type domain.User is not enhanced.

[2021-04-17 18:10:34 #4 type] 
Type domain.Wallet is not enhanced.

[2021-04-17 18:10:34 #5 type] 
Type domain.Bet is not enhanced.

[2021-04-17 18:10:34 #6 type] 
Type domain.Event is not enhanced.

[2021-04-17 18:10:34 #7 type] 
Type domain.Answer is not enhanced.

[2021-04-17 18:10:34 #8 type] 
Type domain.Question is not enhanced.

------------------------------------------------------------------------------------------------------------------------

[2021-04-17 18:14:18 #1 store] 
Database 'C:\Users\user\git\BetAndRuin_repos\BetAndRuin 21\bets.temp' has been recovered (tr. 1-6)

[2021-04-17 18:14:18 #2 store] 
Database 'C:\Users\user\git\BetAndRuin_repos\BetAndRuin 21\bets.temp' is opened by 10520@LASTO-P

[2021-04-17 18:14:18 #3 store] 
Configuration path: ?

[2021-04-17 18:14:18 #4 type] 
Type domain.User is not enhanced.

[2021-04-17 18:14:18 #5 type] 
Type domain.Wallet is not enhanced.

[2021-04-17 18:14:18 #6 type] 
Type domain.Bet is not enhanced.

[2021-04-17 18:14:18 #7 type] 
Type domain.Event is not enhanced.

[2021-04-17 18:14:18 #8 type] 
Type domain.Answer is not enhanced.

[2021-04-17 18:14:18 #9 type] 
Type domain.Question is not enhanced.

------------------------------------------------------------------------------------------------------------------------

[2021-04-17 18:17:17 #1 store] 
Database 'C:\Users\user\git\BetAndRuin_repos\BetAndRuin 21\bets.temp' has been recovered (tr. 7-8)

[2021-04-17 18:17:17 #2 store] 
Database 'C:\Users\user\git\BetAndRuin_repos\BetAndRuin 21\bets.temp' is opened by 8324@LASTO-P

[2021-04-17 18:17:17 #3 store] 
Configuration path: ?

[2021-04-17 18:17:17 #4 type] 
Type domain.User is not enhanced.

[2021-04-17 18:17:17 #5 type] 
Type domain.Wallet is not enhanced.

[2021-04-17 18:17:17 #6 type] 
Type domain.Bet is not enhanced.

[2021-04-17 18:17:17 #7 type] 
Type domain.Event is not enhanced.

[2021-04-17 18:17:17 #8 type] 
Type domain.Answer is not enhanced.

[2021-04-17 18:17:17 #9 type] 
Type domain.Question is not enhanced.

------------------------------------------------------------------------------------------------------------------------

[2021-04-17 18:21:53 #1 store] 
Database 'C:\Users\user\git\BetAndRuin_repos\BetAndRuin 21\bets.temp' has been recovered (tr. 9-14)

[2021-04-17 18:21:53 #2 store] 
Database 'C:\Users\user\git\BetAndRuin_repos\BetAndRuin 21\bets.temp' is opened by 14772@LASTO-P

[2021-04-17 18:21:53 #3 store] 
Configuration path: ?

[2021-04-17 18:21:53 #4 type] 
Type domain.User is not enhanced.

[2021-04-17 18:21:53 #5 type] 
Type domain.Wallet is not enhanced.

[2021-04-17 18:21:53 #6 type] 
Type domain.Bet is not enhanced.

[2021-04-17 18:21:53 #7 type] 
Type domain.Event is not enhanced.

[2021-04-17 18:21:53 #8 type] 
Type domain.Answer is not enhanced.

[2021-04-17 18:21:53 #9 type] 
Type domain.Question is not enhanced.

------------------------------------------------------------------------------------------------------------------------

[2021-04-17 18:31:20 #1 store] 
Database 'C:\Users\user\git\BetAndRuin_repos\BetAndRuin 21\bets.temp' is opened by 1688@LASTO-P

[2021-04-17 18:31:20 #2 store] 
Configuration path: ?

[2021-04-17 18:31:20 #3 type] 
Type domain.User is not enhanced.

[2021-04-17 18:31:20 #4 type] 
Type domain.Wallet is not enhanced.

[2021-04-17 18:31:20 #5 type] 
Type domain.Bet is not enhanced.

[2021-04-17 18:31:20 #6 type] 
Type domain.Event is not enhanced.

[2021-04-17 18:31:20 #7 type] 
Type domain.Answer is not enhanced.

[2021-04-17 18:31:20 #8 type] 
Type domain.Question is not enhanced.

