------------------------------------------------------------------------------------------------------------------------

[2021-03-03 15:22:12 #1 store] 
Database '/home/estrapro/git/BetAndRuin_repos/BetAndRuin 21/bets.temp' is opened by 7530@estrapro-pc

[2021-03-03 15:22:12 #2 store] 
Configuration path: ?

[2021-03-03 15:22:12 #3 type] 
Type domain.Question is not enhanced.

[2021-03-03 15:22:12 #4 type] 
Type domain.Event is not enhanced.

[2021-03-03 15:22:12 #5 type] 
Type domain.User is not enhanced.

------------------------------------------------------------------------------------------------------------------------

[2021-03-03 15:22:28 #1 store] 
Database '/home/estrapro/git/BetAndRuin_repos/BetAndRuin 21/bets.temp' is opened by 7566@estrapro-pc

[2021-03-03 15:22:28 #2 store] 
Configuration path: ?

[2021-03-03 15:22:28 #3 type] 
Type domain.Question is not enhanced.

[2021-03-03 15:22:28 #4 type] 
Type domain.Event is not enhanced.

[2021-03-03 15:22:28 #5 type] 
Type domain.User is not enhanced.

------------------------------------------------------------------------------------------------------------------------

[2021-03-03 15:22:43 #1 store] 
Database '/home/estrapro/git/BetAndRuin_repos/BetAndRuin 21/bets.temp' is opened by 7689@estrapro-pc

[2021-03-03 15:22:43 #2 store] 
Configuration path: ?

[2021-03-03 15:22:43 #3 type] 
Type domain.Question is not enhanced.

[2021-03-03 15:22:43 #4 type] 
Type domain.Event is not enhanced.

[2021-03-03 15:22:43 #5 type] 
Type domain.User is not enhanced.

------------------------------------------------------------------------------------------------------------------------

[2021-03-03 15:27:21 #1 store] 
Database '/home/estrapro/git/BetAndRuin_repos/BetAndRuin 21/bets.temp' is opened by 7843@estrapro-pc

[2021-03-03 15:27:21 #2 store] 
Configuration path: ?

[2021-03-03 15:27:21 #3 type] 
Type domain.Question is not enhanced.

[2021-03-03 15:27:21 #4 type] 
Type domain.Event is not enhanced.

[2021-03-03 15:27:21 #5 type] 
Type domain.User is not enhanced.

------------------------------------------------------------------------------------------------------------------------

[2021-03-03 15:29:03 #1 store] 
Database '/home/estrapro/git/BetAndRuin_repos/BetAndRuin 21/bets.temp' is opened by 7962@estrapro-pc

[2021-03-03 15:29:03 #2 store] 
Configuration path: ?

[2021-03-03 15:29:03 #3 type] 
Type domain.Question is not enhanced.

[2021-03-03 15:29:03 #4 type] 
Type domain.Event is not enhanced.

[2021-03-03 15:29:03 #5 type] 
Type domain.User is not enhanced.

------------------------------------------------------------------------------------------------------------------------

[2021-03-03 15:35:43 #1 store] 
Database '/home/estrapro/git/BetAndRuin_repos/BetAndRuin 21/bets.temp' is opened by 8225@estrapro-pc

[2021-03-03 15:35:43 #2 store] 
Configuration path: ?

[2021-03-03 15:35:43 #3 type] 
Type domain.Question is not enhanced.

[2021-03-03 15:35:43 #4 type] 
Type domain.Event is not enhanced.

[2021-03-03 15:35:43 #5 type] 
Type domain.User is not enhanced.

