------------------------------------------------------------------------------------------------------------------------

[2021-05-14 00:35:53 #1 store] 
Database 'C:\Users\user\git\BetAndRuin_repos\BetAndRuin 21\bets.temp' has been recovered (tr. 28-33)

[2021-05-14 00:35:53 #2 store] 
Database 'C:\Users\user\git\BetAndRuin_repos\BetAndRuin 21\bets.temp' is opened by 12488@LASTO-P

[2021-05-14 00:35:53 #3 store] 
Configuration path: ?

[2021-05-14 00:35:53 #4 type] 
Type domain.Answer is not enhanced.

[2021-05-14 00:35:53 #5 type] 
Type domain.Question is not enhanced.

[2021-05-14 00:35:53 #6 type] 
Type domain.Event is not enhanced.

[2021-05-14 00:35:53 #7 type] 
Type domain.User is not enhanced.

[2021-05-14 00:35:53 #8 type] 
Type domain.Wallet is not enhanced.

[2021-05-14 00:35:53 #9 type] 
Type domain.Bet is not enhanced.

------------------------------------------------------------------------------------------------------------------------

[2021-05-14 00:38:42 #1 store] 
Database 'C:\Users\user\git\BetAndRuin_repos\BetAndRuin 21\bets.temp' has been recovered (tr. 34-34)

[2021-05-14 00:38:42 #2 store] 
Database 'C:\Users\user\git\BetAndRuin_repos\BetAndRuin 21\bets.temp' is opened by 14572@LASTO-P

[2021-05-14 00:38:42 #3 store] 
Configuration path: ?

[2021-05-14 00:38:43 #4 type] 
Type domain.Answer is not enhanced.

[2021-05-14 00:38:43 #5 type] 
Type domain.Question is not enhanced.

[2021-05-14 00:38:43 #6 type] 
Type domain.Event is not enhanced.

[2021-05-14 00:38:43 #7 type] 
Type domain.User is not enhanced.

[2021-05-14 00:38:43 #8 type] 
Type domain.Wallet is not enhanced.

[2021-05-14 00:38:43 #9 type] 
Type domain.Bet is not enhanced.

------------------------------------------------------------------------------------------------------------------------

[2021-05-14 00:40:27 #1 store] 
Database 'C:\Users\user\git\BetAndRuin_repos\BetAndRuin 21\bets.temp' is opened by 17888@LASTO-P

[2021-05-14 00:40:27 #2 store] 
Configuration path: ?

[2021-05-14 00:40:27 #3 type] 
Type domain.Answer is not enhanced.

[2021-05-14 00:40:27 #4 type] 
Type domain.Question is not enhanced.

[2021-05-14 00:40:27 #5 type] 
Type domain.Event is not enhanced.

[2021-05-14 00:40:27 #6 type] 
Type domain.User is not enhanced.

[2021-05-14 00:40:27 #7 type] 
Type domain.Wallet is not enhanced.

[2021-05-14 00:40:27 #8 type] 
Type domain.Bet is not enhanced.

------------------------------------------------------------------------------------------------------------------------

[2021-05-14 00:43:44 #1 store] 
Database 'C:\Users\user\git\BetAndRuin_repos\BetAndRuin 21\bets.temp' is opened by 20680@LASTO-P

[2021-05-14 00:43:44 #2 store] 
Configuration path: ?

[2021-05-14 00:43:44 #3 type] 
Type domain.Answer is not enhanced.

[2021-05-14 00:43:44 #4 type] 
Type domain.Question is not enhanced.

[2021-05-14 00:43:44 #5 type] 
Type domain.Event is not enhanced.

[2021-05-14 00:43:44 #6 type] 
Type domain.User is not enhanced.

[2021-05-14 00:43:44 #7 type] 
Type domain.Wallet is not enhanced.

[2021-05-14 00:43:44 #8 type] 
Type domain.Bet is not enhanced.

------------------------------------------------------------------------------------------------------------------------

[2021-05-14 00:45:16 #1 store] 
Database 'C:\Users\user\git\BetAndRuin_repos\BetAndRuin 21\bets.temp' is opened by 14104@LASTO-P

[2021-05-14 00:45:16 #2 store] 
Configuration path: ?

[2021-05-14 00:45:16 #3 type] 
Type domain.Answer is not enhanced.

[2021-05-14 00:45:16 #4 type] 
Type domain.Question is not enhanced.

[2021-05-14 00:45:16 #5 type] 
Type domain.Event is not enhanced.

[2021-05-14 00:45:16 #6 type] 
Type domain.User is not enhanced.

[2021-05-14 00:45:16 #7 type] 
Type domain.Wallet is not enhanced.

[2021-05-14 00:45:16 #8 type] 
Type domain.Bet is not enhanced.

------------------------------------------------------------------------------------------------------------------------

[2021-05-14 00:47:46 #1 store] 
Database 'C:\Users\user\git\BetAndRuin_repos\BetAndRuin 21\bets.temp' is opened by 14208@LASTO-P

[2021-05-14 00:47:46 #2 store] 
Configuration path: ?

[2021-05-14 00:47:46 #3 type] 
Type domain.Answer is not enhanced.

[2021-05-14 00:47:46 #4 type] 
Type domain.Question is not enhanced.

[2021-05-14 00:47:46 #5 type] 
Type domain.Event is not enhanced.

[2021-05-14 00:47:46 #6 type] 
Type domain.User is not enhanced.

[2021-05-14 00:47:46 #7 type] 
Type domain.Wallet is not enhanced.

[2021-05-14 00:47:46 #8 type] 
Type domain.Bet is not enhanced.

------------------------------------------------------------------------------------------------------------------------

[2021-05-14 00:50:18 #1 store] 
Database 'C:\Users\user\git\BetAndRuin_repos\BetAndRuin 21\bets.temp' is opened by 20872@LASTO-P

[2021-05-14 00:50:18 #2 store] 
Configuration path: ?

[2021-05-14 00:50:18 #3 type] 
Type domain.Answer is not enhanced.

[2021-05-14 00:50:18 #4 type] 
Type domain.Question is not enhanced.

[2021-05-14 00:50:18 #5 type] 
Type domain.Event is not enhanced.

[2021-05-14 00:50:18 #6 type] 
Type domain.User is not enhanced.

[2021-05-14 00:50:18 #7 type] 
Type domain.Wallet is not enhanced.

[2021-05-14 00:50:18 #8 type] 
Type domain.Bet is not enhanced.

------------------------------------------------------------------------------------------------------------------------

[2021-05-14 00:52:19 #1 store] 
Database 'C:\Users\user\git\BetAndRuin_repos\BetAndRuin 21\bets.temp' is opened by 4692@LASTO-P

[2021-05-14 00:52:19 #2 store] 
Configuration path: ?

[2021-05-14 00:52:19 #3 type] 
Type domain.Answer is not enhanced.

[2021-05-14 00:52:19 #4 type] 
Type domain.Question is not enhanced.

[2021-05-14 00:52:19 #5 type] 
Type domain.Event is not enhanced.

[2021-05-14 00:52:19 #6 type] 
Type domain.User is not enhanced.

[2021-05-14 00:52:19 #7 type] 
Type domain.Wallet is not enhanced.

[2021-05-14 00:52:19 #8 type] 
Type domain.Bet is not enhanced.

------------------------------------------------------------------------------------------------------------------------

[2021-05-14 01:04:27 #1 store] 
Database 'C:\Users\user\git\BetAndRuin_repos\BetAndRuin 21\bets.temp' has been recovered (tr. 35-36)

[2021-05-14 01:04:27 #2 store] 
Database 'C:\Users\user\git\BetAndRuin_repos\BetAndRuin 21\bets.temp' is opened by 11376@LASTO-P

[2021-05-14 01:04:27 #3 store] 
Configuration path: ?

[2021-05-14 01:04:27 #4 type] 
Type domain.Answer is not enhanced.

[2021-05-14 01:04:27 #5 type] 
Type domain.Question is not enhanced.

[2021-05-14 01:04:27 #6 type] 
Type domain.Event is not enhanced.

[2021-05-14 01:04:27 #7 type] 
Type domain.User is not enhanced.

[2021-05-14 01:04:27 #8 type] 
Type domain.Wallet is not enhanced.

[2021-05-14 01:04:27 #9 type] 
Type domain.Bet is not enhanced.

------------------------------------------------------------------------------------------------------------------------

[2021-05-14 01:07:29 #1 store] 
Database 'C:\Users\user\git\BetAndRuin_repos\BetAndRuin 21\bets.temp' is opened by 19164@LASTO-P

[2021-05-14 01:07:29 #2 store] 
Configuration path: ?

[2021-05-14 01:07:29 #3 type] 
Type domain.Answer is not enhanced.

[2021-05-14 01:07:29 #4 type] 
Type domain.Question is not enhanced.

[2021-05-14 01:07:29 #5 type] 
Type domain.Event is not enhanced.

[2021-05-14 01:07:29 #6 type] 
Type domain.User is not enhanced.

[2021-05-14 01:07:29 #7 type] 
Type domain.Wallet is not enhanced.

[2021-05-14 01:07:29 #8 type] 
Type domain.Bet is not enhanced.

------------------------------------------------------------------------------------------------------------------------

[2021-05-14 01:07:42 #1 store] 
Database 'C:\Users\user\git\BetAndRuin_repos\BetAndRuin 21\bets.temp' is opened by 3756@LASTO-P

[2021-05-14 01:07:42 #2 store] 
Configuration path: ?

[2021-05-14 01:07:42 #3 type] 
Type domain.Answer is not enhanced.

[2021-05-14 01:07:42 #4 type] 
Type domain.Question is not enhanced.

[2021-05-14 01:07:42 #5 type] 
Type domain.Event is not enhanced.

[2021-05-14 01:07:42 #6 type] 
Type domain.User is not enhanced.

[2021-05-14 01:07:42 #7 type] 
Type domain.Wallet is not enhanced.

[2021-05-14 01:07:42 #8 type] 
Type domain.Bet is not enhanced.

------------------------------------------------------------------------------------------------------------------------

[2021-05-14 01:19:42 #1 store] 
Database 'C:\Users\user\git\BetAndRuin_repos\BetAndRuin 21\bets.temp' is opened by 15576@LASTO-P

[2021-05-14 01:19:42 #2 store] 
Configuration path: ?

[2021-05-14 01:19:42 #3 type] 
Type domain.Answer is not enhanced.

[2021-05-14 01:19:42 #4 type] 
Type domain.Question is not enhanced.

[2021-05-14 01:19:42 #5 type] 
Type domain.Event is not enhanced.

[2021-05-14 01:19:42 #6 type] 
Type domain.User is not enhanced.

[2021-05-14 01:19:42 #7 type] 
Type domain.Wallet is not enhanced.

[2021-05-14 01:19:42 #8 type] 
Type domain.Bet is not enhanced.

------------------------------------------------------------------------------------------------------------------------

[2021-05-14 01:20:20 #1 store] 
Database 'C:\Users\user\git\BetAndRuin_repos\BetAndRuin 21\bets.temp' has been recovered (tr. 1-8)

[2021-05-14 01:20:20 #2 store] 
Database 'C:\Users\user\git\BetAndRuin_repos\BetAndRuin 21\bets.temp' is opened by 17360@LASTO-P

[2021-05-14 01:20:20 #3 store] 
Configuration path: ?

[2021-05-14 01:20:20 #4 type] 
Type domain.Answer is not enhanced.

[2021-05-14 01:20:20 #5 type] 
Type domain.Question is not enhanced.

[2021-05-14 01:20:20 #6 type] 
Type domain.Event is not enhanced.

[2021-05-14 01:20:20 #7 type] 
Type domain.User is not enhanced.

[2021-05-14 01:20:20 #8 type] 
Type domain.Wallet is not enhanced.

[2021-05-14 01:20:20 #9 type] 
Type domain.Bet is not enhanced.

------------------------------------------------------------------------------------------------------------------------

[2021-05-14 01:24:25 #1 store] 
Database 'C:\Users\user\git\BetAndRuin_repos\BetAndRuin 21\bets.temp' has been recovered (tr. 9-20)

[2021-05-14 01:24:25 #2 store] 
Database 'C:\Users\user\git\BetAndRuin_repos\BetAndRuin 21\bets.temp' is opened by 13388@LASTO-P

[2021-05-14 01:24:25 #3 store] 
Configuration path: ?

[2021-05-14 01:24:25 #4 type] 
Type domain.Answer is not enhanced.

[2021-05-14 01:24:25 #5 type] 
Type domain.Question is not enhanced.

[2021-05-14 01:24:25 #6 type] 
Type domain.Event is not enhanced.

[2021-05-14 01:24:25 #7 type] 
Type domain.User is not enhanced.

[2021-05-14 01:24:25 #8 type] 
Type domain.Wallet is not enhanced.

[2021-05-14 01:24:25 #9 type] 
Type domain.Bet is not enhanced.

------------------------------------------------------------------------------------------------------------------------

[2021-05-14 02:18:53 #1 store] 
Database 'C:\Users\user\git\BetAndRuin_repos\BetAndRuin 21\bets.temp' has been recovered (tr. 21-26)

[2021-05-14 02:18:53 #2 store] 
Database 'C:\Users\user\git\BetAndRuin_repos\BetAndRuin 21\bets.temp' is opened by 21036@LASTO-P

[2021-05-14 02:18:53 #3 store] 
Configuration path: ?

[2021-05-14 02:18:54 #4 type] 
Type domain.Answer is not enhanced.

[2021-05-14 02:18:54 #5 type] 
Type domain.Question is not enhanced.

[2021-05-14 02:18:54 #6 type] 
Type domain.Event is not enhanced.

[2021-05-14 02:18:54 #7 type] 
Type domain.User is not enhanced.

[2021-05-14 02:18:54 #8 type] 
Type domain.Wallet is not enhanced.

[2021-05-14 02:18:54 #9 type] 
Type domain.Bet is not enhanced.

------------------------------------------------------------------------------------------------------------------------

[2021-05-14 02:26:09 #1 store] 
Database 'C:\Users\user\git\BetAndRuin_repos\BetAndRuin 21\bets.temp' has been recovered (tr. 27-27)

[2021-05-14 02:26:10 #2 store] 
Database 'C:\Users\user\git\BetAndRuin_repos\BetAndRuin 21\bets.temp' is opened by 20244@LASTO-P

[2021-05-14 02:26:10 #3 store] 
Configuration path: ?

[2021-05-14 02:26:10 #4 type] 
Type domain.Answer is not enhanced.

[2021-05-14 02:26:10 #5 type] 
Type domain.Question is not enhanced.

[2021-05-14 02:26:10 #6 type] 
Type domain.Event is not enhanced.

[2021-05-14 02:26:10 #7 type] 
Type domain.User is not enhanced.

[2021-05-14 02:26:10 #8 type] 
Type domain.Wallet is not enhanced.

[2021-05-14 02:26:10 #9 type] 
Type domain.Bet is not enhanced.

------------------------------------------------------------------------------------------------------------------------

[2021-05-14 02:29:38 #1 store] 
Database 'C:\Users\user\git\BetAndRuin_repos\BetAndRuin 21\bets.temp' has been recovered (tr. 28-33)

[2021-05-14 02:29:38 #2 store] 
Database 'C:\Users\user\git\BetAndRuin_repos\BetAndRuin 21\bets.temp' is opened by 15072@LASTO-P

[2021-05-14 02:29:38 #3 store] 
Configuration path: ?

[2021-05-14 02:29:38 #4 type] 
Type domain.Answer is not enhanced.

[2021-05-14 02:29:38 #5 type] 
Type domain.Question is not enhanced.

[2021-05-14 02:29:38 #6 type] 
Type domain.Event is not enhanced.

[2021-05-14 02:29:38 #7 type] 
Type domain.User is not enhanced.

[2021-05-14 02:29:38 #8 type] 
Type domain.Wallet is not enhanced.

[2021-05-14 02:29:38 #9 type] 
Type domain.Bet is not enhanced.

------------------------------------------------------------------------------------------------------------------------

[2021-05-14 03:11:33 #1 store] 
Database 'C:\Users\user\git\BetAndRuin_repos\BetAndRuin 21\bets.temp' has been recovered (tr. 34-35)

[2021-05-14 03:11:33 #2 store] 
Database 'C:\Users\user\git\BetAndRuin_repos\BetAndRuin 21\bets.temp' is opened by 1628@LASTO-P

[2021-05-14 03:11:33 #3 store] 
Configuration path: ?

[2021-05-14 03:11:34 #4 type] 
Type domain.Answer is not enhanced.

[2021-05-14 03:11:34 #5 type] 
Type domain.Question is not enhanced.

[2021-05-14 03:11:34 #6 type] 
Type domain.Event is not enhanced.

[2021-05-14 03:11:34 #7 type] 
Type domain.User is not enhanced.

[2021-05-14 03:11:34 #8 type] 
Type domain.Wallet is not enhanced.

[2021-05-14 03:11:34 #9 type] 
Type domain.Bet is not enhanced.

------------------------------------------------------------------------------------------------------------------------

[2021-05-14 03:21:55 #1 store] 
Database 'C:\Users\user\git\BetAndRuin_repos\BetAndRuin 21\bets.temp' has been recovered (tr. 36-36)

[2021-05-14 03:21:55 #2 store] 
Database 'C:\Users\user\git\BetAndRuin_repos\BetAndRuin 21\bets.temp' is opened by 13844@LASTO-P

[2021-05-14 03:21:55 #3 store] 
Configuration path: ?

[2021-05-14 03:21:55 #4 type] 
Type domain.Answer is not enhanced.

[2021-05-14 03:21:55 #5 type] 
Type domain.Question is not enhanced.

[2021-05-14 03:21:55 #6 type] 
Type domain.Event is not enhanced.

[2021-05-14 03:21:55 #7 type] 
Type domain.User is not enhanced.

[2021-05-14 03:21:55 #8 type] 
Type domain.Wallet is not enhanced.

[2021-05-14 03:21:55 #9 type] 
Type domain.Bet is not enhanced.

------------------------------------------------------------------------------------------------------------------------

[2021-05-14 03:24:14 #1 store] 
Database 'C:\Users\user\git\BetAndRuin_repos\BetAndRuin 21\bets.temp' has been recovered (tr. 37-38)

[2021-05-14 03:24:14 #2 store] 
Database 'C:\Users\user\git\BetAndRuin_repos\BetAndRuin 21\bets.temp' is opened by 15980@LASTO-P

[2021-05-14 03:24:14 #3 store] 
Configuration path: ?

[2021-05-14 03:24:14 #4 type] 
Type domain.Answer is not enhanced.

[2021-05-14 03:24:14 #5 type] 
Type domain.Question is not enhanced.

[2021-05-14 03:24:14 #6 type] 
Type domain.Event is not enhanced.

[2021-05-14 03:24:14 #7 type] 
Type domain.User is not enhanced.

[2021-05-14 03:24:14 #8 type] 
Type domain.Wallet is not enhanced.

[2021-05-14 03:24:14 #9 type] 
Type domain.Bet is not enhanced.

------------------------------------------------------------------------------------------------------------------------

[2021-05-14 03:24:21 #1 store] 
Database 'C:\Users\user\git\BetAndRuin_repos\BetAndRuin 21\bets.temp' is opened by 2784@LASTO-P

[2021-05-14 03:24:21 #2 store] 
Configuration path: ?

[2021-05-14 03:24:21 #3 type] 
Type domain.Answer is not enhanced.

[2021-05-14 03:24:21 #4 type] 
Type domain.Question is not enhanced.

[2021-05-14 03:24:21 #5 type] 
Type domain.Event is not enhanced.

[2021-05-14 03:24:21 #6 type] 
Type domain.User is not enhanced.

[2021-05-14 03:24:21 #7 type] 
Type domain.Wallet is not enhanced.

[2021-05-14 03:24:21 #8 type] 
Type domain.Bet is not enhanced.

------------------------------------------------------------------------------------------------------------------------

[2021-05-14 03:24:41 #1 store] 
Database 'C:\Users\user\git\BetAndRuin_repos\BetAndRuin 21\bets.temp' is opened by 13408@LASTO-P

[2021-05-14 03:24:41 #2 store] 
Configuration path: ?

[2021-05-14 03:24:41 #3 type] 
Type domain.Answer is not enhanced.

[2021-05-14 03:24:41 #4 type] 
Type domain.Question is not enhanced.

[2021-05-14 03:24:41 #5 type] 
Type domain.Event is not enhanced.

[2021-05-14 03:24:41 #6 type] 
Type domain.User is not enhanced.

[2021-05-14 03:24:41 #7 type] 
Type domain.Wallet is not enhanced.

[2021-05-14 03:24:41 #8 type] 
Type domain.Bet is not enhanced.

------------------------------------------------------------------------------------------------------------------------

[2021-05-14 03:24:44 #1 store] 
Database 'C:\Users\user\git\BetAndRuin_repos\BetAndRuin 21\bets.temp' is opened by 19056@LASTO-P

[2021-05-14 03:24:44 #2 store] 
Configuration path: ?

[2021-05-14 03:24:44 #3 type] 
Type domain.Answer is not enhanced.

[2021-05-14 03:24:44 #4 type] 
Type domain.Question is not enhanced.

[2021-05-14 03:24:44 #5 type] 
Type domain.Event is not enhanced.

[2021-05-14 03:24:44 #6 type] 
Type domain.User is not enhanced.

[2021-05-14 03:24:44 #7 type] 
Type domain.Wallet is not enhanced.

[2021-05-14 03:24:44 #8 type] 
Type domain.Bet is not enhanced.

------------------------------------------------------------------------------------------------------------------------

[2021-05-14 03:29:19 #1 store] 
Database 'C:\Users\user\git\BetAndRuin_repos\BetAndRuin 21\bets.temp' has been recovered (tr. 39-40)

[2021-05-14 03:29:19 #2 store] 
Database 'C:\Users\user\git\BetAndRuin_repos\BetAndRuin 21\bets.temp' is opened by 8464@LASTO-P

[2021-05-14 03:29:19 #3 store] 
Configuration path: ?

[2021-05-14 03:29:19 #4 type] 
Type domain.Answer is not enhanced.

[2021-05-14 03:29:19 #5 type] 
Type domain.Question is not enhanced.

[2021-05-14 03:29:19 #6 type] 
Type domain.Event is not enhanced.

[2021-05-14 03:29:19 #7 type] 
Type domain.User is not enhanced.

[2021-05-14 03:29:19 #8 type] 
Type domain.Wallet is not enhanced.

[2021-05-14 03:29:19 #9 type] 
Type domain.Bet is not enhanced.

------------------------------------------------------------------------------------------------------------------------

[2021-05-14 03:33:32 #1 store] 
Database 'C:\Users\user\git\BetAndRuin_repos\BetAndRuin 21\bets.temp' has been recovered (tr. 41-44)

[2021-05-14 03:33:32 #2 store] 
Database 'C:\Users\user\git\BetAndRuin_repos\BetAndRuin 21\bets.temp' is opened by 20824@LASTO-P

[2021-05-14 03:33:32 #3 store] 
Configuration path: ?

[2021-05-14 03:33:32 #4 type] 
Type domain.Answer is not enhanced.

[2021-05-14 03:33:32 #5 type] 
Type domain.Question is not enhanced.

[2021-05-14 03:33:32 #6 type] 
Type domain.Event is not enhanced.

[2021-05-14 03:33:32 #7 type] 
Type domain.User is not enhanced.

[2021-05-14 03:33:32 #8 type] 
Type domain.Wallet is not enhanced.

[2021-05-14 03:33:32 #9 type] 
Type domain.Bet is not enhanced.

------------------------------------------------------------------------------------------------------------------------

[2021-05-14 03:35:23 #1 store] 
Database 'C:\Users\user\git\BetAndRuin_repos\BetAndRuin 21\bets.temp' has been recovered (tr. 45-46)

[2021-05-14 03:35:23 #2 store] 
Database 'C:\Users\user\git\BetAndRuin_repos\BetAndRuin 21\bets.temp' is opened by 3364@LASTO-P

[2021-05-14 03:35:23 #3 store] 
Configuration path: ?

[2021-05-14 03:35:23 #4 type] 
Type domain.Answer is not enhanced.

[2021-05-14 03:35:23 #5 type] 
Type domain.Question is not enhanced.

[2021-05-14 03:35:23 #6 type] 
Type domain.Event is not enhanced.

[2021-05-14 03:35:23 #7 type] 
Type domain.User is not enhanced.

[2021-05-14 03:35:23 #8 type] 
Type domain.Wallet is not enhanced.

[2021-05-14 03:35:23 #9 type] 
Type domain.Bet is not enhanced.

------------------------------------------------------------------------------------------------------------------------

[2021-05-14 03:37:54 #1 store] 
Database 'C:\Users\user\git\BetAndRuin_repos\BetAndRuin 21\bets.temp' has been recovered (tr. 47-48)

[2021-05-14 03:37:54 #2 store] 
Database 'C:\Users\user\git\BetAndRuin_repos\BetAndRuin 21\bets.temp' is opened by 2164@LASTO-P

[2021-05-14 03:37:54 #3 store] 
Configuration path: ?

[2021-05-14 03:37:54 #4 type] 
Type domain.Answer is not enhanced.

[2021-05-14 03:37:54 #5 type] 
Type domain.Question is not enhanced.

[2021-05-14 03:37:54 #6 type] 
Type domain.Event is not enhanced.

[2021-05-14 03:37:54 #7 type] 
Type domain.User is not enhanced.

[2021-05-14 03:37:54 #8 type] 
Type domain.Wallet is not enhanced.

[2021-05-14 03:37:54 #9 type] 
Type domain.Bet is not enhanced.

------------------------------------------------------------------------------------------------------------------------

[2021-05-14 03:41:26 #1 store] 
Database 'C:\Users\user\git\BetAndRuin_repos\BetAndRuin 21\bets.temp' has been recovered (tr. 49-50)

[2021-05-14 03:41:26 #2 store] 
Database 'C:\Users\user\git\BetAndRuin_repos\BetAndRuin 21\bets.temp' is opened by 16812@LASTO-P

[2021-05-14 03:41:26 #3 store] 
Configuration path: ?

[2021-05-14 03:41:26 #4 type] 
Type domain.Answer is not enhanced.

[2021-05-14 03:41:26 #5 type] 
Type domain.Question is not enhanced.

[2021-05-14 03:41:26 #6 type] 
Type domain.Event is not enhanced.

[2021-05-14 03:41:26 #7 type] 
Type domain.User is not enhanced.

[2021-05-14 03:41:26 #8 type] 
Type domain.Wallet is not enhanced.

[2021-05-14 03:41:26 #9 type] 
Type domain.Bet is not enhanced.

------------------------------------------------------------------------------------------------------------------------

[2021-05-14 03:42:07 #1 store] 
Database 'C:\Users\user\git\BetAndRuin_repos\BetAndRuin 21\bets.temp' has been recovered (tr. 51-52)

[2021-05-14 03:42:07 #2 store] 
Database 'C:\Users\user\git\BetAndRuin_repos\BetAndRuin 21\bets.temp' is opened by 6180@LASTO-P

[2021-05-14 03:42:07 #3 store] 
Configuration path: ?

[2021-05-14 03:42:08 #4 type] 
Type domain.Answer is not enhanced.

[2021-05-14 03:42:08 #5 type] 
Type domain.Question is not enhanced.

[2021-05-14 03:42:08 #6 type] 
Type domain.Event is not enhanced.

[2021-05-14 03:42:08 #7 type] 
Type domain.User is not enhanced.

[2021-05-14 03:42:08 #8 type] 
Type domain.Wallet is not enhanced.

[2021-05-14 03:42:08 #9 type] 
Type domain.Bet is not enhanced.

------------------------------------------------------------------------------------------------------------------------

[2021-05-14 03:42:25 #1 store] 
Database 'C:\Users\user\git\BetAndRuin_repos\BetAndRuin 21\bets.temp' has been recovered (tr. 53-54)

[2021-05-14 03:42:25 #2 store] 
Database 'C:\Users\user\git\BetAndRuin_repos\BetAndRuin 21\bets.temp' is opened by 6576@LASTO-P

[2021-05-14 03:42:25 #3 store] 
Configuration path: ?

[2021-05-14 03:42:25 #4 type] 
Type domain.Answer is not enhanced.

[2021-05-14 03:42:25 #5 type] 
Type domain.Question is not enhanced.

[2021-05-14 03:42:25 #6 type] 
Type domain.Event is not enhanced.

[2021-05-14 03:42:25 #7 type] 
Type domain.User is not enhanced.

[2021-05-14 03:42:25 #8 type] 
Type domain.Wallet is not enhanced.

[2021-05-14 03:42:25 #9 type] 
Type domain.Bet is not enhanced.

------------------------------------------------------------------------------------------------------------------------

[2021-05-14 04:55:26 #1 store] 
Database 'C:\Users\user\git\BetAndRuin_repos\BetAndRuin 21\bets.temp' has been recovered (tr. 55-56)

[2021-05-14 04:55:26 #2 store] 
Database 'C:\Users\user\git\BetAndRuin_repos\BetAndRuin 21\bets.temp' is opened by 16760@LASTO-P

[2021-05-14 04:55:26 #3 store] 
Configuration path: ?

[2021-05-14 04:55:26 #4 type] 
Type domain.Answer is not enhanced.

[2021-05-14 04:55:26 #5 type] 
Type domain.Question is not enhanced.

[2021-05-14 04:55:26 #6 type] 
Type domain.Event is not enhanced.

[2021-05-14 04:55:26 #7 type] 
Type domain.User is not enhanced.

[2021-05-14 04:55:26 #8 type] 
Type domain.Wallet is not enhanced.

[2021-05-14 04:55:26 #9 type] 
Type domain.Bet is not enhanced.

------------------------------------------------------------------------------------------------------------------------

[2021-05-14 05:01:48 #1 store] 
Database 'C:\Users\user\git\BetAndRuin_repos\BetAndRuin 21\bets.temp' is opened by 14772@LASTO-P

[2021-05-14 05:01:48 #2 store] 
Configuration path: ?

[2021-05-14 05:01:48 #3 type] 
Type domain.Answer is not enhanced.

[2021-05-14 05:01:48 #4 type] 
Type domain.Question is not enhanced.

[2021-05-14 05:01:48 #5 type] 
Type domain.Event is not enhanced.

[2021-05-14 05:01:48 #6 type] 
Type domain.User is not enhanced.

[2021-05-14 05:01:48 #7 type] 
Type domain.Wallet is not enhanced.

[2021-05-14 05:01:48 #8 type] 
Type domain.Bet is not enhanced.

------------------------------------------------------------------------------------------------------------------------

[2021-05-14 05:03:21 #1 store] 
Database 'C:\Users\user\git\BetAndRuin_repos\BetAndRuin 21\bets.temp' has been recovered (tr. 1-8)

[2021-05-14 05:03:21 #2 store] 
Database 'C:\Users\user\git\BetAndRuin_repos\BetAndRuin 21\bets.temp' is opened by 13044@LASTO-P

[2021-05-14 05:03:21 #3 store] 
Configuration path: ?

[2021-05-14 05:03:21 #4 type] 
Type domain.Answer is not enhanced.

[2021-05-14 05:03:21 #5 type] 
Type domain.Question is not enhanced.

[2021-05-14 05:03:21 #6 type] 
Type domain.Event is not enhanced.

[2021-05-14 05:03:21 #7 type] 
Type domain.User is not enhanced.

[2021-05-14 05:03:21 #8 type] 
Type domain.Wallet is not enhanced.

[2021-05-14 05:03:21 #9 type] 
Type domain.Bet is not enhanced.

------------------------------------------------------------------------------------------------------------------------

[2021-05-14 05:12:59 #1 store] 
Database 'C:\Users\user\git\BetAndRuin_repos\BetAndRuin 21\bets.temp' is opened by 12132@LASTO-P

[2021-05-14 05:12:59 #2 store] 
Configuration path: ?

[2021-05-14 05:13:00 #3 type] 
Type domain.Answer is not enhanced.

[2021-05-14 05:13:00 #4 type] 
Type domain.Question is not enhanced.

[2021-05-14 05:13:00 #5 type] 
Type domain.Event is not enhanced.

[2021-05-14 05:13:00 #6 type] 
Type domain.User is not enhanced.

[2021-05-14 05:13:00 #7 type] 
Type domain.Wallet is not enhanced.

[2021-05-14 05:13:00 #8 type] 
Type domain.Bet is not enhanced.

------------------------------------------------------------------------------------------------------------------------

[2021-05-14 05:19:36 #1 server] 
Server on port 6136 has started by 6112@LASTO-P

[2021-05-14 05:19:42 #2 store] 
Database 'C:\Users\user\git\BetAndRuin_repos\BetAndRuin 21\resources\db\bets.temp' is opened by 6112@LASTO-P

[2021-05-14 05:19:42 #3 store] 
Configuration path: ?

[2021-05-14 05:19:42 #4 type] 
Type domain.User is not enhanced.

[2021-05-14 05:19:42 #5 type] 
Type domain.Wallet is not enhanced.

[2021-05-14 05:19:42 #6 type] 
Type domain.Bet is not enhanced.

[2021-05-14 05:19:42 #7 type] 
Type domain.Event is not enhanced.

[2021-05-14 05:19:42 #8 type] 
Type domain.Answer is not enhanced.

[2021-05-14 05:19:42 #9 type] 
Type domain.Question is not enhanced.

------------------------------------------------------------------------------------------------------------------------

[2021-05-14 05:19:43 #1 type] 
Type domain.User is not enhanced.

[2021-05-14 05:19:43 #2 type] 
Type domain.Wallet is not enhanced.

[2021-05-14 05:19:43 #3 type] 
Type domain.Bet is not enhanced.

[2021-05-14 05:19:43 #4 type] 
Type domain.Event is not enhanced.

[2021-05-14 05:19:43 #5 type] 
Type domain.Answer is not enhanced.

[2021-05-14 05:19:43 #6 type] 
Type domain.Question is not enhanced.

[2021-05-14 05:19:44 #10 store] 
Database 'C:\Users\user\git\BetAndRuin_repos\BetAndRuin 21\resources\db\bets.temp' is closed by 6112@LASTO-P

[2021-05-14 05:21:15 #11 server] 
Server on port 6136 has stopped by 6112@LASTO-P

------------------------------------------------------------------------------------------------------------------------

[2021-05-14 05:23:10 #1 server] 
Server on port 6136 has started by 19792@LASTO-P

[2021-05-14 05:23:15 #2 store] 
Database 'C:\Users\user\git\BetAndRuin_repos\BetAndRuin 21\resources\db\bets.temp' is opened by 19792@LASTO-P

[2021-05-14 05:23:15 #3 store] 
Configuration path: ?

[2021-05-14 05:23:15 #4 type] 
Type domain.User is not enhanced.

[2021-05-14 05:23:15 #5 type] 
Type domain.Wallet is not enhanced.

[2021-05-14 05:23:15 #6 type] 
Type domain.Bet is not enhanced.

[2021-05-14 05:23:15 #7 type] 
Type domain.Event is not enhanced.

[2021-05-14 05:23:15 #8 type] 
Type domain.Answer is not enhanced.

[2021-05-14 05:23:15 #9 type] 
Type domain.Question is not enhanced.

------------------------------------------------------------------------------------------------------------------------

[2021-05-14 05:23:15 #1 type] 
Type domain.User is not enhanced.

[2021-05-14 05:23:15 #2 type] 
Type domain.Wallet is not enhanced.

[2021-05-14 05:23:15 #3 type] 
Type domain.Bet is not enhanced.

[2021-05-14 05:23:15 #4 type] 
Type domain.Event is not enhanced.

[2021-05-14 05:23:15 #5 type] 
Type domain.Answer is not enhanced.

[2021-05-14 05:23:15 #6 type] 
Type domain.Question is not enhanced.

[2021-05-14 05:25:19 #10 store] 
Database 'C:\Users\user\git\BetAndRuin_repos\BetAndRuin 21\resources\db\bets.temp' is closed by 19792@LASTO-P

------------------------------------------------------------------------------------------------------------------------

[2021-05-14 05:25:42 #1 server] 
Server on port 6136 has started by 14412@LASTO-P

[2021-05-14 05:25:45 #2 store] 
Database 'C:\Users\user\git\BetAndRuin_repos\BetAndRuin 21\resources\db\bets.temp' is opened by 14412@LASTO-P

[2021-05-14 05:25:45 #3 store] 
Configuration path: ?

[2021-05-14 05:25:45 #4 type] 
Type domain.User is not enhanced.

[2021-05-14 05:25:45 #5 type] 
Type domain.Wallet is not enhanced.

[2021-05-14 05:25:45 #6 type] 
Type domain.Bet is not enhanced.

[2021-05-14 05:25:45 #7 type] 
Type domain.Event is not enhanced.

[2021-05-14 05:25:45 #8 type] 
Type domain.Answer is not enhanced.

[2021-05-14 05:25:45 #9 type] 
Type domain.Question is not enhanced.

------------------------------------------------------------------------------------------------------------------------

[2021-05-14 05:25:45 #1 type] 
Type domain.User is not enhanced.

[2021-05-14 05:25:45 #2 type] 
Type domain.Wallet is not enhanced.

[2021-05-14 05:25:45 #3 type] 
Type domain.Bet is not enhanced.

[2021-05-14 05:25:45 #4 type] 
Type domain.Event is not enhanced.

[2021-05-14 05:25:45 #5 type] 
Type domain.Answer is not enhanced.

[2021-05-14 05:25:45 #6 type] 
Type domain.Question is not enhanced.

[2021-05-14 05:27:19 #10 store] 
Database 'C:\Users\user\git\BetAndRuin_repos\BetAndRuin 21\resources\db\bets.temp' is closed by 14412@LASTO-P

------------------------------------------------------------------------------------------------------------------------

[2021-05-14 05:29:53 #1 server] 
Server on port 6136 has started by 1144@LASTO-P

[2021-05-14 05:29:56 #2 store] 
Database 'C:\Users\user\git\BetAndRuin_repos\BetAndRuin 21\resources\db\bets.temp' is opened by 1144@LASTO-P

[2021-05-14 05:29:56 #3 store] 
Configuration path: ?

------------------------------------------------------------------------------------------------------------------------

[2021-05-14 05:29:56 #1 type] 
Type domain.Answer is not enhanced.

[2021-05-14 05:29:56 #2 type] 
Type domain.Question is not enhanced.

[2021-05-14 05:29:56 #3 type] 
Type domain.Event is not enhanced.

[2021-05-14 05:29:56 #4 type] 
Type domain.Answer is not enhanced.

[2021-05-14 05:29:56 #5 type] 
Type domain.Question is not enhanced.

[2021-05-14 05:29:56 #6 type] 
Type domain.Event is not enhanced.

[2021-05-14 05:29:57 #4 type] 
Type domain.User is not enhanced.

[2021-05-14 05:29:57 #5 type] 
Type domain.Wallet is not enhanced.

[2021-05-14 05:29:57 #6 type] 
Type domain.Bet is not enhanced.

[2021-05-14 05:29:57 #7 type] 
Type domain.User is not enhanced.

[2021-05-14 05:29:57 #8 type] 
Type domain.Wallet is not enhanced.

[2021-05-14 05:29:57 #9 type] 
Type domain.Bet is not enhanced.

------------------------------------------------------------------------------------------------------------------------

[2021-05-14 05:30:57 #1 type] 
Type domain.Answer is not enhanced.

[2021-05-14 05:30:57 #2 type] 
Type domain.Question is not enhanced.

[2021-05-14 05:30:57 #3 type] 
Type domain.Event is not enhanced.

[2021-05-14 05:30:57 #4 type] 
Type domain.User is not enhanced.

[2021-05-14 05:30:57 #5 type] 
Type domain.Wallet is not enhanced.

[2021-05-14 05:30:57 #6 type] 
Type domain.Bet is not enhanced.

[2021-05-14 05:36:22 #10 store] 
Database 'C:\Users\user\git\BetAndRuin_repos\BetAndRuin 21\resources\db\bets.temp' is closed by 1144@LASTO-P

------------------------------------------------------------------------------------------------------------------------

[2021-05-14 05:36:38 #1 server] 
java.net.BindException: Address already in use: JVM_Bind
	at java.net.DualStackPlainSocketImpl.bind0(Native Method)
	at java.net.DualStackPlainSocketImpl.socketBind(DualStackPlainSocketImpl.java:106)
	at java.net.AbstractPlainSocketImpl.bind(AbstractPlainSocketImpl.java:382)
	at java.net.PlainSocketImpl.bind(PlainSocketImpl.java:190)
	at java.net.ServerSocket.bind(ServerSocket.java:375)
	at java.net.ServerSocket.<init>(ServerSocket.java:237)
	at java.net.ServerSocket.<init>(ServerSocket.java:181)
	at com.objectdb.o.SMR.o(SMR.java:260)
	at com.objectdb.o.SMR.f(SMR.java:160)
	at com.objectdb.o.TOL.run(TOL.java:117)
	at com.objectdb.Server.runCommand(Server.java:200)
	at com.objectdb.Server.run(Server.java:104)
	at com.objectdb.Server.main(Server.java:63)

[2021-05-14 05:36:41 #11 store] 
Database 'C:\Users\user\git\BetAndRuin_repos\BetAndRuin 21\resources\db\bets.temp' is opened by 1144@LASTO-P

[2021-05-14 05:36:41 #12 store] 
Configuration path: ?

------------------------------------------------------------------------------------------------------------------------

[2021-05-14 05:36:41 #1 type] 
Type domain.Answer is not enhanced.

[2021-05-14 05:36:41 #2 type] 
Type domain.Question is not enhanced.

[2021-05-14 05:36:41 #3 type] 
Type domain.Event is not enhanced.

[2021-05-14 05:36:41 #4 type] 
Type domain.User is not enhanced.

[2021-05-14 05:36:41 #5 type] 
Type domain.Wallet is not enhanced.

[2021-05-14 05:36:41 #6 type] 
Type domain.Bet is not enhanced.

[2021-05-14 05:37:02 #13 store] 
Database 'C:\Users\user\git\BetAndRuin_repos\BetAndRuin 21\resources\db\bets.temp' is closed by 1144@LASTO-P

------------------------------------------------------------------------------------------------------------------------

[2021-05-14 05:37:49 #1 server] 
Server on port 6136 has started by 7624@LASTO-P

[2021-05-14 05:37:51 #2 store] 
Database 'C:\Users\user\git\BetAndRuin_repos\BetAndRuin 21\resources\db\bets.temp' is opened by 7624@LASTO-P

[2021-05-14 05:37:51 #3 store] 
Configuration path: ?

[2021-05-14 05:37:51 #4 type] 
Type domain.Answer is not enhanced.

[2021-05-14 05:37:51 #5 type] 
Type domain.Question is not enhanced.

[2021-05-14 05:37:51 #6 type] 
Type domain.Event is not enhanced.

[2021-05-14 05:37:51 #7 type] 
Type domain.User is not enhanced.

[2021-05-14 05:37:51 #8 type] 
Type domain.Wallet is not enhanced.

[2021-05-14 05:37:51 #9 type] 
Type domain.Bet is not enhanced.

------------------------------------------------------------------------------------------------------------------------

[2021-05-14 05:37:51 #1 type] 
Type domain.Answer is not enhanced.

[2021-05-14 05:37:51 #2 type] 
Type domain.Question is not enhanced.

[2021-05-14 05:37:51 #3 type] 
Type domain.Event is not enhanced.

[2021-05-14 05:37:51 #4 type] 
Type domain.User is not enhanced.

[2021-05-14 05:37:51 #5 type] 
Type domain.Wallet is not enhanced.

[2021-05-14 05:37:51 #6 type] 
Type domain.Bet is not enhanced.

------------------------------------------------------------------------------------------------------------------------

[2021-05-14 05:39:42 #1 type] 
Type domain.Answer is not enhanced.

[2021-05-14 05:39:42 #2 type] 
Type domain.Question is not enhanced.

[2021-05-14 05:39:42 #3 type] 
Type domain.Event is not enhanced.

[2021-05-14 05:39:42 #4 type] 
Type domain.User is not enhanced.

[2021-05-14 05:39:42 #5 type] 
Type domain.Wallet is not enhanced.

[2021-05-14 05:39:42 #6 type] 
Type domain.Bet is not enhanced.

[2021-05-14 05:43:30 #10 store] 
Database 'C:\Users\user\git\BetAndRuin_repos\BetAndRuin 21\resources\db\bets.temp' is closed by 7624@LASTO-P

------------------------------------------------------------------------------------------------------------------------

[2021-05-14 09:59:04 #1 server] 
Server on port 6136 has started by 10588@LASTO-P

[2021-05-14 09:59:10 #2 store] 
Database 'C:\Users\user\git\BetAndRuin_repos\BetAndRuin 21\resources\db\bets.temp' is opened by 10588@LASTO-P

[2021-05-14 09:59:10 #3 store] 
Configuration path: ?

[2021-05-14 09:59:10 #4 type] 
Type domain.Answer is not enhanced.

[2021-05-14 09:59:10 #5 type] 
Type domain.Question is not enhanced.

[2021-05-14 09:59:10 #6 type] 
Type domain.Event is not enhanced.

[2021-05-14 09:59:10 #7 type] 
Type domain.User is not enhanced.

[2021-05-14 09:59:10 #8 type] 
Type domain.Wallet is not enhanced.

[2021-05-14 09:59:10 #9 type] 
Type domain.Bet is not enhanced.

------------------------------------------------------------------------------------------------------------------------

[2021-05-14 09:59:10 #1 type] 
Type domain.Answer is not enhanced.

[2021-05-14 09:59:10 #2 type] 
Type domain.Question is not enhanced.

[2021-05-14 09:59:10 #3 type] 
Type domain.Event is not enhanced.

[2021-05-14 09:59:10 #4 type] 
Type domain.User is not enhanced.

[2021-05-14 09:59:10 #5 type] 
Type domain.Wallet is not enhanced.

[2021-05-14 09:59:10 #6 type] 
Type domain.Bet is not enhanced.

------------------------------------------------------------------------------------------------------------------------

[2021-05-14 09:59:40 #1 type] 
Type domain.Answer is not enhanced.

[2021-05-14 09:59:40 #2 type] 
Type domain.Question is not enhanced.

[2021-05-14 09:59:40 #3 type] 
Type domain.Event is not enhanced.

[2021-05-14 09:59:40 #4 type] 
Type domain.User is not enhanced.

[2021-05-14 09:59:40 #5 type] 
Type domain.Wallet is not enhanced.

[2021-05-14 09:59:40 #6 type] 
Type domain.Bet is not enhanced.

[2021-05-14 10:01:51 #10 store] 
Database 'C:\Users\user\git\BetAndRuin_repos\BetAndRuin 21\resources\db\bets.temp' is closed by 10588@LASTO-P

------------------------------------------------------------------------------------------------------------------------

[2021-05-14 10:04:10 #1 server] 
Server on port 6136 has started by 11360@LASTO-P

[2021-05-14 10:04:13 #2 store] 
Database 'C:\Users\user\git\BetAndRuin_repos\BetAndRuin 21\resources\db\bets.temp' is opened by 11360@LASTO-P

[2021-05-14 10:04:13 #3 store] 
Configuration path: ?

[2021-05-14 10:04:13 #4 type] 
Type domain.Answer is not enhanced.

[2021-05-14 10:04:13 #5 type] 
Type domain.Question is not enhanced.

[2021-05-14 10:04:13 #6 type] 
Type domain.Event is not enhanced.

[2021-05-14 10:04:13 #7 type] 
Type domain.User is not enhanced.

[2021-05-14 10:04:13 #8 type] 
Type domain.Wallet is not enhanced.

[2021-05-14 10:04:13 #9 type] 
Type domain.Bet is not enhanced.

------------------------------------------------------------------------------------------------------------------------

[2021-05-14 10:04:13 #1 type] 
Type domain.Answer is not enhanced.

[2021-05-14 10:04:13 #2 type] 
Type domain.Question is not enhanced.

[2021-05-14 10:04:13 #3 type] 
Type domain.Event is not enhanced.

[2021-05-14 10:04:13 #4 type] 
Type domain.User is not enhanced.

[2021-05-14 10:04:13 #5 type] 
Type domain.Wallet is not enhanced.

[2021-05-14 10:04:13 #6 type] 
Type domain.Bet is not enhanced.

------------------------------------------------------------------------------------------------------------------------

[2021-05-14 10:05:20 #1 type] 
Type domain.Answer is not enhanced.

[2021-05-14 10:05:20 #2 type] 
Type domain.Question is not enhanced.

[2021-05-14 10:05:20 #3 type] 
Type domain.Event is not enhanced.

[2021-05-14 10:05:20 #4 type] 
Type domain.User is not enhanced.

[2021-05-14 10:05:20 #5 type] 
Type domain.Wallet is not enhanced.

[2021-05-14 10:05:20 #6 type] 
Type domain.Bet is not enhanced.

[2021-05-14 10:06:46 #10 store] 
Database 'C:\Users\user\git\BetAndRuin_repos\BetAndRuin 21\resources\db\bets.temp' is closed by 11360@LASTO-P

------------------------------------------------------------------------------------------------------------------------

[2021-05-14 10:12:23 #1 server] 
java.net.BindException: Address already in use: JVM_Bind
	at java.net.DualStackPlainSocketImpl.bind0(Native Method)
	at java.net.DualStackPlainSocketImpl.socketBind(DualStackPlainSocketImpl.java:106)
	at java.net.AbstractPlainSocketImpl.bind(AbstractPlainSocketImpl.java:382)
	at java.net.PlainSocketImpl.bind(PlainSocketImpl.java:190)
	at java.net.ServerSocket.bind(ServerSocket.java:375)
	at java.net.ServerSocket.<init>(ServerSocket.java:237)
	at java.net.ServerSocket.<init>(ServerSocket.java:181)
	at com.objectdb.o.SMR.o(SMR.java:260)
	at com.objectdb.o.SMR.f(SMR.java:160)
	at com.objectdb.o.TOL.run(TOL.java:117)
	at com.objectdb.Server.runCommand(Server.java:200)
	at com.objectdb.Server.run(Server.java:104)
	at com.objectdb.Server.main(Server.java:63)

[2021-05-14 10:12:26 #11 store] 
Database 'C:\Users\user\git\BetAndRuin_repos\BetAndRuin 21\resources\db\bets.temp' is opened by 11360@LASTO-P

[2021-05-14 10:12:26 #12 store] 
Configuration path: ?

------------------------------------------------------------------------------------------------------------------------

[2021-05-14 10:12:26 #1 type] 
Type domain.Answer is not enhanced.

[2021-05-14 10:12:26 #2 type] 
Type domain.Question is not enhanced.

[2021-05-14 10:12:26 #3 type] 
Type domain.Event is not enhanced.

[2021-05-14 10:12:26 #4 type] 
Type domain.User is not enhanced.

[2021-05-14 10:12:26 #5 type] 
Type domain.Wallet is not enhanced.

[2021-05-14 10:12:26 #6 type] 
Type domain.Bet is not enhanced.

------------------------------------------------------------------------------------------------------------------------

[2021-05-14 10:20:34 #1 server] 
Server on port 6136 has started by 10072@LASTO-P

[2021-05-14 10:20:36 #2 store] 
Database 'C:\Users\user\git\BetAndRuin_repos\BetAndRuin 21\resources\db\bets.temp' is opened by 10072@LASTO-P

[2021-05-14 10:20:36 #3 store] 
Configuration path: ?

[2021-05-14 10:20:36 #4 type] 
Type domain.Answer is not enhanced.

[2021-05-14 10:20:36 #5 type] 
Type domain.Question is not enhanced.

[2021-05-14 10:20:36 #6 type] 
Type domain.Event is not enhanced.

[2021-05-14 10:20:36 #7 type] 
Type domain.User is not enhanced.

[2021-05-14 10:20:36 #8 type] 
Type domain.Wallet is not enhanced.

[2021-05-14 10:20:36 #9 type] 
Type domain.Bet is not enhanced.

------------------------------------------------------------------------------------------------------------------------

[2021-05-14 10:20:36 #1 type] 
Type domain.Answer is not enhanced.

[2021-05-14 10:20:36 #2 type] 
Type domain.Question is not enhanced.

[2021-05-14 10:20:36 #3 type] 
Type domain.Event is not enhanced.

[2021-05-14 10:20:36 #4 type] 
Type domain.User is not enhanced.

[2021-05-14 10:20:36 #5 type] 
Type domain.Wallet is not enhanced.

[2021-05-14 10:20:36 #6 type] 
Type domain.Bet is not enhanced.

------------------------------------------------------------------------------------------------------------------------

[2021-05-14 10:25:02 #1 server] 
java.net.BindException: Address already in use: JVM_Bind
	at java.net.DualStackPlainSocketImpl.bind0(Native Method)
	at java.net.DualStackPlainSocketImpl.socketBind(DualStackPlainSocketImpl.java:106)
	at java.net.AbstractPlainSocketImpl.bind(AbstractPlainSocketImpl.java:382)
	at java.net.PlainSocketImpl.bind(PlainSocketImpl.java:190)
	at java.net.ServerSocket.bind(ServerSocket.java:375)
	at java.net.ServerSocket.<init>(ServerSocket.java:237)
	at java.net.ServerSocket.<init>(ServerSocket.java:181)
	at com.objectdb.o.SMR.o(SMR.java:260)
	at com.objectdb.o.SMR.f(SMR.java:160)
	at com.objectdb.o.TOL.run(TOL.java:117)
	at com.objectdb.Server.runCommand(Server.java:200)
	at com.objectdb.Server.run(Server.java:104)
	at com.objectdb.Server.main(Server.java:63)

[2021-05-14 10:25:15 #10 store] 
Database 'C:\Users\user\git\BetAndRuin_repos\BetAndRuin 21\resources\db\bets.temp' is closed by 10072@LASTO-P

[2021-05-14 10:25:18 #11 server] 
Server on port 6136 has stopped by 10072@LASTO-P

------------------------------------------------------------------------------------------------------------------------

[2021-05-14 10:25:34 #1 server] 
Server on port 6136 has started by 10052@LASTO-P

[2021-05-14 10:25:45 #2 store] 
Database 'C:\Users\user\git\BetAndRuin_repos\BetAndRuin 21\resources\db\bets.temp' is opened by 10052@LASTO-P

[2021-05-14 10:25:45 #3 store] 
Configuration path: ?

[2021-05-14 10:25:45 #4 type] 
Type domain.Answer is not enhanced.

[2021-05-14 10:25:45 #5 type] 
Type domain.Question is not enhanced.

[2021-05-14 10:25:45 #6 type] 
Type domain.Event is not enhanced.

[2021-05-14 10:25:45 #7 type] 
Type domain.User is not enhanced.

[2021-05-14 10:25:45 #8 type] 
Type domain.Wallet is not enhanced.

[2021-05-14 10:25:45 #9 type] 
Type domain.Bet is not enhanced.

------------------------------------------------------------------------------------------------------------------------

[2021-05-14 10:25:45 #1 type] 
Type domain.Answer is not enhanced.

[2021-05-14 10:25:45 #2 type] 
Type domain.Question is not enhanced.

[2021-05-14 10:25:45 #3 type] 
Type domain.Event is not enhanced.

[2021-05-14 10:25:45 #4 type] 
Type domain.User is not enhanced.

[2021-05-14 10:25:45 #5 type] 
Type domain.Wallet is not enhanced.

[2021-05-14 10:25:45 #6 type] 
Type domain.Bet is not enhanced.

------------------------------------------------------------------------------------------------------------------------

[2021-05-14 10:26:35 #1 type] 
Type domain.Answer is not enhanced.

[2021-05-14 10:26:35 #2 type] 
Type domain.Question is not enhanced.

[2021-05-14 10:26:35 #3 type] 
Type domain.Event is not enhanced.

[2021-05-14 10:26:35 #4 type] 
Type domain.User is not enhanced.

[2021-05-14 10:26:35 #5 type] 
Type domain.Wallet is not enhanced.

[2021-05-14 10:26:35 #6 type] 
Type domain.Bet is not enhanced.

[2021-05-14 10:27:47 #10 store] 
Database 'C:\Users\user\git\BetAndRuin_repos\BetAndRuin 21\resources\db\bets.temp' is closed by 10052@LASTO-P

------------------------------------------------------------------------------------------------------------------------

[2021-05-14 10:31:35 #1 server] 
Server on port 6136 has started by 1964@LASTO-P

[2021-05-14 10:31:36 #2 store] 
Database 'C:\Users\user\git\BetAndRuin_repos\BetAndRuin 21\resources\db\bets.temp' is opened by 1964@LASTO-P

[2021-05-14 10:31:36 #3 store] 
Configuration path: ?

[2021-05-14 10:31:37 #4 type] 
Type domain.Answer is not enhanced.

[2021-05-14 10:31:37 #5 type] 
Type domain.Question is not enhanced.

[2021-05-14 10:31:37 #6 type] 
Type domain.Event is not enhanced.

[2021-05-14 10:31:37 #7 type] 
Type domain.User is not enhanced.

[2021-05-14 10:31:37 #8 type] 
Type domain.Wallet is not enhanced.

[2021-05-14 10:31:37 #9 type] 
Type domain.Bet is not enhanced.

------------------------------------------------------------------------------------------------------------------------

[2021-05-14 10:31:37 #1 type] 
Type domain.Answer is not enhanced.

[2021-05-14 10:31:37 #2 type] 
Type domain.Question is not enhanced.

[2021-05-14 10:31:37 #3 type] 
Type domain.Event is not enhanced.

[2021-05-14 10:31:37 #4 type] 
Type domain.User is not enhanced.

[2021-05-14 10:31:37 #5 type] 
Type domain.Wallet is not enhanced.

[2021-05-14 10:31:37 #6 type] 
Type domain.Bet is not enhanced.

[2021-05-14 10:34:03 #10 store] 
Database 'C:\Users\user\git\BetAndRuin_repos\BetAndRuin 21\resources\db\bets.temp' is closed by 1964@LASTO-P

------------------------------------------------------------------------------------------------------------------------

[2021-05-14 10:36:12 #1 server] 
Server on port 6136 has started by 13532@LASTO-P

[2021-05-14 10:36:19 #2 store] 
Database 'C:\Users\user\git\BetAndRuin_repos\BetAndRuin 21\resources\db\bets.temp' is opened by 13532@LASTO-P

[2021-05-14 10:36:19 #3 store] 
Configuration path: ?

[2021-05-14 10:36:19 #4 type] 
Type domain.Answer is not enhanced.

[2021-05-14 10:36:19 #5 type] 
Type domain.Question is not enhanced.

[2021-05-14 10:36:19 #6 type] 
Type domain.Event is not enhanced.

[2021-05-14 10:36:19 #7 type] 
Type domain.User is not enhanced.

[2021-05-14 10:36:19 #8 type] 
Type domain.Wallet is not enhanced.

[2021-05-14 10:36:19 #9 type] 
Type domain.Bet is not enhanced.

------------------------------------------------------------------------------------------------------------------------

[2021-05-14 10:36:19 #1 type] 
Type domain.Answer is not enhanced.

[2021-05-14 10:36:19 #2 type] 
Type domain.Question is not enhanced.

[2021-05-14 10:36:19 #3 type] 
Type domain.Event is not enhanced.

[2021-05-14 10:36:19 #4 type] 
Type domain.User is not enhanced.

[2021-05-14 10:36:19 #5 type] 
Type domain.Wallet is not enhanced.

[2021-05-14 10:36:19 #6 type] 
Type domain.Bet is not enhanced.

[2021-05-14 10:36:50 #10 store] 
Database 'C:\Users\user\git\BetAndRuin_repos\BetAndRuin 21\resources\db\bets.temp' is closed by 13532@LASTO-P

------------------------------------------------------------------------------------------------------------------------

[2021-05-14 10:39:54 #1 server] 
Server on port 6136 has started by 6932@LASTO-P

[2021-05-14 10:39:57 #2 store] 
Database 'C:\Users\user\git\BetAndRuin_repos\BetAndRuin 21\resources\db\bets.temp' is opened by 6932@LASTO-P

[2021-05-14 10:39:57 #3 store] 
Configuration path: ?

[2021-05-14 10:39:57 #4 type] 
Type domain.Answer is not enhanced.

[2021-05-14 10:39:57 #5 type] 
Type domain.Question is not enhanced.

[2021-05-14 10:39:57 #6 type] 
Type domain.Event is not enhanced.

[2021-05-14 10:39:57 #7 type] 
Type domain.User is not enhanced.

[2021-05-14 10:39:57 #8 type] 
Type domain.Wallet is not enhanced.

[2021-05-14 10:39:57 #9 type] 
Type domain.Bet is not enhanced.

------------------------------------------------------------------------------------------------------------------------

[2021-05-14 10:39:57 #1 type] 
Type domain.Answer is not enhanced.

[2021-05-14 10:39:57 #2 type] 
Type domain.Question is not enhanced.

[2021-05-14 10:39:57 #3 type] 
Type domain.Event is not enhanced.

[2021-05-14 10:39:57 #4 type] 
Type domain.User is not enhanced.

[2021-05-14 10:39:57 #5 type] 
Type domain.Wallet is not enhanced.

[2021-05-14 10:39:57 #6 type] 
Type domain.Bet is not enhanced.

[2021-05-14 10:41:11 #10 store] 
Database 'C:\Users\user\git\BetAndRuin_repos\BetAndRuin 21\resources\db\bets.temp' is closed by 6932@LASTO-P

------------------------------------------------------------------------------------------------------------------------

[2021-05-14 10:41:55 #1 server] 
Server on port 6136 has started by 13708@LASTO-P

[2021-05-14 10:41:58 #2 store] 
Database 'C:\Users\user\git\BetAndRuin_repos\BetAndRuin 21\resources\db\bets.temp' is opened by 13708@LASTO-P

[2021-05-14 10:41:58 #3 store] 
Configuration path: ?

[2021-05-14 10:41:58 #4 type] 
Type domain.Answer is not enhanced.

[2021-05-14 10:41:58 #5 type] 
Type domain.Question is not enhanced.

[2021-05-14 10:41:58 #6 type] 
Type domain.Event is not enhanced.

[2021-05-14 10:41:58 #7 type] 
Type domain.User is not enhanced.

[2021-05-14 10:41:58 #8 type] 
Type domain.Wallet is not enhanced.

[2021-05-14 10:41:58 #9 type] 
Type domain.Bet is not enhanced.

------------------------------------------------------------------------------------------------------------------------

[2021-05-14 10:41:58 #1 type] 
Type domain.Answer is not enhanced.

[2021-05-14 10:41:58 #2 type] 
Type domain.Question is not enhanced.

[2021-05-14 10:41:58 #3 type] 
Type domain.Event is not enhanced.

[2021-05-14 10:41:58 #4 type] 
Type domain.User is not enhanced.

[2021-05-14 10:41:58 #5 type] 
Type domain.Wallet is not enhanced.

[2021-05-14 10:41:58 #6 type] 
Type domain.Bet is not enhanced.

------------------------------------------------------------------------------------------------------------------------

[2021-05-14 10:43:27 #1 server] 
Server on port 6136 has started by 12352@LASTO-P

[2021-05-14 10:43:30 #2 store] 
Database 'C:\Users\user\git\BetAndRuin_repos\BetAndRuin 21\resources\db\bets.temp' is opened by 12352@LASTO-P

[2021-05-14 10:43:30 #3 store] 
Configuration path: ?

[2021-05-14 10:43:30 #4 type] 
Type domain.Answer is not enhanced.

[2021-05-14 10:43:30 #5 type] 
Type domain.Question is not enhanced.

[2021-05-14 10:43:30 #6 type] 
Type domain.Event is not enhanced.

[2021-05-14 10:43:30 #7 type] 
Type domain.User is not enhanced.

[2021-05-14 10:43:30 #8 type] 
Type domain.Wallet is not enhanced.

[2021-05-14 10:43:30 #9 type] 
Type domain.Bet is not enhanced.

------------------------------------------------------------------------------------------------------------------------

[2021-05-14 10:43:30 #1 type] 
Type domain.Answer is not enhanced.

[2021-05-14 10:43:30 #2 type] 
Type domain.Question is not enhanced.

[2021-05-14 10:43:30 #3 type] 
Type domain.Event is not enhanced.

[2021-05-14 10:43:30 #4 type] 
Type domain.User is not enhanced.

[2021-05-14 10:43:30 #5 type] 
Type domain.Wallet is not enhanced.

[2021-05-14 10:43:30 #6 type] 
Type domain.Bet is not enhanced.

------------------------------------------------------------------------------------------------------------------------

[2021-05-14 10:45:23 #1 server] 
java.net.BindException: Address already in use: JVM_Bind
	at java.net.DualStackPlainSocketImpl.bind0(Native Method)
	at java.net.DualStackPlainSocketImpl.socketBind(DualStackPlainSocketImpl.java:106)
	at java.net.AbstractPlainSocketImpl.bind(AbstractPlainSocketImpl.java:382)
	at java.net.PlainSocketImpl.bind(PlainSocketImpl.java:190)
	at java.net.ServerSocket.bind(ServerSocket.java:375)
	at java.net.ServerSocket.<init>(ServerSocket.java:237)
	at java.net.ServerSocket.<init>(ServerSocket.java:181)
	at com.objectdb.o.SMR.o(SMR.java:260)
	at com.objectdb.o.SMR.f(SMR.java:160)
	at com.objectdb.o.TOL.run(TOL.java:117)
	at com.objectdb.Server.runCommand(Server.java:200)
	at com.objectdb.Server.run(Server.java:104)
	at com.objectdb.Server.main(Server.java:63)

------------------------------------------------------------------------------------------------------------------------

[2021-05-14 10:45:27 #1 type] 
Type domain.Answer is not enhanced.

[2021-05-14 10:45:27 #2 type] 
Type domain.Question is not enhanced.

[2021-05-14 10:45:27 #3 type] 
Type domain.Event is not enhanced.

[2021-05-14 10:45:27 #4 type] 
Type domain.User is not enhanced.

[2021-05-14 10:45:27 #5 type] 
Type domain.Wallet is not enhanced.

[2021-05-14 10:45:27 #6 type] 
Type domain.Bet is not enhanced.

[2021-05-14 10:45:43 #10 store] 
Database 'C:\Users\user\git\BetAndRuin_repos\BetAndRuin 21\resources\db\bets.temp' is closed by 12352@LASTO-P

[2021-05-14 10:45:43 #11 server] 
Server on port 6136 has stopped by 12352@LASTO-P

------------------------------------------------------------------------------------------------------------------------

[2021-05-14 10:47:41 #1 server] 
Server on port 6136 has started by 19132@LASTO-P

[2021-05-14 10:48:24 #2 store] 
Database 'C:\Users\user\git\BetAndRuin_repos\BetAndRuin 21\resources\db\bets.temp' is opened by 19132@LASTO-P

[2021-05-14 10:48:24 #3 store] 
Configuration path: ?

[2021-05-14 10:48:24 #4 type] 
Type domain.Answer is not enhanced.

[2021-05-14 10:48:24 #5 type] 
Type domain.Question is not enhanced.

[2021-05-14 10:48:24 #6 type] 
Type domain.Event is not enhanced.

[2021-05-14 10:48:24 #7 type] 
Type domain.User is not enhanced.

[2021-05-14 10:48:24 #8 type] 
Type domain.Wallet is not enhanced.

[2021-05-14 10:48:24 #9 type] 
Type domain.Bet is not enhanced.

------------------------------------------------------------------------------------------------------------------------

[2021-05-14 10:48:24 #1 type] 
Type domain.Answer is not enhanced.

[2021-05-14 10:48:24 #2 type] 
Type domain.Question is not enhanced.

[2021-05-14 10:48:24 #3 type] 
Type domain.Event is not enhanced.

[2021-05-14 10:48:24 #4 type] 
Type domain.User is not enhanced.

[2021-05-14 10:48:24 #5 type] 
Type domain.Wallet is not enhanced.

[2021-05-14 10:48:24 #6 type] 
Type domain.Bet is not enhanced.

------------------------------------------------------------------------------------------------------------------------

[2021-05-14 10:54:18 #1 server] 
Server on port 6136 has started by 17000@LASTO-P

[2021-05-14 10:54:19 #2 store] 
Database 'C:\Users\user\git\BetAndRuin_repos\BetAndRuin 21\resources\db\bets.temp' is opened by 17000@LASTO-P

[2021-05-14 10:54:19 #3 store] 
Configuration path: ?

[2021-05-14 10:54:19 #4 type] 
Type domain.Answer is not enhanced.

[2021-05-14 10:54:19 #5 type] 
Type domain.Question is not enhanced.

[2021-05-14 10:54:19 #6 type] 
Type domain.Event is not enhanced.

[2021-05-14 10:54:19 #7 type] 
Type domain.User is not enhanced.

[2021-05-14 10:54:19 #8 type] 
Type domain.Wallet is not enhanced.

[2021-05-14 10:54:19 #9 type] 
Type domain.Bet is not enhanced.

------------------------------------------------------------------------------------------------------------------------

[2021-05-14 10:54:19 #1 type] 
Type domain.Answer is not enhanced.

[2021-05-14 10:54:19 #2 type] 
Type domain.Question is not enhanced.

[2021-05-14 10:54:19 #3 type] 
Type domain.Event is not enhanced.

[2021-05-14 10:54:19 #4 type] 
Type domain.User is not enhanced.

[2021-05-14 10:54:19 #5 type] 
Type domain.Wallet is not enhanced.

[2021-05-14 10:54:19 #6 type] 
Type domain.Bet is not enhanced.

------------------------------------------------------------------------------------------------------------------------

[2021-05-14 10:57:13 #1 server] 
Server on port 6136 has started by 16452@LASTO-P

[2021-05-14 10:57:16 #2 store] 
Database 'C:\Users\user\git\BetAndRuin_repos\BetAndRuin 21\resources\db\bets.temp' is opened by 16452@LASTO-P

[2021-05-14 10:57:16 #3 store] 
Configuration path: ?

[2021-05-14 10:57:16 #4 type] 
Type domain.Answer is not enhanced.

[2021-05-14 10:57:16 #5 type] 
Type domain.Question is not enhanced.

[2021-05-14 10:57:16 #6 type] 
Type domain.Event is not enhanced.

[2021-05-14 10:57:16 #7 type] 
Type domain.User is not enhanced.

[2021-05-14 10:57:16 #8 type] 
Type domain.Wallet is not enhanced.

[2021-05-14 10:57:16 #9 type] 
Type domain.Bet is not enhanced.

------------------------------------------------------------------------------------------------------------------------

[2021-05-14 10:57:16 #1 type] 
Type domain.Answer is not enhanced.

[2021-05-14 10:57:16 #2 type] 
Type domain.Question is not enhanced.

[2021-05-14 10:57:16 #3 type] 
Type domain.Event is not enhanced.

[2021-05-14 10:57:16 #4 type] 
Type domain.User is not enhanced.

[2021-05-14 10:57:16 #5 type] 
Type domain.Wallet is not enhanced.

[2021-05-14 10:57:16 #6 type] 
Type domain.Bet is not enhanced.

------------------------------------------------------------------------------------------------------------------------

[2021-05-14 10:58:38 #1 server] 
java.net.BindException: Address already in use: JVM_Bind
	at java.net.DualStackPlainSocketImpl.bind0(Native Method)
	at java.net.DualStackPlainSocketImpl.socketBind(DualStackPlainSocketImpl.java:106)
	at java.net.AbstractPlainSocketImpl.bind(AbstractPlainSocketImpl.java:382)
	at java.net.PlainSocketImpl.bind(PlainSocketImpl.java:190)
	at java.net.ServerSocket.bind(ServerSocket.java:375)
	at java.net.ServerSocket.<init>(ServerSocket.java:237)
	at java.net.ServerSocket.<init>(ServerSocket.java:181)
	at com.objectdb.o.SMR.o(SMR.java:260)
	at com.objectdb.o.SMR.f(SMR.java:160)
	at com.objectdb.o.TOL.run(TOL.java:117)
	at com.objectdb.Server.runCommand(Server.java:200)
	at com.objectdb.Server.run(Server.java:104)
	at com.objectdb.Server.main(Server.java:63)

[2021-05-14 10:59:06 #10 store] 
Database 'C:\Users\user\git\BetAndRuin_repos\BetAndRuin 21\resources\db\bets.temp' is closed by 16452@LASTO-P

[2021-05-14 10:59:06 #11 server] 
Server on port 6136 has stopped by 16452@LASTO-P

------------------------------------------------------------------------------------------------------------------------

[2021-05-14 10:59:24 #1 server] 
Server on port 6136 has started by 21320@LASTO-P

[2021-05-14 10:59:26 #2 store] 
Database 'C:\Users\user\git\BetAndRuin_repos\BetAndRuin 21\resources\db\bets.temp' is opened by 21320@LASTO-P

[2021-05-14 10:59:26 #3 store] 
Configuration path: ?

[2021-05-14 10:59:26 #4 type] 
Type domain.Answer is not enhanced.

[2021-05-14 10:59:26 #5 type] 
Type domain.Question is not enhanced.

[2021-05-14 10:59:26 #6 type] 
Type domain.Event is not enhanced.

[2021-05-14 10:59:26 #7 type] 
Type domain.User is not enhanced.

[2021-05-14 10:59:26 #8 type] 
Type domain.Wallet is not enhanced.

[2021-05-14 10:59:26 #9 type] 
Type domain.Bet is not enhanced.

------------------------------------------------------------------------------------------------------------------------

[2021-05-14 10:59:27 #1 type] 
Type domain.Answer is not enhanced.

[2021-05-14 10:59:27 #2 type] 
Type domain.Question is not enhanced.

[2021-05-14 10:59:27 #3 type] 
Type domain.Event is not enhanced.

[2021-05-14 10:59:27 #4 type] 
Type domain.User is not enhanced.

[2021-05-14 10:59:27 #5 type] 
Type domain.Wallet is not enhanced.

[2021-05-14 10:59:27 #6 type] 
Type domain.Bet is not enhanced.

[2021-05-14 11:02:37 #10 store] 
Database 'C:\Users\user\git\BetAndRuin_repos\BetAndRuin 21\resources\db\bets.temp' is closed by 21320@LASTO-P

[2021-05-14 11:02:37 #11 server] 
Server on port 6136 has stopped by 21320@LASTO-P

------------------------------------------------------------------------------------------------------------------------

[2021-05-14 11:07:16 #1 server] 
Server on port 6136 has started by 16956@LASTO-P

[2021-05-14 11:07:20 #2 store] 
Database 'C:\Users\user\git\BetAndRuin_repos\BetAndRuin 21\resources\db\bets.temp' is opened by 16956@LASTO-P

[2021-05-14 11:07:20 #3 store] 
Configuration path: ?

[2021-05-14 11:07:20 #4 type] 
Type domain.Answer is not enhanced.

[2021-05-14 11:07:20 #5 type] 
Type domain.Question is not enhanced.

[2021-05-14 11:07:20 #6 type] 
Type domain.Event is not enhanced.

[2021-05-14 11:07:20 #7 type] 
Type domain.User is not enhanced.

[2021-05-14 11:07:20 #8 type] 
Type domain.Wallet is not enhanced.

[2021-05-14 11:07:20 #9 type] 
Type domain.Bet is not enhanced.

------------------------------------------------------------------------------------------------------------------------

[2021-05-14 11:07:20 #1 type] 
Type domain.Answer is not enhanced.

[2021-05-14 11:07:20 #2 type] 
Type domain.Question is not enhanced.

[2021-05-14 11:07:20 #3 type] 
Type domain.Event is not enhanced.

[2021-05-14 11:07:20 #4 type] 
Type domain.User is not enhanced.

[2021-05-14 11:07:20 #5 type] 
Type domain.Wallet is not enhanced.

[2021-05-14 11:07:20 #6 type] 
Type domain.Bet is not enhanced.

[2021-05-14 11:11:48 #10 store] 
Database 'C:\Users\user\git\BetAndRuin_repos\BetAndRuin 21\resources\db\bets.temp' is closed by 16956@LASTO-P

------------------------------------------------------------------------------------------------------------------------

[2021-05-14 11:12:47 #1 store] 
Database 'C:\Users\user\git\BetAndRuin_repos\BetAndRuin 21\bets.temp' is opened by 5184@LASTO-P

[2021-05-14 11:12:47 #2 store] 
Configuration path: ?

[2021-05-14 11:12:47 #3 type] 
Type domain.Answer is not enhanced.

[2021-05-14 11:12:47 #4 type] 
Type domain.Question is not enhanced.

[2021-05-14 11:12:47 #5 type] 
Type domain.Event is not enhanced.

[2021-05-14 11:12:47 #6 type] 
Type domain.User is not enhanced.

[2021-05-14 11:12:47 #7 type] 
Type domain.Wallet is not enhanced.

[2021-05-14 11:12:47 #8 type] 
Type domain.Bet is not enhanced.

------------------------------------------------------------------------------------------------------------------------

[2021-05-14 11:24:44 #1 store] 
Database 'C:\Users\user\git\BetAndRuin_repos\BetAndRuin 21\bets.temp' is opened by 6848@LASTO-P

[2021-05-14 11:24:44 #2 store] 
Configuration path: ?

[2021-05-14 11:24:44 #3 type] 
Type domain.Answer is not enhanced.

[2021-05-14 11:24:44 #4 type] 
Type domain.Question is not enhanced.

[2021-05-14 11:24:44 #5 type] 
Type domain.Event is not enhanced.

[2021-05-14 11:24:44 #6 type] 
Type domain.User is not enhanced.

[2021-05-14 11:24:44 #7 type] 
Type domain.Wallet is not enhanced.

[2021-05-14 11:24:44 #8 type] 
Type domain.Bet is not enhanced.

------------------------------------------------------------------------------------------------------------------------

[2021-05-14 11:44:38 #1 store] 
Database 'C:\Users\user\git\BetAndRuin_repos\BetAndRuin 21\bets.temp' is opened by 11632@LASTO-P

[2021-05-14 11:44:38 #2 store] 
Configuration path: ?

[2021-05-14 11:44:38 #3 type] 
Type domain.Answer is not enhanced.

[2021-05-14 11:44:38 #4 type] 
Type domain.Question is not enhanced.

[2021-05-14 11:44:38 #5 type] 
Type domain.Event is not enhanced.

[2021-05-14 11:44:38 #6 type] 
Type domain.User is not enhanced.

[2021-05-14 11:44:38 #7 type] 
Type domain.Wallet is not enhanced.

[2021-05-14 11:44:38 #8 type] 
Type domain.Bet is not enhanced.

------------------------------------------------------------------------------------------------------------------------

[2021-05-14 11:46:11 #1 store] 
Database 'C:\Users\user\git\BetAndRuin_repos\BetAndRuin 21\bets.temp' is opened by 8204@LASTO-P

[2021-05-14 11:46:11 #2 store] 
Configuration path: ?

[2021-05-14 11:46:11 #3 type] 
Type domain.Answer is not enhanced.

[2021-05-14 11:46:11 #4 type] 
Type domain.Question is not enhanced.

[2021-05-14 11:46:11 #5 type] 
Type domain.Event is not enhanced.

[2021-05-14 11:46:11 #6 type] 
Type domain.User is not enhanced.

[2021-05-14 11:46:11 #7 type] 
Type domain.Wallet is not enhanced.

[2021-05-14 11:46:11 #8 type] 
Type domain.Bet is not enhanced.

------------------------------------------------------------------------------------------------------------------------

[2021-05-14 11:48:33 #1 store] 
Database 'C:\Users\user\git\BetAndRuin_repos\BetAndRuin 21\bets.temp' is opened by 12972@LASTO-P

[2021-05-14 11:48:33 #2 store] 
Configuration path: ?

[2021-05-14 11:48:33 #3 type] 
Type domain.Answer is not enhanced.

[2021-05-14 11:48:33 #4 type] 
Type domain.Question is not enhanced.

[2021-05-14 11:48:33 #5 type] 
Type domain.Event is not enhanced.

[2021-05-14 11:48:33 #6 type] 
Type domain.User is not enhanced.

[2021-05-14 11:48:33 #7 type] 
Type domain.Wallet is not enhanced.

[2021-05-14 11:48:33 #8 type] 
Type domain.Bet is not enhanced.

------------------------------------------------------------------------------------------------------------------------

[2021-05-14 11:48:58 #1 store] 
Database 'C:\Users\user\git\BetAndRuin_repos\BetAndRuin 21\bets.temp' is opened by 9152@LASTO-P

[2021-05-14 11:48:58 #2 store] 
Configuration path: ?

[2021-05-14 11:48:59 #3 type] 
Type domain.Answer is not enhanced.

[2021-05-14 11:48:59 #4 type] 
Type domain.Question is not enhanced.

[2021-05-14 11:48:59 #5 type] 
Type domain.Event is not enhanced.

[2021-05-14 11:48:59 #6 type] 
Type domain.User is not enhanced.

[2021-05-14 11:48:59 #7 type] 
Type domain.Wallet is not enhanced.

[2021-05-14 11:48:59 #8 type] 
Type domain.Bet is not enhanced.

------------------------------------------------------------------------------------------------------------------------

[2021-05-14 11:49:41 #1 store] 
Database 'C:\Users\user\git\BetAndRuin_repos\BetAndRuin 21\bets.temp' is opened by 10184@LASTO-P

[2021-05-14 11:49:41 #2 store] 
Configuration path: ?

[2021-05-14 11:49:41 #3 type] 
Type domain.Answer is not enhanced.

[2021-05-14 11:49:41 #4 type] 
Type domain.Question is not enhanced.

[2021-05-14 11:49:41 #5 type] 
Type domain.Event is not enhanced.

[2021-05-14 11:49:41 #6 type] 
Type domain.User is not enhanced.

[2021-05-14 11:49:41 #7 type] 
Type domain.Wallet is not enhanced.

[2021-05-14 11:49:41 #8 type] 
Type domain.Bet is not enhanced.

------------------------------------------------------------------------------------------------------------------------

[2021-05-14 11:58:19 #1 store] 
Database 'C:\Users\user\git\BetAndRuin_repos\BetAndRuin 21\bets.temp' is opened by 3404@LASTO-P

[2021-05-14 11:58:19 #2 store] 
Configuration path: ?

[2021-05-14 11:58:19 #3 type] 
Type domain.Answer is not enhanced.

[2021-05-14 11:58:19 #4 type] 
Type domain.Question is not enhanced.

[2021-05-14 11:58:19 #5 type] 
Type domain.Event is not enhanced.

[2021-05-14 11:58:19 #6 type] 
Type domain.User is not enhanced.

[2021-05-14 11:58:19 #7 type] 
Type domain.Wallet is not enhanced.

[2021-05-14 11:58:19 #8 type] 
Type domain.Bet is not enhanced.

------------------------------------------------------------------------------------------------------------------------

[2021-05-14 12:00:05 #1 store] 
Database 'C:\Users\user\git\BetAndRuin_repos\BetAndRuin 21\bets.temp' is opened by 6224@LASTO-P

[2021-05-14 12:00:05 #2 store] 
Configuration path: ?

[2021-05-14 12:00:05 #3 type] 
Type domain.Answer is not enhanced.

[2021-05-14 12:00:05 #4 type] 
Type domain.Question is not enhanced.

[2021-05-14 12:00:05 #5 type] 
Type domain.Event is not enhanced.

[2021-05-14 12:00:05 #6 type] 
Type domain.User is not enhanced.

[2021-05-14 12:00:05 #7 type] 
Type domain.Wallet is not enhanced.

[2021-05-14 12:00:05 #8 type] 
Type domain.Bet is not enhanced.

------------------------------------------------------------------------------------------------------------------------

[2021-05-14 12:30:48 #1 store] 
Database 'C:\Users\user\git\BetAndRuin_repos\BetAndRuin 21\bets.temp' is opened by 11864@LASTO-P

[2021-05-14 12:30:48 #2 store] 
Configuration path: ?

[2021-05-14 12:30:48 #3 type] 
Type domain.Answer is not enhanced.

[2021-05-14 12:30:48 #4 type] 
Type domain.Question is not enhanced.

[2021-05-14 12:30:48 #5 type] 
Type domain.Event is not enhanced.

[2021-05-14 12:30:48 #6 type] 
Type domain.User is not enhanced.

[2021-05-14 12:30:48 #7 type] 
Type domain.Wallet is not enhanced.

[2021-05-14 12:30:48 #8 type] 
Type domain.Bet is not enhanced.

------------------------------------------------------------------------------------------------------------------------

[2021-05-14 12:35:57 #1 store] 
Database 'C:\Users\user\git\BetAndRuin_repos\BetAndRuin 21\bets.temp' is opened by 6564@LASTO-P

[2021-05-14 12:35:57 #2 store] 
Configuration path: ?

[2021-05-14 12:35:57 #3 type] 
Type domain.Answer is not enhanced.

[2021-05-14 12:35:57 #4 type] 
Type domain.Question is not enhanced.

[2021-05-14 12:35:57 #5 type] 
Type domain.Event is not enhanced.

[2021-05-14 12:35:57 #6 type] 
Type domain.User is not enhanced.

[2021-05-14 12:35:57 #7 type] 
Type domain.Wallet is not enhanced.

[2021-05-14 12:35:57 #8 type] 
Type domain.Bet is not enhanced.

------------------------------------------------------------------------------------------------------------------------

[2021-05-14 12:36:45 #1 store] 
Database 'C:\Users\user\git\BetAndRuin_repos\BetAndRuin 21\bets.temp' is opened by 2720@LASTO-P

[2021-05-14 12:36:45 #2 store] 
Configuration path: ?

[2021-05-14 12:36:45 #3 type] 
Type domain.Answer is not enhanced.

[2021-05-14 12:36:45 #4 type] 
Type domain.Question is not enhanced.

[2021-05-14 12:36:45 #5 type] 
Type domain.Event is not enhanced.

[2021-05-14 12:36:45 #6 type] 
Type domain.User is not enhanced.

[2021-05-14 12:36:45 #7 type] 
Type domain.Wallet is not enhanced.

[2021-05-14 12:36:45 #8 type] 
Type domain.Bet is not enhanced.

------------------------------------------------------------------------------------------------------------------------

[2021-05-14 12:37:41 #1 store] 
Database 'C:\Users\user\git\BetAndRuin_repos\BetAndRuin 21\bets.temp' is opened by 12140@LASTO-P

[2021-05-14 12:37:41 #2 store] 
Configuration path: ?

[2021-05-14 12:37:41 #3 type] 
Type domain.Answer is not enhanced.

[2021-05-14 12:37:41 #4 type] 
Type domain.Question is not enhanced.

[2021-05-14 12:37:41 #5 type] 
Type domain.Event is not enhanced.

[2021-05-14 12:37:41 #6 type] 
Type domain.User is not enhanced.

[2021-05-14 12:37:41 #7 type] 
Type domain.Wallet is not enhanced.

[2021-05-14 12:37:41 #8 type] 
Type domain.Bet is not enhanced.

