------------------------------------------------------------------------------------------------------------------------

[2021-04-18 00:01:09 #1 store] 
Database 'C:\Users\user\git\BetAndRuin_repos\BetAndRuin 21\bets.temp' is opened by 16908@LASTO-P

[2021-04-18 00:01:09 #2 store] 
Configuration path: ?

[2021-04-18 00:01:09 #3 type] 
Type domain.User is not enhanced.

[2021-04-18 00:01:09 #4 type] 
Type domain.Wallet is not enhanced.

[2021-04-18 00:01:09 #5 type] 
Type domain.Bet is not enhanced.

[2021-04-18 00:01:09 #6 type] 
Type domain.Event is not enhanced.

[2021-04-18 00:01:09 #7 type] 
Type domain.Answer is not enhanced.

[2021-04-18 00:01:09 #8 type] 
Type domain.Question is not enhanced.

------------------------------------------------------------------------------------------------------------------------

[2021-04-18 00:02:46 #1 store] 
Database 'C:\Users\user\git\BetAndRuin_repos\BetAndRuin 21\bets.temp' has been recovered (tr. 9-10)

[2021-04-18 00:02:46 #2 store] 
Database 'C:\Users\user\git\BetAndRuin_repos\BetAndRuin 21\bets.temp' is opened by 17840@LASTO-P

[2021-04-18 00:02:46 #3 store] 
Configuration path: ?

[2021-04-18 00:02:46 #4 type] 
Type domain.User is not enhanced.

[2021-04-18 00:02:46 #5 type] 
Type domain.Wallet is not enhanced.

[2021-04-18 00:02:46 #6 type] 
Type domain.Bet is not enhanced.

[2021-04-18 00:02:46 #7 type] 
Type domain.Event is not enhanced.

[2021-04-18 00:02:46 #8 type] 
Type domain.Answer is not enhanced.

[2021-04-18 00:02:46 #9 type] 
Type domain.Question is not enhanced.

------------------------------------------------------------------------------------------------------------------------

[2021-04-18 00:16:04 #1 store] 
Database 'C:\Users\user\git\BetAndRuin_repos\BetAndRuin 21\bets.temp' has been recovered (tr. 11-13)

[2021-04-18 00:16:04 #2 store] 
Database 'C:\Users\user\git\BetAndRuin_repos\BetAndRuin 21\bets.temp' is opened by 10032@LASTO-P

[2021-04-18 00:16:04 #3 store] 
Configuration path: ?

[2021-04-18 00:16:04 #4 type] 
Type domain.User is not enhanced.

[2021-04-18 00:16:04 #5 type] 
Type domain.Wallet is not enhanced.

[2021-04-18 00:16:04 #6 type] 
Type domain.Bet is not enhanced.

[2021-04-18 00:16:04 #7 type] 
Type domain.Event is not enhanced.

[2021-04-18 00:16:04 #8 type] 
Type domain.Answer is not enhanced.

[2021-04-18 00:16:04 #9 type] 
Type domain.Question is not enhanced.

------------------------------------------------------------------------------------------------------------------------

[2021-04-18 00:19:32 #1 store] 
Database 'C:\Users\user\git\BetAndRuin_repos\BetAndRuin 21\bets.temp' has been recovered (tr. 14-16)

[2021-04-18 00:19:32 #2 store] 
Database 'C:\Users\user\git\BetAndRuin_repos\BetAndRuin 21\bets.temp' is opened by 9832@LASTO-P

[2021-04-18 00:19:32 #3 store] 
Configuration path: ?

[2021-04-18 00:19:32 #4 type] 
Type domain.User is not enhanced.

[2021-04-18 00:19:32 #5 type] 
Type domain.Wallet is not enhanced.

[2021-04-18 00:19:32 #6 type] 
Type domain.Bet is not enhanced.

[2021-04-18 00:19:32 #7 type] 
Type domain.Event is not enhanced.

[2021-04-18 00:19:32 #8 type] 
Type domain.Answer is not enhanced.

[2021-04-18 00:19:32 #9 type] 
Type domain.Question is not enhanced.

------------------------------------------------------------------------------------------------------------------------

[2021-04-18 00:29:53 #1 store] 
Database 'C:\Users\user\git\BetAndRuin_repos\BetAndRuin 21\bets.temp' has been recovered (tr. 17-18)

[2021-04-18 00:29:53 #2 store] 
Database 'C:\Users\user\git\BetAndRuin_repos\BetAndRuin 21\bets.temp' is opened by 14436@LASTO-P

[2021-04-18 00:29:53 #3 store] 
Configuration path: ?

[2021-04-18 00:29:53 #4 type] 
Type domain.User is not enhanced.

[2021-04-18 00:29:53 #5 type] 
Type domain.Wallet is not enhanced.

[2021-04-18 00:29:53 #6 type] 
Type domain.Bet is not enhanced.

[2021-04-18 00:29:53 #7 type] 
Type domain.Event is not enhanced.

[2021-04-18 00:29:53 #8 type] 
Type domain.Answer is not enhanced.

[2021-04-18 00:29:53 #9 type] 
Type domain.Question is not enhanced.

------------------------------------------------------------------------------------------------------------------------

[2021-04-18 00:30:52 #1 store] 
Database 'C:\Users\user\git\BetAndRuin_repos\BetAndRuin 21\bets.temp' has been recovered (tr. 19-20)

[2021-04-18 00:30:52 #2 store] 
Database 'C:\Users\user\git\BetAndRuin_repos\BetAndRuin 21\bets.temp' is opened by 16604@LASTO-P

[2021-04-18 00:30:52 #3 store] 
Configuration path: ?

[2021-04-18 00:30:52 #4 type] 
Type domain.User is not enhanced.

[2021-04-18 00:30:52 #5 type] 
Type domain.Wallet is not enhanced.

[2021-04-18 00:30:52 #6 type] 
Type domain.Bet is not enhanced.

[2021-04-18 00:30:52 #7 type] 
Type domain.Event is not enhanced.

[2021-04-18 00:30:52 #8 type] 
Type domain.Answer is not enhanced.

[2021-04-18 00:30:52 #9 type] 
Type domain.Question is not enhanced.

------------------------------------------------------------------------------------------------------------------------

[2021-04-18 00:32:48 #1 store] 
Database 'C:\Users\user\git\BetAndRuin_repos\BetAndRuin 21\bets.temp' is opened by 14548@LASTO-P

[2021-04-18 00:32:48 #2 store] 
Configuration path: ?

[2021-04-18 00:32:48 #3 type] 
Type domain.User is not enhanced.

[2021-04-18 00:32:48 #4 type] 
Type domain.Wallet is not enhanced.

[2021-04-18 00:32:48 #5 type] 
Type domain.Bet is not enhanced.

[2021-04-18 00:32:48 #6 type] 
Type domain.Event is not enhanced.

[2021-04-18 00:32:48 #7 type] 
Type domain.Answer is not enhanced.

[2021-04-18 00:32:48 #8 type] 
Type domain.Question is not enhanced.

