------------------------------------------------------------------------------------------------------------------------

[2021-04-15 11:53:59 #1 store] 
Database 'C:\Users\user\git\BetAndRuin_repos\BetAndRuin 21\bets.temp' is opened by 13160@LASTO-P

[2021-04-15 11:53:59 #2 store] 
Configuration path: ?

[2021-04-15 11:54:00 #3 type] 
Type domain.User is not enhanced.

[2021-04-15 11:54:00 #4 type] 
Type domain.Wallet is not enhanced.

[2021-04-15 11:54:00 #5 type] 
Type domain.Bet is not enhanced.

[2021-04-15 11:54:00 #6 type] 
Type domain.Event is not enhanced.

[2021-04-15 11:54:00 #7 type] 
Type domain.Answer is not enhanced.

[2021-04-15 11:54:00 #8 type] 
Type domain.Question is not enhanced.

------------------------------------------------------------------------------------------------------------------------

[2021-04-15 11:59:45 #1 store] 
Database 'C:\Users\user\git\BetAndRuin_repos\BetAndRuin 21\bets.temp' has been recovered (tr. 7-7)

[2021-04-15 11:59:45 #2 store] 
Database 'C:\Users\user\git\BetAndRuin_repos\BetAndRuin 21\bets.temp' is opened by 5316@LASTO-P

[2021-04-15 11:59:45 #3 store] 
Configuration path: ?

[2021-04-15 11:59:45 #4 type] 
Type domain.User is not enhanced.

[2021-04-15 11:59:45 #5 type] 
Type domain.Wallet is not enhanced.

[2021-04-15 11:59:45 #6 type] 
Type domain.Bet is not enhanced.

[2021-04-15 11:59:45 #7 type] 
Type domain.Event is not enhanced.

[2021-04-15 11:59:45 #8 type] 
Type domain.Answer is not enhanced.

[2021-04-15 11:59:45 #9 type] 
Type domain.Question is not enhanced.

------------------------------------------------------------------------------------------------------------------------

[2021-04-15 12:00:34 #1 store] 
Database 'C:\Users\user\git\BetAndRuin_repos\BetAndRuin 21\bets.temp' is opened by 4740@LASTO-P

[2021-04-15 12:00:34 #2 store] 
Configuration path: ?

[2021-04-15 12:00:34 #3 type] 
Type domain.User is not enhanced.

[2021-04-15 12:00:34 #4 type] 
Type domain.Wallet is not enhanced.

[2021-04-15 12:00:34 #5 type] 
Type domain.Bet is not enhanced.

[2021-04-15 12:00:34 #6 type] 
Type domain.Event is not enhanced.

[2021-04-15 12:00:34 #7 type] 
Type domain.Answer is not enhanced.

[2021-04-15 12:00:34 #8 type] 
Type domain.Question is not enhanced.

------------------------------------------------------------------------------------------------------------------------

[2021-04-15 12:00:55 #1 store] 
Database 'C:\Users\user\git\BetAndRuin_repos\BetAndRuin 21\bets.temp' has been recovered (tr. 10-10)

[2021-04-15 12:00:55 #2 store] 
Database 'C:\Users\user\git\BetAndRuin_repos\BetAndRuin 21\bets.temp' is opened by 13412@LASTO-P

[2021-04-15 12:00:55 #3 store] 
Configuration path: ?

[2021-04-15 12:00:55 #4 type] 
Type domain.User is not enhanced.

[2021-04-15 12:00:55 #5 type] 
Type domain.Wallet is not enhanced.

[2021-04-15 12:00:55 #6 type] 
Type domain.Bet is not enhanced.

[2021-04-15 12:00:55 #7 type] 
Type domain.Event is not enhanced.

[2021-04-15 12:00:55 #8 type] 
Type domain.Answer is not enhanced.

[2021-04-15 12:00:55 #9 type] 
Type domain.Question is not enhanced.

------------------------------------------------------------------------------------------------------------------------

[2021-04-15 12:03:12 #1 store] 
Database 'C:\Users\user\git\BetAndRuin_repos\BetAndRuin 21\bets.temp' has been recovered (tr. 11-11)

[2021-04-15 12:03:12 #2 store] 
Database 'C:\Users\user\git\BetAndRuin_repos\BetAndRuin 21\bets.temp' is opened by 5236@LASTO-P

[2021-04-15 12:03:12 #3 store] 
Configuration path: ?

[2021-04-15 12:03:12 #4 type] 
Type domain.User is not enhanced.

[2021-04-15 12:03:12 #5 type] 
Type domain.Wallet is not enhanced.

[2021-04-15 12:03:12 #6 type] 
Type domain.Bet is not enhanced.

[2021-04-15 12:03:12 #7 type] 
Type domain.Event is not enhanced.

[2021-04-15 12:03:12 #8 type] 
Type domain.Answer is not enhanced.

[2021-04-15 12:03:12 #9 type] 
Type domain.Question is not enhanced.

------------------------------------------------------------------------------------------------------------------------

[2021-04-15 12:08:05 #1 store] 
Database 'C:\Users\user\git\BetAndRuin_repos\BetAndRuin 21\bets.temp' has been recovered (tr. 12-13)

[2021-04-15 12:08:05 #2 store] 
Database 'C:\Users\user\git\BetAndRuin_repos\BetAndRuin 21\bets.temp' is opened by 6228@LASTO-P

[2021-04-15 12:08:05 #3 store] 
Configuration path: ?

[2021-04-15 12:08:06 #4 type] 
Type domain.User is not enhanced.

[2021-04-15 12:08:06 #5 type] 
Type domain.Wallet is not enhanced.

[2021-04-15 12:08:06 #6 type] 
Type domain.Bet is not enhanced.

[2021-04-15 12:08:06 #7 type] 
Type domain.Event is not enhanced.

[2021-04-15 12:08:06 #8 type] 
Type domain.Answer is not enhanced.

[2021-04-15 12:08:06 #9 type] 
Type domain.Question is not enhanced.

------------------------------------------------------------------------------------------------------------------------

[2021-04-15 12:11:30 #1 store] 
Database 'C:\Users\user\git\BetAndRuin_repos\BetAndRuin 21\bets.temp' is opened by 8320@LASTO-P

[2021-04-15 12:11:30 #2 store] 
Configuration path: ?

[2021-04-15 12:11:31 #3 type] 
Type domain.User is not enhanced.

[2021-04-15 12:11:31 #4 type] 
Type domain.Wallet is not enhanced.

[2021-04-15 12:11:31 #5 type] 
Type domain.Bet is not enhanced.

[2021-04-15 12:11:31 #6 type] 
Type domain.Event is not enhanced.

[2021-04-15 12:11:31 #7 type] 
Type domain.Answer is not enhanced.

[2021-04-15 12:11:31 #8 type] 
Type domain.Question is not enhanced.

------------------------------------------------------------------------------------------------------------------------

[2021-04-15 12:49:01 #1 store] 
Database 'C:\Users\user\git\BetAndRuin_repos\BetAndRuin 21\bets.temp' is opened by 7112@LASTO-P

[2021-04-15 12:49:01 #2 store] 
Configuration path: ?

[2021-04-15 12:49:01 #3 type] 
Type domain.User is not enhanced.

[2021-04-15 12:49:01 #4 type] 
Type domain.Wallet is not enhanced.

[2021-04-15 12:49:01 #5 type] 
Type domain.Bet is not enhanced.

[2021-04-15 12:49:01 #6 type] 
Type domain.Event is not enhanced.

[2021-04-15 12:49:01 #7 type] 
Type domain.Answer is not enhanced.

[2021-04-15 12:49:01 #8 type] 
Type domain.Question is not enhanced.

------------------------------------------------------------------------------------------------------------------------

[2021-04-15 12:51:29 #1 store] 
Database 'C:\Users\user\git\BetAndRuin_repos\BetAndRuin 21\bets.temp' has been recovered (tr. 1-9)

[2021-04-15 12:51:29 #2 store] 
Database 'C:\Users\user\git\BetAndRuin_repos\BetAndRuin 21\bets.temp' is opened by 12248@LASTO-P

[2021-04-15 12:51:29 #3 store] 
Configuration path: ?

[2021-04-15 12:51:29 #4 type] 
Type domain.User is not enhanced.

[2021-04-15 12:51:29 #5 type] 
Type domain.Wallet is not enhanced.

[2021-04-15 12:51:29 #6 type] 
Type domain.Bet is not enhanced.

[2021-04-15 12:51:29 #7 type] 
Type domain.Event is not enhanced.

[2021-04-15 12:51:29 #8 type] 
Type domain.Answer is not enhanced.

[2021-04-15 12:51:29 #9 type] 
Type domain.Question is not enhanced.

------------------------------------------------------------------------------------------------------------------------

[2021-04-15 13:30:37 #1 store] 
Database 'C:\Users\user\git\BetAndRuin_repos\BetAndRuin 21\bets.temp' is opened by 7560@LASTO-P

[2021-04-15 13:30:37 #2 store] 
Configuration path: ?

[2021-04-15 13:30:38 #3 type] 
Type domain.User is not enhanced.

[2021-04-15 13:30:38 #4 type] 
Type domain.Wallet is not enhanced.

[2021-04-15 13:30:38 #5 type] 
Type domain.Bet is not enhanced.

[2021-04-15 13:30:38 #6 type] 
Type domain.Event is not enhanced.

[2021-04-15 13:30:38 #7 type] 
Type domain.Answer is not enhanced.

[2021-04-15 13:30:38 #8 type] 
Type domain.Question is not enhanced.

------------------------------------------------------------------------------------------------------------------------

[2021-04-15 13:31:35 #1 store] 
Database 'C:\Users\user\git\BetAndRuin_repos\BetAndRuin 21\bets.temp' is opened by 5392@LASTO-P

[2021-04-15 13:31:35 #2 store] 
Configuration path: ?

[2021-04-15 13:31:35 #3 type] 
Type domain.User is not enhanced.

[2021-04-15 13:31:35 #4 type] 
Type domain.Wallet is not enhanced.

[2021-04-15 13:31:35 #5 type] 
Type domain.Bet is not enhanced.

[2021-04-15 13:31:35 #6 type] 
Type domain.Event is not enhanced.

[2021-04-15 13:31:35 #7 type] 
Type domain.Answer is not enhanced.

[2021-04-15 13:31:35 #8 type] 
Type domain.Question is not enhanced.

------------------------------------------------------------------------------------------------------------------------

[2021-04-15 14:36:50 #1 store] 
Database 'C:\Users\user\git\BetAndRuin_repos\BetAndRuin 21\bets.temp' is opened by 2412@LASTO-P

[2021-04-15 14:36:50 #2 store] 
Configuration path: ?

[2021-04-15 14:36:50 #3 type] 
Type domain.User is not enhanced.

[2021-04-15 14:36:50 #4 type] 
Type domain.Wallet is not enhanced.

[2021-04-15 14:36:50 #5 type] 
Type domain.Bet is not enhanced.

[2021-04-15 14:36:50 #6 type] 
Type domain.Event is not enhanced.

[2021-04-15 14:36:50 #7 type] 
Type domain.Answer is not enhanced.

[2021-04-15 14:36:50 #8 type] 
Type domain.Question is not enhanced.

------------------------------------------------------------------------------------------------------------------------

[2021-04-15 14:37:31 #1 store] 
Database 'C:\Users\user\git\BetAndRuin_repos\BetAndRuin 21\bets.temp' is opened by 13232@LASTO-P

[2021-04-15 14:37:31 #2 store] 
Configuration path: ?

[2021-04-15 14:37:31 #3 type] 
Type domain.User is not enhanced.

[2021-04-15 14:37:31 #4 type] 
Type domain.Wallet is not enhanced.

[2021-04-15 14:37:31 #5 type] 
Type domain.Bet is not enhanced.

[2021-04-15 14:37:31 #6 type] 
Type domain.Event is not enhanced.

[2021-04-15 14:37:31 #7 type] 
Type domain.Answer is not enhanced.

[2021-04-15 14:37:31 #8 type] 
Type domain.Question is not enhanced.

------------------------------------------------------------------------------------------------------------------------

[2021-04-15 14:37:49 #1 store] 
Database 'C:\Users\user\git\BetAndRuin_repos\BetAndRuin 21\bets.temp' is opened by 10712@LASTO-P

[2021-04-15 14:37:49 #2 store] 
Configuration path: ?

[2021-04-15 14:37:49 #3 type] 
Type domain.User is not enhanced.

[2021-04-15 14:37:49 #4 type] 
Type domain.Wallet is not enhanced.

[2021-04-15 14:37:49 #5 type] 
Type domain.Bet is not enhanced.

[2021-04-15 14:37:49 #6 type] 
Type domain.Event is not enhanced.

[2021-04-15 14:37:49 #7 type] 
Type domain.Answer is not enhanced.

[2021-04-15 14:37:49 #8 type] 
Type domain.Question is not enhanced.

------------------------------------------------------------------------------------------------------------------------

[2021-04-15 14:39:25 #1 store] 
Database 'C:\Users\user\git\BetAndRuin_repos\BetAndRuin 21\bets.temp' is opened by 13876@LASTO-P

[2021-04-15 14:39:25 #2 store] 
Configuration path: ?

[2021-04-15 14:39:25 #3 type] 
Type domain.User is not enhanced.

[2021-04-15 14:39:25 #4 type] 
Type domain.Wallet is not enhanced.

[2021-04-15 14:39:25 #5 type] 
Type domain.Bet is not enhanced.

[2021-04-15 14:39:25 #6 type] 
Type domain.Event is not enhanced.

[2021-04-15 14:39:25 #7 type] 
Type domain.Answer is not enhanced.

[2021-04-15 14:39:25 #8 type] 
Type domain.Question is not enhanced.

------------------------------------------------------------------------------------------------------------------------

[2021-04-15 15:07:33 #1 store] 
Database 'C:\Users\user\git\BetAndRuin_repos\BetAndRuin 21\bets.temp' has been recovered (tr. 11-11)

[2021-04-15 15:07:33 #2 store] 
Database 'C:\Users\user\git\BetAndRuin_repos\BetAndRuin 21\bets.temp' is opened by 11580@LASTO-P

[2021-04-15 15:07:33 #3 store] 
Configuration path: ?

[2021-04-15 15:07:33 #4 type] 
Type domain.User is not enhanced.

[2021-04-15 15:07:33 #5 type] 
Type domain.Wallet is not enhanced.

[2021-04-15 15:07:33 #6 type] 
Type domain.Bet is not enhanced.

[2021-04-15 15:07:33 #7 type] 
Type domain.Event is not enhanced.

[2021-04-15 15:07:33 #8 type] 
Type domain.Answer is not enhanced.

[2021-04-15 15:07:33 #9 type] 
Type domain.Question is not enhanced.

------------------------------------------------------------------------------------------------------------------------

[2021-04-15 15:09:29 #1 store] 
Database 'C:\Users\user\git\BetAndRuin_repos\BetAndRuin 21\bets.temp' is opened by 12304@LASTO-P

[2021-04-15 15:09:29 #2 store] 
Configuration path: ?

[2021-04-15 15:09:29 #3 type] 
Type domain.User is not enhanced.

[2021-04-15 15:09:29 #4 type] 
Type domain.Wallet is not enhanced.

[2021-04-15 15:09:29 #5 type] 
Type domain.Bet is not enhanced.

[2021-04-15 15:09:29 #6 type] 
Type domain.Event is not enhanced.

[2021-04-15 15:09:29 #7 type] 
Type domain.Answer is not enhanced.

[2021-04-15 15:09:29 #8 type] 
Type domain.Question is not enhanced.

------------------------------------------------------------------------------------------------------------------------

[2021-04-15 15:11:10 #1 store] 
Database 'C:\Users\user\git\BetAndRuin_repos\BetAndRuin 21\bets.temp' has been recovered (tr. 1-6)

[2021-04-15 15:11:10 #2 store] 
Database 'C:\Users\user\git\BetAndRuin_repos\BetAndRuin 21\bets.temp' is opened by 13972@LASTO-P

[2021-04-15 15:11:10 #3 store] 
Configuration path: ?

[2021-04-15 15:11:10 #4 type] 
Type domain.User is not enhanced.

[2021-04-15 15:11:10 #5 type] 
Type domain.Wallet is not enhanced.

[2021-04-15 15:11:10 #6 type] 
Type domain.Bet is not enhanced.

[2021-04-15 15:11:10 #7 type] 
Type domain.Event is not enhanced.

[2021-04-15 15:11:10 #8 type] 
Type domain.Answer is not enhanced.

[2021-04-15 15:11:10 #9 type] 
Type domain.Question is not enhanced.

------------------------------------------------------------------------------------------------------------------------

[2021-04-15 15:17:35 #1 store] 
Database 'C:\Users\user\git\BetAndRuin_repos\BetAndRuin 21\bets.temp' has been recovered (tr. 7-8)

[2021-04-15 15:17:35 #2 store] 
Database 'C:\Users\user\git\BetAndRuin_repos\BetAndRuin 21\bets.temp' is opened by 14924@LASTO-P

[2021-04-15 15:17:35 #3 store] 
Configuration path: ?

[2021-04-15 15:17:35 #4 type] 
Type domain.User is not enhanced.

[2021-04-15 15:17:35 #5 type] 
Type domain.Wallet is not enhanced.

[2021-04-15 15:17:35 #6 type] 
Type domain.Bet is not enhanced.

[2021-04-15 15:17:36 #7 type] 
Type domain.Event is not enhanced.

[2021-04-15 15:17:36 #8 type] 
Type domain.Answer is not enhanced.

[2021-04-15 15:17:36 #9 type] 
Type domain.Question is not enhanced.

------------------------------------------------------------------------------------------------------------------------

[2021-04-15 15:27:08 #1 store] 
Database 'C:\Users\user\git\BetAndRuin_repos\BetAndRuin 21\bets.temp' has been recovered (tr. 9-9)

[2021-04-15 15:27:09 #2 store] 
Database 'C:\Users\user\git\BetAndRuin_repos\BetAndRuin 21\bets.temp' is opened by 676@LASTO-P

[2021-04-15 15:27:09 #3 store] 
Configuration path: ?

[2021-04-15 15:27:09 #4 type] 
Type domain.User is not enhanced.

[2021-04-15 15:27:09 #5 type] 
Type domain.Wallet is not enhanced.

[2021-04-15 15:27:09 #6 type] 
Type domain.Bet is not enhanced.

[2021-04-15 15:27:09 #7 type] 
Type domain.Event is not enhanced.

[2021-04-15 15:27:09 #8 type] 
Type domain.Answer is not enhanced.

[2021-04-15 15:27:09 #9 type] 
Type domain.Question is not enhanced.

------------------------------------------------------------------------------------------------------------------------

[2021-04-15 15:33:21 #1 store] 
Database 'C:\Users\user\git\BetAndRuin_repos\BetAndRuin 21\bets.temp' has been recovered (tr. 10-10)

[2021-04-15 15:33:21 #2 store] 
Database 'C:\Users\user\git\BetAndRuin_repos\BetAndRuin 21\bets.temp' is opened by 3264@LASTO-P

[2021-04-15 15:33:21 #3 store] 
Configuration path: ?

[2021-04-15 15:33:21 #4 type] 
Type domain.User is not enhanced.

[2021-04-15 15:33:21 #5 type] 
Type domain.Wallet is not enhanced.

[2021-04-15 15:33:21 #6 type] 
Type domain.Bet is not enhanced.

[2021-04-15 15:33:21 #7 type] 
Type domain.Event is not enhanced.

[2021-04-15 15:33:21 #8 type] 
Type domain.Answer is not enhanced.

[2021-04-15 15:33:21 #9 type] 
Type domain.Question is not enhanced.

------------------------------------------------------------------------------------------------------------------------

[2021-04-15 15:35:21 #1 store] 
Database 'C:\Users\user\git\BetAndRuin_repos\BetAndRuin 21\bets.temp' has been recovered (tr. 11-12)

[2021-04-15 15:35:21 #2 store] 
Database 'C:\Users\user\git\BetAndRuin_repos\BetAndRuin 21\bets.temp' is opened by 9944@LASTO-P

[2021-04-15 15:35:21 #3 store] 
Configuration path: ?

[2021-04-15 15:35:21 #4 type] 
Type domain.User is not enhanced.

[2021-04-15 15:35:21 #5 type] 
Type domain.Wallet is not enhanced.

[2021-04-15 15:35:21 #6 type] 
Type domain.Bet is not enhanced.

[2021-04-15 15:35:21 #7 type] 
Type domain.Event is not enhanced.

[2021-04-15 15:35:21 #8 type] 
Type domain.Answer is not enhanced.

[2021-04-15 15:35:21 #9 type] 
Type domain.Question is not enhanced.

------------------------------------------------------------------------------------------------------------------------

[2021-04-15 15:36:06 #1 store] 
Database 'C:\Users\user\git\BetAndRuin_repos\BetAndRuin 21\bets.temp' has been recovered (tr. 13-14)

[2021-04-15 15:36:06 #2 store] 
Database 'C:\Users\user\git\BetAndRuin_repos\BetAndRuin 21\bets.temp' is opened by 14104@LASTO-P

[2021-04-15 15:36:06 #3 store] 
Configuration path: ?

[2021-04-15 15:36:06 #4 type] 
Type domain.User is not enhanced.

[2021-04-15 15:36:06 #5 type] 
Type domain.Wallet is not enhanced.

[2021-04-15 15:36:06 #6 type] 
Type domain.Bet is not enhanced.

[2021-04-15 15:36:06 #7 type] 
Type domain.Event is not enhanced.

[2021-04-15 15:36:06 #8 type] 
Type domain.Answer is not enhanced.

[2021-04-15 15:36:06 #9 type] 
Type domain.Question is not enhanced.

------------------------------------------------------------------------------------------------------------------------

[2021-04-15 15:40:45 #1 store] 
Database 'C:\Users\user\git\BetAndRuin_repos\BetAndRuin 21\bets.temp' has been recovered (tr. 15-16)

[2021-04-15 15:40:45 #2 store] 
Database 'C:\Users\user\git\BetAndRuin_repos\BetAndRuin 21\bets.temp' is opened by 13820@LASTO-P

[2021-04-15 15:40:45 #3 store] 
Configuration path: ?

[2021-04-15 15:40:45 #4 type] 
Type domain.User is not enhanced.

[2021-04-15 15:40:45 #5 type] 
Type domain.Wallet is not enhanced.

[2021-04-15 15:40:45 #6 type] 
Type domain.Bet is not enhanced.

[2021-04-15 15:40:45 #7 type] 
Type domain.Event is not enhanced.

[2021-04-15 15:40:45 #8 type] 
Type domain.Answer is not enhanced.

[2021-04-15 15:40:45 #9 type] 
Type domain.Question is not enhanced.

------------------------------------------------------------------------------------------------------------------------

[2021-04-15 15:42:53 #1 store] 
Database 'C:\Users\user\git\BetAndRuin_repos\BetAndRuin 21\bets.temp' has been recovered (tr. 17-18)

[2021-04-15 15:42:53 #2 store] 
Database 'C:\Users\user\git\BetAndRuin_repos\BetAndRuin 21\bets.temp' is opened by 740@LASTO-P

[2021-04-15 15:42:53 #3 store] 
Configuration path: ?

[2021-04-15 15:42:53 #4 type] 
Type domain.User is not enhanced.

[2021-04-15 15:42:53 #5 type] 
Type domain.Wallet is not enhanced.

[2021-04-15 15:42:53 #6 type] 
Type domain.Bet is not enhanced.

[2021-04-15 15:42:53 #7 type] 
Type domain.Event is not enhanced.

[2021-04-15 15:42:53 #8 type] 
Type domain.Answer is not enhanced.

[2021-04-15 15:42:53 #9 type] 
Type domain.Question is not enhanced.

------------------------------------------------------------------------------------------------------------------------

[2021-04-15 15:44:20 #1 store] 
Database 'C:\Users\user\git\BetAndRuin_repos\BetAndRuin 21\bets.temp' is opened by 2792@LASTO-P

[2021-04-15 15:44:20 #2 store] 
Configuration path: ?

[2021-04-15 15:44:20 #3 type] 
Type domain.User is not enhanced.

[2021-04-15 15:44:20 #4 type] 
Type domain.Wallet is not enhanced.

[2021-04-15 15:44:20 #5 type] 
Type domain.Bet is not enhanced.

[2021-04-15 15:44:20 #6 type] 
Type domain.Event is not enhanced.

[2021-04-15 15:44:20 #7 type] 
Type domain.Answer is not enhanced.

[2021-04-15 15:44:20 #8 type] 
Type domain.Question is not enhanced.

------------------------------------------------------------------------------------------------------------------------

[2021-04-15 16:00:57 #1 store] 
Database 'C:\Users\user\git\BetAndRuin_repos\BetAndRuin 21\bets.temp' has been recovered (tr. 19-20)

[2021-04-15 16:00:57 #2 store] 
Database 'C:\Users\user\git\BetAndRuin_repos\BetAndRuin 21\bets.temp' is opened by 15140@LASTO-P

[2021-04-15 16:00:57 #3 store] 
Configuration path: ?

[2021-04-15 16:00:57 #4 type] 
Type domain.User is not enhanced.

[2021-04-15 16:00:57 #5 type] 
Type domain.Wallet is not enhanced.

[2021-04-15 16:00:57 #6 type] 
Type domain.Bet is not enhanced.

[2021-04-15 16:00:57 #7 type] 
Type domain.Event is not enhanced.

[2021-04-15 16:00:57 #8 type] 
Type domain.Answer is not enhanced.

[2021-04-15 16:00:57 #9 type] 
Type domain.Question is not enhanced.

------------------------------------------------------------------------------------------------------------------------

[2021-04-15 16:01:20 #1 store] 
Database 'C:\Users\user\git\BetAndRuin_repos\BetAndRuin 21\bets.temp' has been recovered (tr. 21-21)

[2021-04-15 16:01:20 #2 store] 
Database 'C:\Users\user\git\BetAndRuin_repos\BetAndRuin 21\bets.temp' is opened by 14176@LASTO-P

[2021-04-15 16:01:20 #3 store] 
Configuration path: ?

[2021-04-15 16:01:20 #4 type] 
Type domain.User is not enhanced.

[2021-04-15 16:01:20 #5 type] 
Type domain.Wallet is not enhanced.

[2021-04-15 16:01:20 #6 type] 
Type domain.Bet is not enhanced.

[2021-04-15 16:01:20 #7 type] 
Type domain.Event is not enhanced.

[2021-04-15 16:01:20 #8 type] 
Type domain.Answer is not enhanced.

[2021-04-15 16:01:20 #9 type] 
Type domain.Question is not enhanced.

------------------------------------------------------------------------------------------------------------------------

[2021-04-15 16:07:11 #1 store] 
Database 'C:\Users\user\git\BetAndRuin_repos\BetAndRuin 21\bets.temp' has been recovered (tr. 22-25)

[2021-04-15 16:07:11 #2 store] 
Database 'C:\Users\user\git\BetAndRuin_repos\BetAndRuin 21\bets.temp' is opened by 460@LASTO-P

[2021-04-15 16:07:11 #3 store] 
Configuration path: ?

[2021-04-15 16:07:11 #4 type] 
Type domain.User is not enhanced.

[2021-04-15 16:07:11 #5 type] 
Type domain.Wallet is not enhanced.

[2021-04-15 16:07:11 #6 type] 
Type domain.Bet is not enhanced.

[2021-04-15 16:07:11 #7 type] 
Type domain.Event is not enhanced.

[2021-04-15 16:07:11 #8 type] 
Type domain.Answer is not enhanced.

[2021-04-15 16:07:11 #9 type] 
Type domain.Question is not enhanced.

------------------------------------------------------------------------------------------------------------------------

[2021-04-15 16:17:35 #1 store] 
Database 'C:\Users\user\git\BetAndRuin_repos\BetAndRuin 21\bets.temp' has been recovered (tr. 26-27)

[2021-04-15 16:17:35 #2 store] 
Database 'C:\Users\user\git\BetAndRuin_repos\BetAndRuin 21\bets.temp' is opened by 15088@LASTO-P

[2021-04-15 16:17:35 #3 store] 
Configuration path: ?

[2021-04-15 16:17:36 #4 type] 
Type domain.User is not enhanced.

[2021-04-15 16:17:36 #5 type] 
Type domain.Wallet is not enhanced.

[2021-04-15 16:17:36 #6 type] 
Type domain.Bet is not enhanced.

[2021-04-15 16:17:36 #7 type] 
Type domain.Event is not enhanced.

[2021-04-15 16:17:36 #8 type] 
Type domain.Answer is not enhanced.

[2021-04-15 16:17:36 #9 type] 
Type domain.Question is not enhanced.

------------------------------------------------------------------------------------------------------------------------

[2021-04-15 16:21:56 #1 store] 
Database 'C:\Users\user\git\BetAndRuin_repos\BetAndRuin 21\bets.temp' is opened by 16080@LASTO-P

[2021-04-15 16:21:56 #2 store] 
Configuration path: ?

[2021-04-15 16:21:57 #3 type] 
Type domain.User is not enhanced.

[2021-04-15 16:21:57 #4 type] 
Type domain.Wallet is not enhanced.

[2021-04-15 16:21:57 #5 type] 
Type domain.Bet is not enhanced.

[2021-04-15 16:21:57 #6 type] 
Type domain.Event is not enhanced.

[2021-04-15 16:21:57 #7 type] 
Type domain.Answer is not enhanced.

[2021-04-15 16:21:57 #8 type] 
Type domain.Question is not enhanced.

------------------------------------------------------------------------------------------------------------------------

[2021-04-15 16:22:04 #1 store] 
Database 'C:\Users\user\git\BetAndRuin_repos\BetAndRuin 21\bets.temp' is opened by 3336@LASTO-P

[2021-04-15 16:22:04 #2 store] 
Configuration path: ?

[2021-04-15 16:22:04 #3 type] 
Type domain.User is not enhanced.

[2021-04-15 16:22:04 #4 type] 
Type domain.Wallet is not enhanced.

[2021-04-15 16:22:04 #5 type] 
Type domain.Bet is not enhanced.

[2021-04-15 16:22:04 #6 type] 
Type domain.Event is not enhanced.

[2021-04-15 16:22:04 #7 type] 
Type domain.Answer is not enhanced.

[2021-04-15 16:22:04 #8 type] 
Type domain.Question is not enhanced.

------------------------------------------------------------------------------------------------------------------------

[2021-04-15 16:23:00 #1 store] 
Database 'C:\Users\user\git\BetAndRuin_repos\BetAndRuin 21\bets.temp' has been recovered (tr. 28-29)

[2021-04-15 16:23:00 #2 store] 
Database 'C:\Users\user\git\BetAndRuin_repos\BetAndRuin 21\bets.temp' is opened by 7388@LASTO-P

[2021-04-15 16:23:00 #3 store] 
Configuration path: ?

[2021-04-15 16:23:00 #4 type] 
Type domain.User is not enhanced.

[2021-04-15 16:23:00 #5 type] 
Type domain.Wallet is not enhanced.

[2021-04-15 16:23:00 #6 type] 
Type domain.Bet is not enhanced.

[2021-04-15 16:23:00 #7 type] 
Type domain.Event is not enhanced.

[2021-04-15 16:23:00 #8 type] 
Type domain.Answer is not enhanced.

[2021-04-15 16:23:00 #9 type] 
Type domain.Question is not enhanced.

------------------------------------------------------------------------------------------------------------------------

[2021-04-15 16:50:13 #1 store] 
Database 'C:\Users\user\git\BetAndRuin_repos\BetAndRuin 21\bets.temp' is opened by 16008@LASTO-P

[2021-04-15 16:50:13 #2 store] 
Configuration path: ?

[2021-04-15 16:50:13 #3 type] 
Type domain.User is not enhanced.

[2021-04-15 16:50:13 #4 type] 
Type domain.Wallet is not enhanced.

[2021-04-15 16:50:13 #5 type] 
Type domain.Bet is not enhanced.

[2021-04-15 16:50:13 #6 type] 
Type domain.Event is not enhanced.

[2021-04-15 16:50:13 #7 type] 
Type domain.Answer is not enhanced.

[2021-04-15 16:50:13 #8 type] 
Type domain.Question is not enhanced.

------------------------------------------------------------------------------------------------------------------------

[2021-04-15 17:56:52 #1 store] 
Database 'C:\Users\user\git\BetAndRuin_repos\BetAndRuin 21\bets.temp' has been recovered (tr. 1-8)

[2021-04-15 17:56:52 #2 store] 
Database 'C:\Users\user\git\BetAndRuin_repos\BetAndRuin 21\bets.temp' is opened by 6848@LASTO-P

[2021-04-15 17:56:52 #3 store] 
Configuration path: ?

[2021-04-15 17:56:52 #4 type] 
Type domain.User is not enhanced.

[2021-04-15 17:56:52 #5 type] 
Type domain.Wallet is not enhanced.

[2021-04-15 17:56:52 #6 type] 
Type domain.Bet is not enhanced.

[2021-04-15 17:56:52 #7 type] 
Type domain.Event is not enhanced.

[2021-04-15 17:56:52 #8 type] 
Type domain.Answer is not enhanced.

[2021-04-15 17:56:52 #9 type] 
Type domain.Question is not enhanced.

------------------------------------------------------------------------------------------------------------------------

[2021-04-15 17:58:25 #1 store] 
Database 'C:\Users\user\git\BetAndRuin_repos\BetAndRuin 21\bets.temp' is opened by 15972@LASTO-P

[2021-04-15 17:58:25 #2 store] 
Configuration path: ?

[2021-04-15 17:58:25 #3 type] 
Type domain.User is not enhanced.

[2021-04-15 17:58:25 #4 type] 
Type domain.Wallet is not enhanced.

[2021-04-15 17:58:25 #5 type] 
Type domain.Bet is not enhanced.

[2021-04-15 17:58:25 #6 type] 
Type domain.Event is not enhanced.

[2021-04-15 17:58:25 #7 type] 
Type domain.Answer is not enhanced.

[2021-04-15 17:58:25 #8 type] 
Type domain.Question is not enhanced.

------------------------------------------------------------------------------------------------------------------------

[2021-04-15 17:58:40 #1 store] 
Database 'C:\Users\user\git\BetAndRuin_repos\BetAndRuin 21\bets.temp' has been recovered (tr. 1-6)

[2021-04-15 17:58:40 #2 store] 
Database 'C:\Users\user\git\BetAndRuin_repos\BetAndRuin 21\bets.temp' is opened by 8544@LASTO-P

[2021-04-15 17:58:40 #3 store] 
Configuration path: ?

[2021-04-15 17:58:40 #4 type] 
Type domain.User is not enhanced.

[2021-04-15 17:58:40 #5 type] 
Type domain.Wallet is not enhanced.

[2021-04-15 17:58:40 #6 type] 
Type domain.Bet is not enhanced.

[2021-04-15 17:58:40 #7 type] 
Type domain.Event is not enhanced.

[2021-04-15 17:58:40 #8 type] 
Type domain.Answer is not enhanced.

[2021-04-15 17:58:40 #9 type] 
Type domain.Question is not enhanced.

------------------------------------------------------------------------------------------------------------------------

[2021-04-15 18:00:38 #1 store] 
Database 'C:\Users\user\git\BetAndRuin_repos\BetAndRuin 21\bets.temp' is opened by 12932@LASTO-P

[2021-04-15 18:00:38 #2 store] 
Configuration path: ?

[2021-04-15 18:00:38 #3 type] 
Type domain.User is not enhanced.

[2021-04-15 18:00:38 #4 type] 
Type domain.Wallet is not enhanced.

[2021-04-15 18:00:38 #5 type] 
Type domain.Bet is not enhanced.

[2021-04-15 18:00:38 #6 type] 
Type domain.Event is not enhanced.

[2021-04-15 18:00:38 #7 type] 
Type domain.Answer is not enhanced.

[2021-04-15 18:00:38 #8 type] 
Type domain.Question is not enhanced.

------------------------------------------------------------------------------------------------------------------------

[2021-04-15 18:03:41 #1 store] 
Database 'C:\Users\user\git\BetAndRuin_repos\BetAndRuin 21\bets.temp' has been recovered (tr. 7-8)

[2021-04-15 18:03:41 #2 store] 
Database 'C:\Users\user\git\BetAndRuin_repos\BetAndRuin 21\bets.temp' is opened by 16688@LASTO-P

[2021-04-15 18:03:41 #3 store] 
Configuration path: ?

[2021-04-15 18:03:41 #4 type] 
Type domain.User is not enhanced.

[2021-04-15 18:03:41 #5 type] 
Type domain.Wallet is not enhanced.

[2021-04-15 18:03:41 #6 type] 
Type domain.Bet is not enhanced.

[2021-04-15 18:03:41 #7 type] 
Type domain.Event is not enhanced.

[2021-04-15 18:03:41 #8 type] 
Type domain.Answer is not enhanced.

[2021-04-15 18:03:41 #9 type] 
Type domain.Question is not enhanced.

------------------------------------------------------------------------------------------------------------------------

[2021-04-15 18:06:06 #1 store] 
Database 'C:\Users\user\git\BetAndRuin_repos\BetAndRuin 21\bets.temp' has been recovered (tr. 9-10)

[2021-04-15 18:06:06 #2 store] 
Database 'C:\Users\user\git\BetAndRuin_repos\BetAndRuin 21\bets.temp' is opened by 532@LASTO-P

[2021-04-15 18:06:06 #3 store] 
Configuration path: ?

[2021-04-15 18:06:06 #4 type] 
Type domain.User is not enhanced.

[2021-04-15 18:06:06 #5 type] 
Type domain.Wallet is not enhanced.

[2021-04-15 18:06:06 #6 type] 
Type domain.Bet is not enhanced.

[2021-04-15 18:06:06 #7 type] 
Type domain.Event is not enhanced.

[2021-04-15 18:06:06 #8 type] 
Type domain.Answer is not enhanced.

[2021-04-15 18:06:06 #9 type] 
Type domain.Question is not enhanced.

------------------------------------------------------------------------------------------------------------------------

[2021-04-15 18:10:24 #1 store] 
Database 'C:\Users\user\git\BetAndRuin_repos\BetAndRuin 21\bets.temp' has been recovered (tr. 11-12)

[2021-04-15 18:10:24 #2 store] 
Database 'C:\Users\user\git\BetAndRuin_repos\BetAndRuin 21\bets.temp' is opened by 3540@LASTO-P

[2021-04-15 18:10:24 #3 store] 
Configuration path: ?

[2021-04-15 18:10:24 #4 type] 
Type domain.User is not enhanced.

[2021-04-15 18:10:24 #5 type] 
Type domain.Wallet is not enhanced.

[2021-04-15 18:10:24 #6 type] 
Type domain.Bet is not enhanced.

[2021-04-15 18:10:24 #7 type] 
Type domain.Event is not enhanced.

[2021-04-15 18:10:24 #8 type] 
Type domain.Answer is not enhanced.

[2021-04-15 18:10:24 #9 type] 
Type domain.Question is not enhanced.

------------------------------------------------------------------------------------------------------------------------

[2021-04-15 18:11:53 #1 store] 
Database 'C:\Users\user\git\BetAndRuin_repos\BetAndRuin 21\bets.temp' has been recovered (tr. 13-14)

[2021-04-15 18:11:53 #2 store] 
Database 'C:\Users\user\git\BetAndRuin_repos\BetAndRuin 21\bets.temp' is opened by 3392@LASTO-P

[2021-04-15 18:11:53 #3 store] 
Configuration path: ?

[2021-04-15 18:11:53 #4 type] 
Type domain.User is not enhanced.

[2021-04-15 18:11:53 #5 type] 
Type domain.Wallet is not enhanced.

[2021-04-15 18:11:53 #6 type] 
Type domain.Bet is not enhanced.

[2021-04-15 18:11:53 #7 type] 
Type domain.Event is not enhanced.

[2021-04-15 18:11:53 #8 type] 
Type domain.Answer is not enhanced.

[2021-04-15 18:11:53 #9 type] 
Type domain.Question is not enhanced.

------------------------------------------------------------------------------------------------------------------------

[2021-04-15 18:15:05 #1 store] 
Database 'C:\Users\user\git\BetAndRuin_repos\BetAndRuin 21\bets.temp' has been recovered (tr. 15-16)

[2021-04-15 18:15:05 #2 store] 
Database 'C:\Users\user\git\BetAndRuin_repos\BetAndRuin 21\bets.temp' is opened by 9628@LASTO-P

[2021-04-15 18:15:05 #3 store] 
Configuration path: ?

[2021-04-15 18:15:05 #4 type] 
Type domain.User is not enhanced.

[2021-04-15 18:15:05 #5 type] 
Type domain.Wallet is not enhanced.

[2021-04-15 18:15:05 #6 type] 
Type domain.Bet is not enhanced.

[2021-04-15 18:15:05 #7 type] 
Type domain.Event is not enhanced.

[2021-04-15 18:15:05 #8 type] 
Type domain.Answer is not enhanced.

[2021-04-15 18:15:05 #9 type] 
Type domain.Question is not enhanced.

------------------------------------------------------------------------------------------------------------------------

[2021-04-15 18:17:34 #1 store] 
Database 'C:\Users\user\git\BetAndRuin_repos\BetAndRuin 21\bets.temp' has been recovered (tr. 17-18)

[2021-04-15 18:17:34 #2 store] 
Database 'C:\Users\user\git\BetAndRuin_repos\BetAndRuin 21\bets.temp' is opened by 12536@LASTO-P

[2021-04-15 18:17:34 #3 store] 
Configuration path: ?

[2021-04-15 18:17:34 #4 type] 
Type domain.User is not enhanced.

[2021-04-15 18:17:34 #5 type] 
Type domain.Wallet is not enhanced.

[2021-04-15 18:17:34 #6 type] 
Type domain.Bet is not enhanced.

[2021-04-15 18:17:34 #7 type] 
Type domain.Event is not enhanced.

[2021-04-15 18:17:34 #8 type] 
Type domain.Answer is not enhanced.

[2021-04-15 18:17:34 #9 type] 
Type domain.Question is not enhanced.

------------------------------------------------------------------------------------------------------------------------

[2021-04-15 18:17:47 #1 store] 
Database 'C:\Users\user\git\BetAndRuin_repos\BetAndRuin 21\bets.temp' has been recovered (tr. 19-19)

[2021-04-15 18:17:47 #2 store] 
Database 'C:\Users\user\git\BetAndRuin_repos\BetAndRuin 21\bets.temp' is opened by 16448@LASTO-P

[2021-04-15 18:17:47 #3 store] 
Configuration path: ?

[2021-04-15 18:17:47 #4 type] 
Type domain.User is not enhanced.

[2021-04-15 18:17:47 #5 type] 
Type domain.Wallet is not enhanced.

[2021-04-15 18:17:47 #6 type] 
Type domain.Bet is not enhanced.

[2021-04-15 18:17:47 #7 type] 
Type domain.Event is not enhanced.

[2021-04-15 18:17:47 #8 type] 
Type domain.Answer is not enhanced.

[2021-04-15 18:17:47 #9 type] 
Type domain.Question is not enhanced.

------------------------------------------------------------------------------------------------------------------------

[2021-04-15 18:22:11 #1 store] 
Database 'C:\Users\user\git\BetAndRuin_repos\BetAndRuin 21\bets.temp' has been recovered (tr. 20-21)

[2021-04-15 18:22:11 #2 store] 
Database 'C:\Users\user\git\BetAndRuin_repos\BetAndRuin 21\bets.temp' is opened by 3392@LASTO-P

[2021-04-15 18:22:11 #3 store] 
Configuration path: ?

[2021-04-15 18:22:11 #4 type] 
Type domain.User is not enhanced.

[2021-04-15 18:22:11 #5 type] 
Type domain.Wallet is not enhanced.

[2021-04-15 18:22:11 #6 type] 
Type domain.Bet is not enhanced.

[2021-04-15 18:22:11 #7 type] 
Type domain.Event is not enhanced.

[2021-04-15 18:22:11 #8 type] 
Type domain.Answer is not enhanced.

[2021-04-15 18:22:11 #9 type] 
Type domain.Question is not enhanced.

------------------------------------------------------------------------------------------------------------------------

[2021-04-15 18:24:11 #1 store] 
Database 'C:\Users\user\git\BetAndRuin_repos\BetAndRuin 21\bets.temp' has been recovered (tr. 22-23)

[2021-04-15 18:24:11 #2 store] 
Database 'C:\Users\user\git\BetAndRuin_repos\BetAndRuin 21\bets.temp' is opened by 12748@LASTO-P

[2021-04-15 18:24:11 #3 store] 
Configuration path: ?

[2021-04-15 18:24:11 #4 type] 
Type domain.User is not enhanced.

[2021-04-15 18:24:11 #5 type] 
Type domain.Wallet is not enhanced.

[2021-04-15 18:24:11 #6 type] 
Type domain.Bet is not enhanced.

[2021-04-15 18:24:11 #7 type] 
Type domain.Event is not enhanced.

[2021-04-15 18:24:11 #8 type] 
Type domain.Answer is not enhanced.

[2021-04-15 18:24:11 #9 type] 
Type domain.Question is not enhanced.

------------------------------------------------------------------------------------------------------------------------

[2021-04-15 18:25:47 #1 store] 
Database 'C:\Users\user\git\BetAndRuin_repos\BetAndRuin 21\bets.temp' has been recovered (tr. 24-25)

[2021-04-15 18:25:47 #2 store] 
Database 'C:\Users\user\git\BetAndRuin_repos\BetAndRuin 21\bets.temp' is opened by 11508@LASTO-P

[2021-04-15 18:25:47 #3 store] 
Configuration path: ?

[2021-04-15 18:25:47 #4 type] 
Type domain.User is not enhanced.

[2021-04-15 18:25:47 #5 type] 
Type domain.Wallet is not enhanced.

[2021-04-15 18:25:47 #6 type] 
Type domain.Bet is not enhanced.

[2021-04-15 18:25:47 #7 type] 
Type domain.Event is not enhanced.

[2021-04-15 18:25:47 #8 type] 
Type domain.Answer is not enhanced.

[2021-04-15 18:25:47 #9 type] 
Type domain.Question is not enhanced.

------------------------------------------------------------------------------------------------------------------------

[2021-04-15 18:28:20 #1 store] 
Database 'C:\Users\user\git\BetAndRuin_repos\BetAndRuin 21\bets.temp' has been recovered (tr. 26-28)

[2021-04-15 18:28:20 #2 store] 
Database 'C:\Users\user\git\BetAndRuin_repos\BetAndRuin 21\bets.temp' is opened by 16880@LASTO-P

[2021-04-15 18:28:20 #3 store] 
Configuration path: ?

[2021-04-15 18:28:20 #4 type] 
Type domain.User is not enhanced.

[2021-04-15 18:28:20 #5 type] 
Type domain.Wallet is not enhanced.

[2021-04-15 18:28:20 #6 type] 
Type domain.Bet is not enhanced.

[2021-04-15 18:28:20 #7 type] 
Type domain.Event is not enhanced.

[2021-04-15 18:28:20 #8 type] 
Type domain.Answer is not enhanced.

[2021-04-15 18:28:20 #9 type] 
Type domain.Question is not enhanced.

------------------------------------------------------------------------------------------------------------------------

[2021-04-15 18:30:51 #1 store] 
Database 'C:\Users\user\git\BetAndRuin_repos\BetAndRuin 21\bets.temp' has been recovered (tr. 29-30)

[2021-04-15 18:30:52 #2 store] 
Database 'C:\Users\user\git\BetAndRuin_repos\BetAndRuin 21\bets.temp' is opened by 3272@LASTO-P

[2021-04-15 18:30:52 #3 store] 
Configuration path: ?

[2021-04-15 18:30:52 #4 type] 
Type domain.User is not enhanced.

[2021-04-15 18:30:52 #5 type] 
Type domain.Wallet is not enhanced.

[2021-04-15 18:30:52 #6 type] 
Type domain.Bet is not enhanced.

[2021-04-15 18:30:52 #7 type] 
Type domain.Event is not enhanced.

[2021-04-15 18:30:52 #8 type] 
Type domain.Answer is not enhanced.

[2021-04-15 18:30:52 #9 type] 
Type domain.Question is not enhanced.

------------------------------------------------------------------------------------------------------------------------

[2021-04-15 18:31:10 #1 store] 
Database 'C:\Users\user\git\BetAndRuin_repos\BetAndRuin 21\bets.temp' has been recovered (tr. 31-31)

[2021-04-15 18:31:10 #2 store] 
Database 'C:\Users\user\git\BetAndRuin_repos\BetAndRuin 21\bets.temp' is opened by 17056@LASTO-P

[2021-04-15 18:31:10 #3 store] 
Configuration path: ?

[2021-04-15 18:31:10 #4 type] 
Type domain.User is not enhanced.

[2021-04-15 18:31:10 #5 type] 
Type domain.Wallet is not enhanced.

[2021-04-15 18:31:10 #6 type] 
Type domain.Bet is not enhanced.

[2021-04-15 18:31:10 #7 type] 
Type domain.Event is not enhanced.

[2021-04-15 18:31:10 #8 type] 
Type domain.Answer is not enhanced.

[2021-04-15 18:31:10 #9 type] 
Type domain.Question is not enhanced.

------------------------------------------------------------------------------------------------------------------------

[2021-04-15 18:34:29 #1 store] 
Database 'C:\Users\user\git\BetAndRuin_repos\BetAndRuin 21\bets.temp' is opened by 16536@LASTO-P

[2021-04-15 18:34:29 #2 store] 
Configuration path: ?

[2021-04-15 18:34:29 #3 type] 
Type domain.User is not enhanced.

[2021-04-15 18:34:29 #4 type] 
Type domain.Wallet is not enhanced.

[2021-04-15 18:34:29 #5 type] 
Type domain.Bet is not enhanced.

[2021-04-15 18:34:29 #6 type] 
Type domain.Event is not enhanced.

[2021-04-15 18:34:30 #7 type] 
Type domain.Answer is not enhanced.

[2021-04-15 18:34:30 #8 type] 
Type domain.Question is not enhanced.

------------------------------------------------------------------------------------------------------------------------

[2021-04-15 18:36:28 #1 store] 
Database 'C:\Users\user\git\BetAndRuin_repos\BetAndRuin 21\bets.temp' has been recovered (tr. 33-35)

[2021-04-15 18:36:28 #2 store] 
Database 'C:\Users\user\git\BetAndRuin_repos\BetAndRuin 21\bets.temp' is opened by 1108@LASTO-P

[2021-04-15 18:36:28 #3 store] 
Configuration path: ?

[2021-04-15 18:36:28 #4 type] 
Type domain.User is not enhanced.

[2021-04-15 18:36:28 #5 type] 
Type domain.Wallet is not enhanced.

[2021-04-15 18:36:28 #6 type] 
Type domain.Bet is not enhanced.

[2021-04-15 18:36:29 #7 type] 
Type domain.Event is not enhanced.

[2021-04-15 18:36:29 #8 type] 
Type domain.Answer is not enhanced.

[2021-04-15 18:36:29 #9 type] 
Type domain.Question is not enhanced.

------------------------------------------------------------------------------------------------------------------------

[2021-04-15 18:49:18 #1 store] 
Database 'C:\Users\user\git\BetAndRuin_repos\BetAndRuin 21\bets.temp' has been recovered (tr. 36-38)

[2021-04-15 18:49:18 #2 store] 
Database 'C:\Users\user\git\BetAndRuin_repos\BetAndRuin 21\bets.temp' is opened by 1368@LASTO-P

[2021-04-15 18:49:18 #3 store] 
Configuration path: ?

[2021-04-15 18:49:18 #4 type] 
Type domain.User is not enhanced.

[2021-04-15 18:49:18 #5 type] 
Type domain.Wallet is not enhanced.

[2021-04-15 18:49:18 #6 type] 
Type domain.Bet is not enhanced.

[2021-04-15 18:49:18 #7 type] 
Type domain.Event is not enhanced.

[2021-04-15 18:49:18 #8 type] 
Type domain.Answer is not enhanced.

[2021-04-15 18:49:18 #9 type] 
Type domain.Question is not enhanced.

------------------------------------------------------------------------------------------------------------------------

[2021-04-15 18:50:23 #1 store] 
Database 'C:\Users\user\git\BetAndRuin_repos\BetAndRuin 21\bets.temp' has been recovered (tr. 39-40)

[2021-04-15 18:50:23 #2 store] 
Database 'C:\Users\user\git\BetAndRuin_repos\BetAndRuin 21\bets.temp' is opened by 3940@LASTO-P

[2021-04-15 18:50:23 #3 store] 
Configuration path: ?

[2021-04-15 18:50:23 #4 type] 
Type domain.User is not enhanced.

[2021-04-15 18:50:23 #5 type] 
Type domain.Wallet is not enhanced.

[2021-04-15 18:50:23 #6 type] 
Type domain.Bet is not enhanced.

[2021-04-15 18:50:23 #7 type] 
Type domain.Event is not enhanced.

[2021-04-15 18:50:23 #8 type] 
Type domain.Answer is not enhanced.

[2021-04-15 18:50:23 #9 type] 
Type domain.Question is not enhanced.

------------------------------------------------------------------------------------------------------------------------

[2021-04-15 18:52:08 #1 store] 
Database 'C:\Users\user\git\BetAndRuin_repos\BetAndRuin 21\bets.temp' has been recovered (tr. 41-42)

[2021-04-15 18:52:09 #2 store] 
Database 'C:\Users\user\git\BetAndRuin_repos\BetAndRuin 21\bets.temp' is opened by 8588@LASTO-P

[2021-04-15 18:52:09 #3 store] 
Configuration path: ?

[2021-04-15 18:52:09 #4 type] 
Type domain.User is not enhanced.

[2021-04-15 18:52:09 #5 type] 
Type domain.Wallet is not enhanced.

[2021-04-15 18:52:09 #6 type] 
Type domain.Bet is not enhanced.

[2021-04-15 18:52:09 #7 type] 
Type domain.Event is not enhanced.

[2021-04-15 18:52:09 #8 type] 
Type domain.Answer is not enhanced.

[2021-04-15 18:52:09 #9 type] 
Type domain.Question is not enhanced.

------------------------------------------------------------------------------------------------------------------------

[2021-04-15 19:09:15 #1 store] 
Database 'C:\Users\user\git\BetAndRuin_repos\BetAndRuin 21\bets.temp' has been recovered (tr. 43-45)

[2021-04-15 19:09:15 #2 store] 
Database 'C:\Users\user\git\BetAndRuin_repos\BetAndRuin 21\bets.temp' is opened by 15508@LASTO-P

[2021-04-15 19:09:15 #3 store] 
Configuration path: ?

[2021-04-15 19:09:15 #4 type] 
Type domain.User is not enhanced.

[2021-04-15 19:09:15 #5 type] 
Type domain.Wallet is not enhanced.

[2021-04-15 19:09:15 #6 type] 
Type domain.Bet is not enhanced.

[2021-04-15 19:09:15 #7 type] 
Type domain.Event is not enhanced.

[2021-04-15 19:09:15 #8 type] 
Type domain.Answer is not enhanced.

[2021-04-15 19:09:15 #9 type] 
Type domain.Question is not enhanced.

------------------------------------------------------------------------------------------------------------------------

[2021-04-15 19:09:23 #1 store] 
Database 'C:\Users\user\git\BetAndRuin_repos\BetAndRuin 21\bets.temp' is opened by 740@LASTO-P

[2021-04-15 19:09:23 #2 store] 
Configuration path: ?

[2021-04-15 19:09:23 #3 type] 
Type domain.User is not enhanced.

[2021-04-15 19:09:23 #4 type] 
Type domain.Wallet is not enhanced.

[2021-04-15 19:09:23 #5 type] 
Type domain.Bet is not enhanced.

[2021-04-15 19:09:24 #6 type] 
Type domain.Event is not enhanced.

[2021-04-15 19:09:24 #7 type] 
Type domain.Answer is not enhanced.

[2021-04-15 19:09:24 #8 type] 
Type domain.Question is not enhanced.

------------------------------------------------------------------------------------------------------------------------

[2021-04-15 19:22:13 #1 store] 
Database 'C:\Users\user\git\BetAndRuin_repos\BetAndRuin 21\bets.temp' has been recovered (tr. 46-48)

[2021-04-15 19:22:13 #2 store] 
Database 'C:\Users\user\git\BetAndRuin_repos\BetAndRuin 21\bets.temp' is opened by 6840@LASTO-P

[2021-04-15 19:22:13 #3 store] 
Configuration path: ?

[2021-04-15 19:22:13 #4 type] 
Type domain.User is not enhanced.

[2021-04-15 19:22:13 #5 type] 
Type domain.Wallet is not enhanced.

[2021-04-15 19:22:13 #6 type] 
Type domain.Bet is not enhanced.

[2021-04-15 19:22:13 #7 type] 
Type domain.Event is not enhanced.

[2021-04-15 19:22:13 #8 type] 
Type domain.Answer is not enhanced.

[2021-04-15 19:22:13 #9 type] 
Type domain.Question is not enhanced.

------------------------------------------------------------------------------------------------------------------------

[2021-04-15 19:23:08 #1 store] 
Database 'C:\Users\user\git\BetAndRuin_repos\BetAndRuin 21\bets.temp' has been recovered (tr. 49-51)

[2021-04-15 19:23:08 #2 store] 
Database 'C:\Users\user\git\BetAndRuin_repos\BetAndRuin 21\bets.temp' is opened by 16060@LASTO-P

[2021-04-15 19:23:08 #3 store] 
Configuration path: ?

[2021-04-15 19:23:08 #4 type] 
Type domain.User is not enhanced.

[2021-04-15 19:23:08 #5 type] 
Type domain.Wallet is not enhanced.

[2021-04-15 19:23:08 #6 type] 
Type domain.Bet is not enhanced.

[2021-04-15 19:23:08 #7 type] 
Type domain.Event is not enhanced.

[2021-04-15 19:23:08 #8 type] 
Type domain.Answer is not enhanced.

[2021-04-15 19:23:08 #9 type] 
Type domain.Question is not enhanced.

------------------------------------------------------------------------------------------------------------------------

[2021-04-15 19:24:22 #1 store] 
Database 'C:\Users\user\git\BetAndRuin_repos\BetAndRuin 21\bets.temp' is opened by 12120@LASTO-P

[2021-04-15 19:24:22 #2 store] 
Configuration path: ?

[2021-04-15 19:24:22 #3 type] 
Type domain.User is not enhanced.

[2021-04-15 19:24:22 #4 type] 
Type domain.Wallet is not enhanced.

[2021-04-15 19:24:22 #5 type] 
Type domain.Bet is not enhanced.

[2021-04-15 19:24:22 #6 type] 
Type domain.Event is not enhanced.

[2021-04-15 19:24:22 #7 type] 
Type domain.Answer is not enhanced.

[2021-04-15 19:24:22 #8 type] 
Type domain.Question is not enhanced.

------------------------------------------------------------------------------------------------------------------------

[2021-04-15 19:43:43 #1 store] 
Database 'C:\Users\user\git\BetAndRuin_repos\BetAndRuin 21\bets.temp' has been recovered (tr. 52-53)

[2021-04-15 19:43:43 #2 store] 
Database 'C:\Users\user\git\BetAndRuin_repos\BetAndRuin 21\bets.temp' is opened by 9284@LASTO-P

[2021-04-15 19:43:43 #3 store] 
Configuration path: ?

[2021-04-15 19:43:43 #4 type] 
Type domain.User is not enhanced.

[2021-04-15 19:43:43 #5 type] 
Type domain.Wallet is not enhanced.

[2021-04-15 19:43:43 #6 type] 
Type domain.Bet is not enhanced.

[2021-04-15 19:43:43 #7 type] 
Type domain.Event is not enhanced.

[2021-04-15 19:43:43 #8 type] 
Type domain.Answer is not enhanced.

[2021-04-15 19:43:43 #9 type] 
Type domain.Question is not enhanced.

------------------------------------------------------------------------------------------------------------------------

[2021-04-15 19:45:44 #1 store] 
Database 'C:\Users\user\git\BetAndRuin_repos\BetAndRuin 21\bets.temp' has been recovered (tr. 54-56)

[2021-04-15 19:45:44 #2 store] 
Database 'C:\Users\user\git\BetAndRuin_repos\BetAndRuin 21\bets.temp' is opened by 16800@LASTO-P

[2021-04-15 19:45:44 #3 store] 
Configuration path: ?

[2021-04-15 19:45:44 #4 type] 
Type domain.User is not enhanced.

[2021-04-15 19:45:44 #5 type] 
Type domain.Wallet is not enhanced.

[2021-04-15 19:45:44 #6 type] 
Type domain.Bet is not enhanced.

[2021-04-15 19:45:44 #7 type] 
Type domain.Event is not enhanced.

[2021-04-15 19:45:44 #8 type] 
Type domain.Answer is not enhanced.

[2021-04-15 19:45:44 #9 type] 
Type domain.Question is not enhanced.

------------------------------------------------------------------------------------------------------------------------

[2021-04-15 19:47:30 #1 store] 
Database 'C:\Users\user\git\BetAndRuin_repos\BetAndRuin 21\bets.temp' has been recovered (tr. 57-59)

[2021-04-15 19:47:31 #2 store] 
Database 'C:\Users\user\git\BetAndRuin_repos\BetAndRuin 21\bets.temp' is opened by 16860@LASTO-P

[2021-04-15 19:47:31 #3 store] 
Configuration path: ?

[2021-04-15 19:47:31 #4 type] 
Type domain.User is not enhanced.

[2021-04-15 19:47:31 #5 type] 
Type domain.Wallet is not enhanced.

[2021-04-15 19:47:31 #6 type] 
Type domain.Bet is not enhanced.

[2021-04-15 19:47:31 #7 type] 
Type domain.Event is not enhanced.

[2021-04-15 19:47:31 #8 type] 
Type domain.Answer is not enhanced.

[2021-04-15 19:47:31 #9 type] 
Type domain.Question is not enhanced.

------------------------------------------------------------------------------------------------------------------------

[2021-04-15 19:47:44 #1 store] 
Database 'C:\Users\user\git\BetAndRuin_repos\BetAndRuin 21\bets.temp' is opened by 12936@LASTO-P

[2021-04-15 19:47:44 #2 store] 
Configuration path: ?

[2021-04-15 19:47:45 #3 type] 
Type domain.User is not enhanced.

[2021-04-15 19:47:45 #4 type] 
Type domain.Wallet is not enhanced.

[2021-04-15 19:47:45 #5 type] 
Type domain.Bet is not enhanced.

[2021-04-15 19:47:45 #6 type] 
Type domain.Event is not enhanced.

[2021-04-15 19:47:45 #7 type] 
Type domain.Answer is not enhanced.

[2021-04-15 19:47:45 #8 type] 
Type domain.Question is not enhanced.

