------------------------------------------------------------------------------------------------------------------------

[2021-03-02 13:27:33 #1 store] 
Database '/home/estrapro/git/BetAndRuin_repos/BetAndRuin 21/bets.temp' is opened by 7147@estrapro-pc

[2021-03-02 13:27:33 #2 store] 
Configuration path: ?

------------------------------------------------------------------------------------------------------------------------

[2021-03-02 13:28:15 #1 store] 
Database '/home/estrapro/git/BetAndRuin_repos/BetAndRuin 21/bets.temp' has been recovered (tr. 1-2)

[2021-03-02 13:28:15 #2 store] 
Database '/home/estrapro/git/BetAndRuin_repos/BetAndRuin 21/bets.temp' is opened by 7182@estrapro-pc

[2021-03-02 13:28:15 #3 store] 
Configuration path: ?

------------------------------------------------------------------------------------------------------------------------

[2021-03-02 13:30:58 #1 store] 
Database '/home/estrapro/git/BetAndRuin_repos/BetAndRuin 21/bets.temp' is opened by 7268@estrapro-pc

[2021-03-02 13:30:58 #2 store] 
Configuration path: ?

------------------------------------------------------------------------------------------------------------------------

[2021-03-02 13:33:57 #1 store] 
Database '/home/estrapro/git/BetAndRuin_repos/BetAndRuin 21/bets.temp' is opened by 7377@estrapro-pc

[2021-03-02 13:33:57 #2 store] 
Configuration path: ?

[2021-03-02 13:33:57 #3 type] 
Type domain.Question is not enhanced.

[2021-03-02 13:33:57 #4 type] 
Type domain.Event is not enhanced.

------------------------------------------------------------------------------------------------------------------------

[2021-03-02 13:36:18 #1 store] 
Database '/home/estrapro/git/BetAndRuin_repos/BetAndRuin 21/bets.temp' has been recovered (tr. 1-5)

[2021-03-02 13:36:18 #2 store] 
Database '/home/estrapro/git/BetAndRuin_repos/BetAndRuin 21/bets.temp' is opened by 7955@estrapro-pc

[2021-03-02 13:36:18 #3 store] 
Configuration path: ?

[2021-03-02 13:36:18 #4 type] 
Type domain.Question is not enhanced.

[2021-03-02 13:36:18 #5 type] 
Type domain.Event is not enhanced.

------------------------------------------------------------------------------------------------------------------------

[2021-03-02 13:36:27 #1 store] 
Database '/home/estrapro/git/BetAndRuin_repos/BetAndRuin 21/bets.temp' is opened by 7988@estrapro-pc

[2021-03-02 13:36:27 #2 store] 
Configuration path: ?

[2021-03-02 13:36:27 #3 type] 
Type domain.Question is not enhanced.

[2021-03-02 13:36:27 #4 type] 
Type domain.Event is not enhanced.

------------------------------------------------------------------------------------------------------------------------

[2021-03-02 17:08:52 #1 store] 
Database '/home/estrapro/git/BetAndRuin_repos/BetAndRuin 21/bets.temp' is opened by 6891@estrapro-pc

[2021-03-02 17:08:52 #2 store] 
Configuration path: ?

[2021-03-02 17:08:52 #3 type] 
Type domain.Question is not enhanced.

[2021-03-02 17:08:52 #4 type] 
Type domain.Event is not enhanced.

------------------------------------------------------------------------------------------------------------------------

[2021-03-02 18:25:02 #1 store] 
Database '/home/estrapro/git/BetAndRuin_repos/BetAndRuin 21/bets.temp' is opened by 5644@estrapro-pc

[2021-03-02 18:25:02 #2 store] 
Configuration path: ?

[2021-03-02 18:25:02 #3 type] 
Type domain.Question is not enhanced.

[2021-03-02 18:25:02 #4 type] 
Type domain.Event is not enhanced.

------------------------------------------------------------------------------------------------------------------------

[2021-03-02 18:26:06 #1 store] 
Database '/home/estrapro/git/BetAndRuin_repos/BetAndRuin 21/bets.temp' is opened by 5704@estrapro-pc

[2021-03-02 18:26:06 #2 store] 
Configuration path: ?

[2021-03-02 18:26:06 #3 type] 
Type domain.Question is not enhanced.

[2021-03-02 18:26:06 #4 type] 
Type domain.Event is not enhanced.

------------------------------------------------------------------------------------------------------------------------

[2021-03-02 18:30:57 #1 store] 
Database '/home/estrapro/git/BetAndRuin_repos/BetAndRuin 21/bets.temp' is opened by 5936@estrapro-pc

[2021-03-02 18:30:57 #2 store] 
Configuration path: ?

[2021-03-02 18:30:57 #3 type] 
Type domain.Question is not enhanced.

[2021-03-02 18:30:57 #4 type] 
Type domain.Event is not enhanced.

------------------------------------------------------------------------------------------------------------------------

[2021-03-02 18:39:54 #1 store] 
Database '/home/estrapro/git/BetAndRuin_repos/BetAndRuin 21/bets.temp' is opened by 6167@estrapro-pc

[2021-03-02 18:39:54 #2 store] 
Configuration path: ?

[2021-03-02 18:39:55 #3 type] 
Type domain.Question is not enhanced.

[2021-03-02 18:39:55 #4 type] 
Type domain.Event is not enhanced.

[2021-03-02 18:39:55 #5 type] 
Type domain.User is not enhanced.

------------------------------------------------------------------------------------------------------------------------

[2021-03-02 18:41:24 #1 store] 
Database '/home/estrapro/git/BetAndRuin_repos/BetAndRuin 21/bets.temp' is opened by 6267@estrapro-pc

[2021-03-02 18:41:24 #2 store] 
Configuration path: ?

[2021-03-02 18:41:24 #3 type] 
Type domain.Question is not enhanced.

[2021-03-02 18:41:24 #4 type] 
Type domain.Event is not enhanced.

[2021-03-02 18:41:24 #5 type] 
Type domain.User is not enhanced.

------------------------------------------------------------------------------------------------------------------------

[2021-03-02 18:42:06 #1 store] 
Database '/home/estrapro/git/BetAndRuin_repos/BetAndRuin 21/bets.temp' is opened by 6342@estrapro-pc

[2021-03-02 18:42:06 #2 store] 
Configuration path: ?

[2021-03-02 18:42:06 #3 type] 
Type domain.Question is not enhanced.

[2021-03-02 18:42:06 #4 type] 
Type domain.Event is not enhanced.

[2021-03-02 18:42:06 #5 type] 
Type domain.User is not enhanced.

------------------------------------------------------------------------------------------------------------------------

[2021-03-02 18:43:07 #1 store] 
Database '/home/estrapro/git/BetAndRuin_repos/BetAndRuin 21/bets.temp' is opened by 6468@estrapro-pc

[2021-03-02 18:43:07 #2 store] 
Configuration path: ?

[2021-03-02 18:43:07 #3 type] 
Type domain.Question is not enhanced.

[2021-03-02 18:43:07 #4 type] 
Type domain.Event is not enhanced.

[2021-03-02 18:43:07 #5 type] 
Type domain.User is not enhanced.

------------------------------------------------------------------------------------------------------------------------

[2021-03-02 19:03:12 #1 store] 
Database '/home/estrapro/git/BetAndRuin_repos/BetAndRuin 21/bets.temp' is opened by 7156@estrapro-pc

[2021-03-02 19:03:12 #2 store] 
Configuration path: ?

[2021-03-02 19:03:12 #3 type] 
Type domain.Question is not enhanced.

[2021-03-02 19:03:12 #4 type] 
Type domain.Event is not enhanced.

[2021-03-02 19:03:12 #5 type] 
Type domain.User is not enhanced.

------------------------------------------------------------------------------------------------------------------------

[2021-03-02 19:07:23 #1 store] 
Database '/home/estrapro/git/BetAndRuin_repos/BetAndRuin 21/bets.temp' is opened by 7392@estrapro-pc

[2021-03-02 19:07:23 #2 store] 
Configuration path: ?

[2021-03-02 19:07:23 #3 type] 
Type domain.Question is not enhanced.

[2021-03-02 19:07:23 #4 type] 
Type domain.Event is not enhanced.

[2021-03-02 19:07:23 #5 type] 
Type domain.User is not enhanced.

------------------------------------------------------------------------------------------------------------------------

[2021-03-02 19:07:27 #1 store] 
Database '/home/estrapro/git/BetAndRuin_repos/BetAndRuin 21/bets.temp' is opened by 7456@estrapro-pc

[2021-03-02 19:07:27 #2 store] 
Configuration path: ?

[2021-03-02 19:07:27 #3 type] 
Type domain.Question is not enhanced.

[2021-03-02 19:07:27 #4 type] 
Type domain.Event is not enhanced.

[2021-03-02 19:07:27 #5 type] 
Type domain.User is not enhanced.

