------------------------------------------------------------------------------------------------------------------------

[2021-03-04 00:00:15 #1 store] 
Database 'C:\Users\user\git\BetAndRuin_repos\BetAndRuin 21\bets.temp' is opened by 12432@LASTO-P

[2021-03-04 00:00:15 #2 store] 
Configuration path: ?

[2021-03-04 00:00:15 #3 type] 
Type domain.Question is not enhanced.

[2021-03-04 00:00:15 #4 type] 
Type domain.Event is not enhanced.

[2021-03-04 00:00:15 #5 type] 
Type domain.User is not enhanced.

------------------------------------------------------------------------------------------------------------------------

[2021-03-04 12:29:14 #1 store] 
Database 'C:\Users\user\git\BetAndRuin_repos\BetAndRuin 21\bets.temp' is opened by 15932@LASTO-P

[2021-03-04 12:29:14 #2 store] 
Configuration path: ?

[2021-03-04 12:29:15 #3 type] 
Type domain.Question is not enhanced.

[2021-03-04 12:29:15 #4 type] 
Type domain.Event is not enhanced.

[2021-03-04 12:29:15 #5 type] 
Type domain.User is not enhanced.

------------------------------------------------------------------------------------------------------------------------

[2021-03-04 14:58:57 #1 store] 
Database 'C:\Users\user\git\BetAndRuin_repos\BetAndRuin 21\bets.temp' is opened by 14688@LASTO-P

[2021-03-04 14:58:57 #2 store] 
Configuration path: ?

[2021-03-04 14:58:57 #3 type] 
Type domain.Question is not enhanced.

[2021-03-04 14:58:57 #4 type] 
Type domain.Event is not enhanced.

[2021-03-04 14:58:57 #5 type] 
Type domain.User is not enhanced.

------------------------------------------------------------------------------------------------------------------------

[2021-03-04 15:02:58 #1 store] 
Database 'C:\Users\user\git\BetAndRuin_repos\BetAndRuin 21\bets.temp' is opened by 21376@LASTO-P

[2021-03-04 15:02:58 #2 store] 
Configuration path: ?

[2021-03-04 15:02:58 #3 type] 
Type domain.Question is not enhanced.

[2021-03-04 15:02:58 #4 type] 
Type domain.Event is not enhanced.

[2021-03-04 15:02:58 #5 type] 
Type domain.User is not enhanced.

------------------------------------------------------------------------------------------------------------------------

[2021-03-04 15:32:42 #1 store] 
Database 'C:\Users\user\git\BetAndRuin_repos\BetAndRuin 21\bets.temp' is opened by 17224@LASTO-P

[2021-03-04 15:32:42 #2 store] 
Configuration path: ?

[2021-03-04 15:32:42 #3 type] 
Type domain.Question is not enhanced.

[2021-03-04 15:32:42 #4 type] 
Type domain.Event is not enhanced.

[2021-03-04 15:32:42 #5 type] 
Type domain.User is not enhanced.

------------------------------------------------------------------------------------------------------------------------

[2021-03-04 15:39:18 #1 store] 
Database 'C:\Users\user\git\BetAndRuin_repos\BetAndRuin 21\bets.temp' is opened by 10268@LASTO-P

[2021-03-04 15:39:18 #2 store] 
Configuration path: ?

[2021-03-04 15:39:18 #3 type] 
Type domain.Question is not enhanced.

[2021-03-04 15:39:18 #4 type] 
Type domain.Event is not enhanced.

[2021-03-04 15:39:18 #5 type] 
Type domain.User is not enhanced.

------------------------------------------------------------------------------------------------------------------------

[2021-03-04 15:42:42 #1 store] 
Database 'C:\Users\user\git\BetAndRuin_repos\BetAndRuin 21\bets.temp' is opened by 12016@LASTO-P

[2021-03-04 15:42:42 #2 store] 
Configuration path: ?

[2021-03-04 15:42:42 #3 type] 
Type domain.Question is not enhanced.

[2021-03-04 15:42:42 #4 type] 
Type domain.Event is not enhanced.

[2021-03-04 15:42:42 #5 type] 
Type domain.User is not enhanced.

------------------------------------------------------------------------------------------------------------------------

[2021-03-04 15:44:53 #1 store] 
Database 'C:\Users\user\git\BetAndRuin_repos\BetAndRuin 21\bets.temp' has been recovered (tr. 7-7)

[2021-03-04 15:44:53 #2 store] 
Database 'C:\Users\user\git\BetAndRuin_repos\BetAndRuin 21\bets.temp' is opened by 11300@LASTO-P

[2021-03-04 15:44:53 #3 store] 
Configuration path: ?

[2021-03-04 15:44:53 #4 type] 
Type domain.Question is not enhanced.

[2021-03-04 15:44:53 #5 type] 
Type domain.Event is not enhanced.

[2021-03-04 15:44:53 #6 type] 
Type domain.User is not enhanced.

------------------------------------------------------------------------------------------------------------------------

[2021-03-04 15:45:12 #1 store] 
Database 'C:\Users\user\git\BetAndRuin_repos\BetAndRuin 21\bets.temp' is opened by 9992@LASTO-P

[2021-03-04 15:45:12 #2 store] 
Configuration path: ?

[2021-03-04 15:45:12 #3 type] 
Type domain.Question is not enhanced.

[2021-03-04 15:45:12 #4 type] 
Type domain.Event is not enhanced.

[2021-03-04 15:45:12 #5 type] 
Type domain.User is not enhanced.

------------------------------------------------------------------------------------------------------------------------

[2021-03-04 15:47:50 #1 store] 
Database 'C:\Users\user\git\BetAndRuin_repos\BetAndRuin 21\bets.temp' is opened by 11632@LASTO-P

[2021-03-04 15:47:50 #2 store] 
Configuration path: ?

[2021-03-04 15:47:50 #3 type] 
Type domain.Question is not enhanced.

[2021-03-04 15:47:50 #4 type] 
Type domain.Event is not enhanced.

[2021-03-04 15:47:50 #5 type] 
Type domain.User is not enhanced.

------------------------------------------------------------------------------------------------------------------------

[2021-03-04 15:50:19 #1 store] 
Database 'C:\Users\user\git\BetAndRuin_repos\BetAndRuin 21\bets.temp' is opened by 12780@LASTO-P

[2021-03-04 15:50:19 #2 store] 
Configuration path: ?

[2021-03-04 15:50:19 #3 type] 
Type domain.Question is not enhanced.

[2021-03-04 15:50:19 #4 type] 
Type domain.Event is not enhanced.

[2021-03-04 15:50:19 #5 type] 
Type domain.User is not enhanced.

------------------------------------------------------------------------------------------------------------------------

[2021-03-04 16:04:28 #1 store] 
Database 'C:\Users\user\git\BetAndRuin_repos\BetAndRuin 21\bets.temp' has been recovered (tr. 8-8)

[2021-03-04 16:04:28 #2 store] 
Database 'C:\Users\user\git\BetAndRuin_repos\BetAndRuin 21\bets.temp' is opened by 1808@LASTO-P

[2021-03-04 16:04:28 #3 store] 
Configuration path: ?

[2021-03-04 16:04:29 #4 type] 
Type domain.Question is not enhanced.

[2021-03-04 16:04:29 #5 type] 
Type domain.Event is not enhanced.

[2021-03-04 16:04:29 #6 type] 
Type domain.User is not enhanced.

------------------------------------------------------------------------------------------------------------------------

[2021-03-04 16:05:32 #1 store] 
Database 'C:\Users\user\git\BetAndRuin_repos\BetAndRuin 21\bets.temp' is opened by 19736@LASTO-P

[2021-03-04 16:05:32 #2 store] 
Configuration path: ?

[2021-03-04 16:05:32 #3 type] 
Type domain.Question is not enhanced.

[2021-03-04 16:05:32 #4 type] 
Type domain.Event is not enhanced.

[2021-03-04 16:05:32 #5 type] 
Type domain.User is not enhanced.

------------------------------------------------------------------------------------------------------------------------

[2021-03-04 16:07:32 #1 store] 
Database 'C:\Users\user\git\BetAndRuin_repos\BetAndRuin 21\bets.temp' is opened by 18736@LASTO-P

[2021-03-04 16:07:32 #2 store] 
Configuration path: ?

[2021-03-04 16:07:33 #3 type] 
Type domain.Question is not enhanced.

[2021-03-04 16:07:33 #4 type] 
Type domain.Event is not enhanced.

[2021-03-04 16:07:33 #5 type] 
Type domain.User is not enhanced.

------------------------------------------------------------------------------------------------------------------------

[2021-03-04 16:09:56 #1 store] 
Database 'C:\Users\user\git\BetAndRuin_repos\BetAndRuin 21\bets.temp' is opened by 17504@LASTO-P

[2021-03-04 16:09:56 #2 store] 
Configuration path: ?

[2021-03-04 16:09:56 #3 type] 
Type domain.Question is not enhanced.

[2021-03-04 16:09:56 #4 type] 
Type domain.Event is not enhanced.

[2021-03-04 16:09:56 #5 type] 
Type domain.User is not enhanced.

------------------------------------------------------------------------------------------------------------------------

[2021-03-04 16:12:21 #1 store] 
Database 'C:\Users\user\git\BetAndRuin_repos\BetAndRuin 21\bets.temp' is opened by 7512@LASTO-P

[2021-03-04 16:12:21 #2 store] 
Configuration path: ?

[2021-03-04 16:12:21 #3 type] 
Type domain.Question is not enhanced.

[2021-03-04 16:12:21 #4 type] 
Type domain.Event is not enhanced.

[2021-03-04 16:12:21 #5 type] 
Type domain.User is not enhanced.

------------------------------------------------------------------------------------------------------------------------

[2021-03-04 16:13:05 #1 store] 
Database 'C:\Users\user\git\BetAndRuin_repos\BetAndRuin 21\bets.temp' is opened by 20724@LASTO-P

[2021-03-04 16:13:05 #2 store] 
Configuration path: ?

[2021-03-04 16:13:05 #3 type] 
Type domain.Question is not enhanced.

[2021-03-04 16:13:05 #4 type] 
Type domain.Event is not enhanced.

[2021-03-04 16:13:05 #5 type] 
Type domain.User is not enhanced.

------------------------------------------------------------------------------------------------------------------------

[2021-03-04 16:14:11 #1 store] 
Database 'C:\Users\user\git\BetAndRuin_repos\BetAndRuin 21\bets.temp' is opened by 20248@LASTO-P

[2021-03-04 16:14:11 #2 store] 
Configuration path: ?

[2021-03-04 16:14:11 #3 type] 
Type domain.Question is not enhanced.

[2021-03-04 16:14:11 #4 type] 
Type domain.Event is not enhanced.

[2021-03-04 16:14:11 #5 type] 
Type domain.User is not enhanced.

------------------------------------------------------------------------------------------------------------------------

[2021-03-04 16:16:02 #1 store] 
Database 'C:\Users\user\git\BetAndRuin_repos\BetAndRuin 21\bets.temp' is opened by 7564@LASTO-P

[2021-03-04 16:16:02 #2 store] 
Configuration path: ?

[2021-03-04 16:16:02 #3 type] 
Type domain.Question is not enhanced.

[2021-03-04 16:16:02 #4 type] 
Type domain.Event is not enhanced.

[2021-03-04 16:16:02 #5 type] 
Type domain.User is not enhanced.

------------------------------------------------------------------------------------------------------------------------

[2021-03-04 16:19:19 #1 store] 
Database 'C:\Users\user\git\BetAndRuin_repos\BetAndRuin 21\bets.temp' has been recovered (tr. 9-9)

[2021-03-04 16:19:19 #2 store] 
Database 'C:\Users\user\git\BetAndRuin_repos\BetAndRuin 21\bets.temp' is opened by 10780@LASTO-P

[2021-03-04 16:19:19 #3 store] 
Configuration path: ?

[2021-03-04 16:19:19 #4 type] 
Type domain.Question is not enhanced.

[2021-03-04 16:19:19 #5 type] 
Type domain.Event is not enhanced.

[2021-03-04 16:19:19 #6 type] 
Type domain.User is not enhanced.

------------------------------------------------------------------------------------------------------------------------

[2021-03-04 16:27:54 #1 store] 
Database 'C:\Users\user\git\BetAndRuin_repos\BetAndRuin 21\bets.temp' is opened by 4148@LASTO-P

[2021-03-04 16:27:54 #2 store] 
Configuration path: ?

[2021-03-04 16:27:54 #3 type] 
Type domain.Question is not enhanced.

[2021-03-04 16:27:54 #4 type] 
Type domain.Event is not enhanced.

[2021-03-04 16:27:54 #5 type] 
Type domain.User is not enhanced.

------------------------------------------------------------------------------------------------------------------------

[2021-03-04 16:28:13 #1 store] 
Database 'C:\Users\user\git\BetAndRuin_repos\BetAndRuin 21\bets.temp' has been recovered (tr. 1-6)

[2021-03-04 16:28:13 #2 store] 
Database 'C:\Users\user\git\BetAndRuin_repos\BetAndRuin 21\bets.temp' is opened by 18052@LASTO-P

[2021-03-04 16:28:13 #3 store] 
Configuration path: ?

[2021-03-04 16:28:13 #4 type] 
Type domain.Question is not enhanced.

[2021-03-04 16:28:13 #5 type] 
Type domain.Event is not enhanced.

[2021-03-04 16:28:13 #6 type] 
Type domain.User is not enhanced.

------------------------------------------------------------------------------------------------------------------------

[2021-03-04 16:31:44 #1 store] 
Database 'C:\Users\user\git\BetAndRuin_repos\BetAndRuin 21\bets.temp' is opened by 2688@LASTO-P

[2021-03-04 16:31:44 #2 store] 
Configuration path: ?

[2021-03-04 16:31:44 #3 type] 
Type domain.Question is not enhanced.

[2021-03-04 16:31:44 #4 type] 
Type domain.Event is not enhanced.

[2021-03-04 16:31:44 #5 type] 
Type domain.User is not enhanced.

------------------------------------------------------------------------------------------------------------------------

[2021-03-04 16:31:59 #1 store] 
Database 'C:\Users\user\git\BetAndRuin_repos\BetAndRuin 21\bets.temp' is opened by 10032@LASTO-P

[2021-03-04 16:31:59 #2 store] 
Configuration path: ?

[2021-03-04 16:31:59 #3 type] 
Type domain.Question is not enhanced.

[2021-03-04 16:31:59 #4 type] 
Type domain.Event is not enhanced.

------------------------------------------------------------------------------------------------------------------------

[2021-03-04 16:32:11 #1 store] 
Database 'C:\Users\user\git\BetAndRuin_repos\BetAndRuin 21\bets.temp' has been recovered (tr. 1-5)

[2021-03-04 16:32:11 #2 store] 
Database 'C:\Users\user\git\BetAndRuin_repos\BetAndRuin 21\bets.temp' is opened by 17264@LASTO-P

[2021-03-04 16:32:11 #3 store] 
Configuration path: ?

[2021-03-04 16:32:11 #4 type] 
Type domain.Question is not enhanced.

[2021-03-04 16:32:11 #5 type] 
Type domain.Event is not enhanced.

------------------------------------------------------------------------------------------------------------------------

[2021-03-04 16:34:28 #1 store] 
Database 'C:\Users\user\git\BetAndRuin_repos\BetAndRuin 21\bets.temp' is opened by 16104@LASTO-P

[2021-03-04 16:34:28 #2 store] 
Configuration path: ?

[2021-03-04 16:34:28 #3 type] 
Type domain.Question is not enhanced.

[2021-03-04 16:34:28 #4 type] 
Type domain.Event is not enhanced.

[2021-03-04 16:34:28 #5 type] 
Type domain.User is not enhanced.

------------------------------------------------------------------------------------------------------------------------

[2021-03-04 16:34:39 #1 store] 
Database 'C:\Users\user\git\BetAndRuin_repos\BetAndRuin 21\bets.temp' has been recovered (tr. 1-6)

[2021-03-04 16:34:39 #2 store] 
Database 'C:\Users\user\git\BetAndRuin_repos\BetAndRuin 21\bets.temp' is opened by 21720@LASTO-P

[2021-03-04 16:34:39 #3 store] 
Configuration path: ?

[2021-03-04 16:34:39 #4 type] 
Type domain.Question is not enhanced.

[2021-03-04 16:34:39 #5 type] 
Type domain.Event is not enhanced.

[2021-03-04 16:34:39 #6 type] 
Type domain.User is not enhanced.

------------------------------------------------------------------------------------------------------------------------

[2021-03-04 17:21:47 #1 store] 
Database '/home/estrapro/git/BetAndRuin_repos/BetAndRuin 21/bets.temp' is opened by 6655@estrapro-pc

[2021-03-04 17:21:47 #2 store] 
Configuration path: ?

[2021-03-04 17:21:47 #3 type] 
Type domain.Question is not enhanced.

[2021-03-04 17:21:47 #4 type] 
Type domain.Event is not enhanced.

[2021-03-04 17:21:47 #5 type] 
Type domain.User is not enhanced.

------------------------------------------------------------------------------------------------------------------------

[2021-03-04 17:23:02 #1 store] 
Database '/home/estrapro/git/BetAndRuin_repos/BetAndRuin 21/bets.temp' is opened by 6731@estrapro-pc

[2021-03-04 17:23:02 #2 store] 
Configuration path: ?

[2021-03-04 17:23:02 #3 type] 
Type domain.Question is not enhanced.

[2021-03-04 17:23:02 #4 type] 
Type domain.Event is not enhanced.

[2021-03-04 17:23:02 #5 type] 
Type domain.User is not enhanced.

------------------------------------------------------------------------------------------------------------------------

[2021-03-04 17:24:49 #1 store] 
Database '/home/estrapro/git/BetAndRuin_repos/BetAndRuin 21/bets.temp' is opened by 6816@estrapro-pc

[2021-03-04 17:24:49 #2 store] 
Configuration path: ?

[2021-03-04 17:24:49 #3 type] 
Type domain.Question is not enhanced.

[2021-03-04 17:24:49 #4 type] 
Type domain.Event is not enhanced.

[2021-03-04 17:24:49 #5 type] 
Type domain.User is not enhanced.

------------------------------------------------------------------------------------------------------------------------

[2021-03-04 17:25:05 #1 store] 
Database '/home/estrapro/git/BetAndRuin_repos/BetAndRuin 21/bets.temp' has been recovered (tr. 8-8)

[2021-03-04 17:25:05 #2 store] 
Database '/home/estrapro/git/BetAndRuin_repos/BetAndRuin 21/bets.temp' is opened by 6853@estrapro-pc

[2021-03-04 17:25:05 #3 store] 
Configuration path: ?

[2021-03-04 17:25:05 #4 type] 
Type domain.Question is not enhanced.

[2021-03-04 17:25:05 #5 type] 
Type domain.Event is not enhanced.

[2021-03-04 17:25:05 #6 type] 
Type domain.User is not enhanced.

------------------------------------------------------------------------------------------------------------------------

[2021-03-04 17:27:53 #1 store] 
Database '/home/estrapro/git/BetAndRuin_repos/BetAndRuin 21/bets.temp' is opened by 6934@estrapro-pc

[2021-03-04 17:27:53 #2 store] 
Configuration path: ?

[2021-03-04 17:27:53 #3 type] 
Type domain.Question is not enhanced.

[2021-03-04 17:27:53 #4 type] 
Type domain.Event is not enhanced.

[2021-03-04 17:27:53 #5 type] 
Type domain.User is not enhanced.

------------------------------------------------------------------------------------------------------------------------

[2021-03-04 17:31:55 #1 store] 
Database '/home/estrapro/git/BetAndRuin_repos/BetAndRuin 21/bets.temp' is opened by 7113@estrapro-pc

[2021-03-04 17:31:55 #2 store] 
Configuration path: ?

[2021-03-04 17:31:56 #3 type] 
Type domain.Question is not enhanced.

[2021-03-04 17:31:56 #4 type] 
Type domain.Event is not enhanced.

[2021-03-04 17:31:56 #5 type] 
Type domain.User is not enhanced.

------------------------------------------------------------------------------------------------------------------------

[2021-03-04 17:36:55 #1 store] 
Database '/home/estrapro/git/BetAndRuin_repos/BetAndRuin 21/bets.temp' is opened by 7407@estrapro-pc

[2021-03-04 17:36:55 #2 store] 
Configuration path: ?

[2021-03-04 17:36:55 #3 type] 
Type domain.Question is not enhanced.

[2021-03-04 17:36:55 #4 type] 
Type domain.Event is not enhanced.

[2021-03-04 17:36:55 #5 type] 
Type domain.User is not enhanced.

------------------------------------------------------------------------------------------------------------------------

[2021-03-04 17:43:21 #1 store] 
Database '/home/estrapro/git/BetAndRuin_repos/BetAndRuin 21/bets.temp' is opened by 7750@estrapro-pc

[2021-03-04 17:43:21 #2 store] 
Configuration path: ?

[2021-03-04 17:43:21 #3 type] 
Type domain.Question is not enhanced.

[2021-03-04 17:43:21 #4 type] 
Type domain.Event is not enhanced.

[2021-03-04 17:43:21 #5 type] 
Type domain.User is not enhanced.

------------------------------------------------------------------------------------------------------------------------

[2021-03-04 17:44:30 #1 store] 
Database '/home/estrapro/git/BetAndRuin_repos/BetAndRuin 21/bets.temp' has been recovered (tr. 11-11)

[2021-03-04 17:44:30 #2 store] 
Database '/home/estrapro/git/BetAndRuin_repos/BetAndRuin 21/bets.temp' is opened by 7792@estrapro-pc

[2021-03-04 17:44:30 #3 store] 
Configuration path: ?

[2021-03-04 17:44:30 #4 type] 
Type domain.Question is not enhanced.

[2021-03-04 17:44:30 #5 type] 
Type domain.Event is not enhanced.

[2021-03-04 17:44:30 #6 type] 
Type domain.User is not enhanced.

------------------------------------------------------------------------------------------------------------------------

[2021-03-04 17:44:47 #1 store] 
Database '/home/estrapro/git/BetAndRuin_repos/BetAndRuin 21/bets.temp' has been recovered (tr. 12-13)

[2021-03-04 17:44:48 #2 store] 
Database '/home/estrapro/git/BetAndRuin_repos/BetAndRuin 21/bets.temp' is opened by 7845@estrapro-pc

[2021-03-04 17:44:48 #3 store] 
Configuration path: ?

[2021-03-04 17:44:48 #4 type] 
Type domain.Question is not enhanced.

[2021-03-04 17:44:48 #5 type] 
Type domain.Event is not enhanced.

[2021-03-04 17:44:48 #6 type] 
Type domain.User is not enhanced.

------------------------------------------------------------------------------------------------------------------------

[2021-03-04 17:45:54 #1 store] 
Database '/home/estrapro/git/BetAndRuin_repos/BetAndRuin 21/bets.temp' has been recovered (tr. 14-14)

[2021-03-04 17:45:54 #2 store] 
Database '/home/estrapro/git/BetAndRuin_repos/BetAndRuin 21/bets.temp' is opened by 7899@estrapro-pc

[2021-03-04 17:45:54 #3 store] 
Configuration path: ?

[2021-03-04 17:45:54 #4 type] 
Type domain.Question is not enhanced.

[2021-03-04 17:45:55 #5 type] 
Type domain.Event is not enhanced.

[2021-03-04 17:45:55 #6 type] 
Type domain.User is not enhanced.

------------------------------------------------------------------------------------------------------------------------

[2021-03-04 17:46:07 #1 store] 
Database '/home/estrapro/git/BetAndRuin_repos/BetAndRuin 21/bets.temp' has been recovered (tr. 15-15)

[2021-03-04 17:46:08 #2 store] 
Database '/home/estrapro/git/BetAndRuin_repos/BetAndRuin 21/bets.temp' is opened by 7932@estrapro-pc

[2021-03-04 17:46:08 #3 store] 
Configuration path: ?

[2021-03-04 17:46:08 #4 type] 
Type domain.Question is not enhanced.

[2021-03-04 17:46:08 #5 type] 
Type domain.Event is not enhanced.

[2021-03-04 17:46:08 #6 type] 
Type domain.User is not enhanced.

------------------------------------------------------------------------------------------------------------------------

[2021-03-04 17:48:53 #1 store] 
Database '/home/estrapro/git/BetAndRuin_repos/BetAndRuin 21/bets.temp' has been recovered (tr. 16-17)

[2021-03-04 17:48:53 #2 store] 
Database '/home/estrapro/git/BetAndRuin_repos/BetAndRuin 21/bets.temp' is opened by 8220@estrapro-pc

[2021-03-04 17:48:53 #3 store] 
Configuration path: ?

[2021-03-04 17:48:54 #4 type] 
Type domain.Question is not enhanced.

[2021-03-04 17:48:54 #5 type] 
Type domain.Event is not enhanced.

[2021-03-04 17:48:54 #6 type] 
Type domain.User is not enhanced.

------------------------------------------------------------------------------------------------------------------------

[2021-03-04 17:49:06 #1 store] 
Database '/home/estrapro/git/BetAndRuin_repos/BetAndRuin 21/bets.temp' has been recovered (tr. 18-19)

[2021-03-04 17:49:06 #2 store] 
Database '/home/estrapro/git/BetAndRuin_repos/BetAndRuin 21/bets.temp' is opened by 8258@estrapro-pc

[2021-03-04 17:49:06 #3 store] 
Configuration path: ?

[2021-03-04 17:49:06 #4 type] 
Type domain.Question is not enhanced.

[2021-03-04 17:49:06 #5 type] 
Type domain.Event is not enhanced.

[2021-03-04 17:49:06 #6 type] 
Type domain.User is not enhanced.

------------------------------------------------------------------------------------------------------------------------

[2021-03-04 18:11:19 #1 store] 
Database '/home/estrapro/git/BetAndRuin_repos/BetAndRuin 21/bets.temp' has been recovered (tr. 20-21)

[2021-03-04 18:11:19 #2 store] 
Database '/home/estrapro/git/BetAndRuin_repos/BetAndRuin 21/bets.temp' is opened by 8665@estrapro-pc

[2021-03-04 18:11:19 #3 store] 
Configuration path: ?

[2021-03-04 18:11:19 #4 type] 
Type domain.Question is not enhanced.

[2021-03-04 18:11:19 #5 type] 
Type domain.Event is not enhanced.

[2021-03-04 18:11:19 #6 type] 
Type domain.User is not enhanced.

------------------------------------------------------------------------------------------------------------------------

[2021-03-04 18:12:10 #1 store] 
Database '/home/estrapro/git/BetAndRuin_repos/BetAndRuin 21/bets.temp' has been recovered (tr. 22-22)

[2021-03-04 18:12:10 #2 store] 
Database '/home/estrapro/git/BetAndRuin_repos/BetAndRuin 21/bets.temp' is opened by 8705@estrapro-pc

[2021-03-04 18:12:10 #3 store] 
Configuration path: ?

[2021-03-04 18:12:10 #4 type] 
Type domain.Question is not enhanced.

[2021-03-04 18:12:10 #5 type] 
Type domain.Event is not enhanced.

[2021-03-04 18:12:10 #6 type] 
Type domain.User is not enhanced.

------------------------------------------------------------------------------------------------------------------------

[2021-03-04 18:14:04 #1 store] 
Database '/home/estrapro/git/BetAndRuin_repos/BetAndRuin 21/bets.temp' is opened by 8759@estrapro-pc

[2021-03-04 18:14:04 #2 store] 
Configuration path: ?

[2021-03-04 18:14:04 #3 type] 
Type domain.Question is not enhanced.

[2021-03-04 18:14:04 #4 type] 
Type domain.Event is not enhanced.

[2021-03-04 18:14:04 #5 type] 
Type domain.User is not enhanced.

------------------------------------------------------------------------------------------------------------------------

[2021-03-04 18:15:03 #1 store] 
Database '/home/estrapro/git/BetAndRuin_repos/BetAndRuin 21/bets.temp' is opened by 8827@estrapro-pc

[2021-03-04 18:15:03 #2 store] 
Configuration path: ?

[2021-03-04 18:15:03 #3 type] 
Type domain.Question is not enhanced.

[2021-03-04 18:15:03 #4 type] 
Type domain.Event is not enhanced.

[2021-03-04 18:15:03 #5 type] 
Type domain.User is not enhanced.

------------------------------------------------------------------------------------------------------------------------

[2021-03-04 18:16:03 #1 store] 
Database '/home/estrapro/git/BetAndRuin_repos/BetAndRuin 21/bets.temp' is opened by 8871@estrapro-pc

[2021-03-04 18:16:03 #2 store] 
Configuration path: ?

[2021-03-04 18:16:04 #3 type] 
Type domain.Question is not enhanced.

[2021-03-04 18:16:04 #4 type] 
Type domain.Event is not enhanced.

[2021-03-04 18:16:04 #5 type] 
Type domain.User is not enhanced.

------------------------------------------------------------------------------------------------------------------------

[2021-03-04 18:17:11 #1 store] 
Database '/home/estrapro/git/BetAndRuin_repos/BetAndRuin 21/bets.temp' is opened by 8965@estrapro-pc

[2021-03-04 18:17:11 #2 store] 
Configuration path: ?

[2021-03-04 18:17:12 #3 type] 
Type domain.Question is not enhanced.

[2021-03-04 18:17:12 #4 type] 
Type domain.Event is not enhanced.

[2021-03-04 18:17:12 #5 type] 
Type domain.User is not enhanced.

------------------------------------------------------------------------------------------------------------------------

[2021-03-04 18:18:22 #1 store] 
Database '/home/estrapro/git/BetAndRuin_repos/BetAndRuin 21/bets.temp' is opened by 9037@estrapro-pc

[2021-03-04 18:18:22 #2 store] 
Configuration path: ?

[2021-03-04 18:18:22 #3 type] 
Type domain.Question is not enhanced.

[2021-03-04 18:18:22 #4 type] 
Type domain.Event is not enhanced.

[2021-03-04 18:18:22 #5 type] 
Type domain.User is not enhanced.

------------------------------------------------------------------------------------------------------------------------

[2021-03-04 18:23:04 #1 store] 
Database '/home/estrapro/git/BetAndRuin_repos/BetAndRuin 21/bets.temp' is opened by 9449@estrapro-pc

[2021-03-04 18:23:04 #2 store] 
Configuration path: ?

[2021-03-04 18:23:04 #3 type] 
Type domain.Question is not enhanced.

[2021-03-04 18:23:04 #4 type] 
Type domain.Event is not enhanced.

[2021-03-04 18:23:04 #5 type] 
Type domain.User is not enhanced.

------------------------------------------------------------------------------------------------------------------------

[2021-03-04 18:23:47 #1 store] 
Database '/home/estrapro/git/BetAndRuin_repos/BetAndRuin 21/bets.temp' is opened by 9487@estrapro-pc

[2021-03-04 18:23:47 #2 store] 
Configuration path: ?

[2021-03-04 18:23:47 #3 type] 
Type domain.Question is not enhanced.

[2021-03-04 18:23:47 #4 type] 
Type domain.Event is not enhanced.

[2021-03-04 18:23:47 #5 type] 
Type domain.User is not enhanced.

------------------------------------------------------------------------------------------------------------------------

[2021-03-04 18:24:08 #1 store] 
Database '/home/estrapro/git/BetAndRuin_repos/BetAndRuin 21/bets.temp' is opened by 9520@estrapro-pc

[2021-03-04 18:24:08 #2 store] 
Configuration path: ?

[2021-03-04 18:24:08 #3 type] 
Type domain.Question is not enhanced.

[2021-03-04 18:24:08 #4 type] 
Type domain.Event is not enhanced.

[2021-03-04 18:24:08 #5 type] 
Type domain.User is not enhanced.

------------------------------------------------------------------------------------------------------------------------

[2021-03-04 18:25:42 #1 store] 
Database '/home/estrapro/git/BetAndRuin_repos/BetAndRuin 21/bets.temp' is opened by 9574@estrapro-pc

[2021-03-04 18:25:42 #2 store] 
Configuration path: ?

[2021-03-04 18:25:42 #3 type] 
Type domain.Question is not enhanced.

[2021-03-04 18:25:42 #4 type] 
Type domain.Event is not enhanced.

[2021-03-04 18:25:42 #5 type] 
Type domain.User is not enhanced.

------------------------------------------------------------------------------------------------------------------------

[2021-03-04 18:27:21 #1 store] 
Database '/home/estrapro/git/BetAndRuin_repos/BetAndRuin 21/bets.temp' is opened by 9644@estrapro-pc

[2021-03-04 18:27:21 #2 store] 
Configuration path: ?

[2021-03-04 18:27:21 #3 type] 
Type domain.User is not enhanced.

[2021-03-04 18:27:21 #4 type] 
Type domain.Question is not enhanced.

[2021-03-04 18:27:21 #5 type] 
Type domain.Event is not enhanced.

------------------------------------------------------------------------------------------------------------------------

[2021-03-04 18:27:40 #1 store] 
Database '/home/estrapro/git/BetAndRuin_repos/BetAndRuin 21/bets.temp' has been recovered (tr. 1-6)

[2021-03-04 18:27:40 #2 store] 
Database '/home/estrapro/git/BetAndRuin_repos/BetAndRuin 21/bets.temp' is opened by 9675@estrapro-pc

[2021-03-04 18:27:40 #3 store] 
Configuration path: ?

[2021-03-04 18:27:40 #4 type] 
Type domain.User is not enhanced.

[2021-03-04 18:27:40 #5 type] 
Type domain.Question is not enhanced.

[2021-03-04 18:27:40 #6 type] 
Type domain.Event is not enhanced.

------------------------------------------------------------------------------------------------------------------------

[2021-03-04 18:29:35 #1 store] 
Database '/home/estrapro/git/BetAndRuin_repos/BetAndRuin 21/bets.temp' is opened by 9720@estrapro-pc

[2021-03-04 18:29:35 #2 store] 
Configuration path: ?

[2021-03-04 18:29:36 #3 type] 
Type domain.User is not enhanced.

[2021-03-04 18:29:36 #4 type] 
Type domain.Question is not enhanced.

[2021-03-04 18:29:36 #5 type] 
Type domain.Event is not enhanced.

------------------------------------------------------------------------------------------------------------------------

[2021-03-04 18:30:10 #1 store] 
Database '/home/estrapro/git/BetAndRuin_repos/BetAndRuin 21/bets.temp' is opened by 9765@estrapro-pc

[2021-03-04 18:30:10 #2 store] 
Configuration path: ?

[2021-03-04 18:30:10 #3 type] 
Type domain.User is not enhanced.

[2021-03-04 18:30:11 #4 type] 
Type domain.Question is not enhanced.

[2021-03-04 18:30:11 #5 type] 
Type domain.Event is not enhanced.

------------------------------------------------------------------------------------------------------------------------

[2021-03-04 19:15:51 #1 store] 
Database '/home/estrapro/git/BetAndRuin_repos/BetAndRuin 21/bets.temp' is opened by 4225@estrapro-pc

[2021-03-04 19:15:51 #2 store] 
Configuration path: ?

[2021-03-04 19:15:51 #3 type] 
Type domain.User is not enhanced.

[2021-03-04 19:15:51 #4 type] 
Type domain.Question is not enhanced.

[2021-03-04 19:15:51 #5 type] 
Type domain.Event is not enhanced.

------------------------------------------------------------------------------------------------------------------------

[2021-03-04 19:15:59 #1 store] 
Database '/home/estrapro/git/BetAndRuin_repos/BetAndRuin 21/bets.temp' has been recovered (tr. 8-8)

[2021-03-04 19:15:59 #2 store] 
Database '/home/estrapro/git/BetAndRuin_repos/BetAndRuin 21/bets.temp' is opened by 4259@estrapro-pc

[2021-03-04 19:15:59 #3 store] 
Configuration path: ?

[2021-03-04 19:16:00 #4 type] 
Type domain.User is not enhanced.

[2021-03-04 19:16:00 #5 type] 
Type domain.Question is not enhanced.

[2021-03-04 19:16:00 #6 type] 
Type domain.Event is not enhanced.

------------------------------------------------------------------------------------------------------------------------

[2021-03-04 19:19:42 #1 store] 
Database '/home/estrapro/git/BetAndRuin_repos/BetAndRuin 21/bets.temp' has been recovered (tr. 9-10)

[2021-03-04 19:19:42 #2 store] 
Database '/home/estrapro/git/BetAndRuin_repos/BetAndRuin 21/bets.temp' is opened by 5470@estrapro-pc

[2021-03-04 19:19:42 #3 store] 
Configuration path: ?

[2021-03-04 19:19:42 #4 type] 
Type domain.User is not enhanced.

[2021-03-04 19:19:42 #5 type] 
Type domain.Question is not enhanced.

[2021-03-04 19:19:42 #6 type] 
Type domain.Event is not enhanced.

------------------------------------------------------------------------------------------------------------------------

[2021-03-04 19:26:48 #1 store] 
Database '/home/estrapro/git/BetAndRuin_repos/BetAndRuin 21/bets.temp' has been recovered (tr. 11-12)

[2021-03-04 19:26:48 #2 store] 
Database '/home/estrapro/git/BetAndRuin_repos/BetAndRuin 21/bets.temp' is opened by 6223@estrapro-pc

[2021-03-04 19:26:48 #3 store] 
Configuration path: ?

[2021-03-04 19:26:48 #4 type] 
Type domain.User is not enhanced.

[2021-03-04 19:26:48 #5 type] 
Type domain.Question is not enhanced.

[2021-03-04 19:26:48 #6 type] 
Type domain.Event is not enhanced.

------------------------------------------------------------------------------------------------------------------------

[2021-03-04 19:31:01 #1 store] 
Database '/home/estrapro/git/BetAndRuin_repos/BetAndRuin 21/bets.temp' has been recovered (tr. 13-14)

[2021-03-04 19:31:02 #2 store] 
Database '/home/estrapro/git/BetAndRuin_repos/BetAndRuin 21/bets.temp' is opened by 6409@estrapro-pc

[2021-03-04 19:31:02 #3 store] 
Configuration path: ?

[2021-03-04 19:31:02 #4 type] 
Type domain.User is not enhanced.

[2021-03-04 19:31:02 #5 type] 
Type domain.Question is not enhanced.

[2021-03-04 19:31:02 #6 type] 
Type domain.Event is not enhanced.

------------------------------------------------------------------------------------------------------------------------

[2021-03-04 19:34:27 #1 store] 
Database '/home/estrapro/git/BetAndRuin_repos/BetAndRuin 21/bets.temp' has been recovered (tr. 15-16)

[2021-03-04 19:34:27 #2 store] 
Database '/home/estrapro/git/BetAndRuin_repos/BetAndRuin 21/bets.temp' is opened by 6579@estrapro-pc

[2021-03-04 19:34:27 #3 store] 
Configuration path: ?

[2021-03-04 19:34:27 #4 type] 
Type domain.User is not enhanced.

[2021-03-04 19:34:27 #5 type] 
Type domain.Question is not enhanced.

[2021-03-04 19:34:27 #6 type] 
Type domain.Event is not enhanced.

------------------------------------------------------------------------------------------------------------------------

[2021-03-04 19:36:38 #1 store] 
Database '/home/estrapro/git/BetAndRuin_repos/BetAndRuin 21/bets.temp' has been recovered (tr. 17-18)

[2021-03-04 19:36:38 #2 store] 
Database '/home/estrapro/git/BetAndRuin_repos/BetAndRuin 21/bets.temp' is opened by 6648@estrapro-pc

[2021-03-04 19:36:38 #3 store] 
Configuration path: ?

[2021-03-04 19:36:38 #4 type] 
Type domain.User is not enhanced.

[2021-03-04 19:36:38 #5 type] 
Type domain.Question is not enhanced.

[2021-03-04 19:36:38 #6 type] 
Type domain.Event is not enhanced.

------------------------------------------------------------------------------------------------------------------------

[2021-03-04 19:39:15 #1 store] 
Database '/home/estrapro/git/BetAndRuin_repos/BetAndRuin 21/bets.temp' has been recovered (tr. 19-20)

[2021-03-04 19:39:15 #2 store] 
Database '/home/estrapro/git/BetAndRuin_repos/BetAndRuin 21/bets.temp' is opened by 6803@estrapro-pc

[2021-03-04 19:39:15 #3 store] 
Configuration path: ?

[2021-03-04 19:39:15 #4 type] 
Type domain.User is not enhanced.

[2021-03-04 19:39:15 #5 type] 
Type domain.Question is not enhanced.

[2021-03-04 19:39:15 #6 type] 
Type domain.Event is not enhanced.

------------------------------------------------------------------------------------------------------------------------

[2021-03-04 19:45:53 #1 store] 
Database '/home/estrapro/git/BetAndRuin_repos/BetAndRuin 21/bets.temp' has been recovered (tr. 21-22)

[2021-03-04 19:45:53 #2 store] 
Database '/home/estrapro/git/BetAndRuin_repos/BetAndRuin 21/bets.temp' is opened by 7174@estrapro-pc

[2021-03-04 19:45:53 #3 store] 
Configuration path: ?

[2021-03-04 19:45:53 #4 type] 
Type domain.User is not enhanced.

[2021-03-04 19:45:53 #5 type] 
Type domain.Question is not enhanced.

[2021-03-04 19:45:53 #6 type] 
Type domain.Event is not enhanced.

------------------------------------------------------------------------------------------------------------------------

[2021-03-04 19:47:25 #1 store] 
Database '/home/estrapro/git/BetAndRuin_repos/BetAndRuin 21/bets.temp' has been recovered (tr. 23-24)

[2021-03-04 19:47:25 #2 store] 
Database '/home/estrapro/git/BetAndRuin_repos/BetAndRuin 21/bets.temp' is opened by 7271@estrapro-pc

[2021-03-04 19:47:25 #3 store] 
Configuration path: ?

[2021-03-04 19:47:25 #4 type] 
Type domain.User is not enhanced.

[2021-03-04 19:47:25 #5 type] 
Type domain.Question is not enhanced.

[2021-03-04 19:47:25 #6 type] 
Type domain.Event is not enhanced.

------------------------------------------------------------------------------------------------------------------------

[2021-03-04 19:49:17 #1 store] 
Database '/home/estrapro/git/BetAndRuin_repos/BetAndRuin 21/bets.temp' has been recovered (tr. 25-26)

[2021-03-04 19:49:17 #2 store] 
Database '/home/estrapro/git/BetAndRuin_repos/BetAndRuin 21/bets.temp' is opened by 7388@estrapro-pc

[2021-03-04 19:49:17 #3 store] 
Configuration path: ?

[2021-03-04 19:49:17 #4 type] 
Type domain.User is not enhanced.

[2021-03-04 19:49:17 #5 type] 
Type domain.Question is not enhanced.

[2021-03-04 19:49:17 #6 type] 
Type domain.Event is not enhanced.

------------------------------------------------------------------------------------------------------------------------

[2021-03-04 19:50:40 #1 store] 
Database '/home/estrapro/git/BetAndRuin_repos/BetAndRuin 21/bets.temp' has been recovered (tr. 27-28)

[2021-03-04 19:50:40 #2 store] 
Database '/home/estrapro/git/BetAndRuin_repos/BetAndRuin 21/bets.temp' is opened by 7449@estrapro-pc

[2021-03-04 19:50:40 #3 store] 
Configuration path: ?

[2021-03-04 19:50:40 #4 type] 
Type domain.User is not enhanced.

[2021-03-04 19:50:40 #5 type] 
Type domain.Question is not enhanced.

[2021-03-04 19:50:40 #6 type] 
Type domain.Event is not enhanced.

------------------------------------------------------------------------------------------------------------------------

[2021-03-04 19:51:54 #1 store] 
Database '/home/estrapro/git/BetAndRuin_repos/BetAndRuin 21/bets.temp' has been recovered (tr. 29-30)

[2021-03-04 19:51:54 #2 store] 
Database '/home/estrapro/git/BetAndRuin_repos/BetAndRuin 21/bets.temp' is opened by 7527@estrapro-pc

[2021-03-04 19:51:54 #3 store] 
Configuration path: ?

[2021-03-04 19:51:54 #4 type] 
Type domain.User is not enhanced.

[2021-03-04 19:51:55 #5 type] 
Type domain.Question is not enhanced.

[2021-03-04 19:51:55 #6 type] 
Type domain.Event is not enhanced.

------------------------------------------------------------------------------------------------------------------------

[2021-03-04 20:03:20 #1 store] 
Database '/home/estrapro/git/BetAndRuin_repos/BetAndRuin 21/bets.temp' has been recovered (tr. 31-32)

[2021-03-04 20:03:20 #2 store] 
Database '/home/estrapro/git/BetAndRuin_repos/BetAndRuin 21/bets.temp' is opened by 8088@estrapro-pc

[2021-03-04 20:03:20 #3 store] 
Configuration path: ?

[2021-03-04 20:03:20 #4 type] 
Type domain.User is not enhanced.

[2021-03-04 20:03:20 #5 type] 
Type domain.Question is not enhanced.

[2021-03-04 20:03:20 #6 type] 
Type domain.Event is not enhanced.

------------------------------------------------------------------------------------------------------------------------

[2021-03-04 20:15:38 #1 store] 
Database '/home/estrapro/git/BetAndRuin_repos/BetAndRuin 21/bets.temp' is opened by 9105@estrapro-pc

[2021-03-04 20:15:38 #2 store] 
Configuration path: ?

[2021-03-04 20:15:39 #3 type] 
Type domain.User is not enhanced.

[2021-03-04 20:15:39 #4 type] 
Type domain.Question is not enhanced.

[2021-03-04 20:15:39 #5 type] 
Type domain.Event is not enhanced.

------------------------------------------------------------------------------------------------------------------------

[2021-03-04 20:20:02 #1 store] 
Database '/home/estrapro/git/BetAndRuin_repos/BetAndRuin 21/bets.temp' is opened by 9251@estrapro-pc

[2021-03-04 20:20:02 #2 store] 
Configuration path: ?

[2021-03-04 20:20:02 #3 type] 
Type domain.User is not enhanced.

[2021-03-04 20:20:02 #4 type] 
Type domain.Question is not enhanced.

[2021-03-04 20:20:02 #5 type] 
Type domain.Event is not enhanced.

------------------------------------------------------------------------------------------------------------------------

[2021-03-04 20:23:20 #1 store] 
Database '/home/estrapro/git/BetAndRuin_repos/BetAndRuin 21/bets.temp' is opened by 9475@estrapro-pc

[2021-03-04 20:23:20 #2 store] 
Configuration path: ?

[2021-03-04 20:23:21 #3 type] 
Type domain.User is not enhanced.

[2021-03-04 20:23:21 #4 type] 
Type domain.Question is not enhanced.

[2021-03-04 20:23:21 #5 type] 
Type domain.Event is not enhanced.

------------------------------------------------------------------------------------------------------------------------

[2021-03-04 20:25:42 #1 store] 
Database '/home/estrapro/git/BetAndRuin_repos/BetAndRuin 21/bets.temp' is opened by 9605@estrapro-pc

[2021-03-04 20:25:42 #2 store] 
Configuration path: ?

[2021-03-04 20:25:43 #3 type] 
Type domain.User is not enhanced.

[2021-03-04 20:25:43 #4 type] 
Type domain.Question is not enhanced.

[2021-03-04 20:25:43 #5 type] 
Type domain.Event is not enhanced.

------------------------------------------------------------------------------------------------------------------------

[2021-03-04 20:27:21 #1 store] 
Database '/home/estrapro/git/BetAndRuin_repos/BetAndRuin 21/bets.temp' is opened by 9714@estrapro-pc

[2021-03-04 20:27:21 #2 store] 
Configuration path: ?

[2021-03-04 20:27:21 #3 type] 
Type domain.User is not enhanced.

[2021-03-04 20:27:21 #4 type] 
Type domain.Question is not enhanced.

[2021-03-04 20:27:21 #5 type] 
Type domain.Event is not enhanced.

------------------------------------------------------------------------------------------------------------------------

[2021-03-04 22:16:47 #1 store] 
Database 'C:\Users\user\git\BetAndRuin_repos\BetAndRuin 21\bets.temp' is opened by 3772@LASTO-P

[2021-03-04 22:16:47 #2 store] 
Configuration path: ?

[2021-03-04 22:16:47 #3 type] 
Type domain.User is not enhanced.

[2021-03-04 22:16:47 #4 type] 
Type domain.Question is not enhanced.

[2021-03-04 22:16:47 #5 type] 
Type domain.Event is not enhanced.

------------------------------------------------------------------------------------------------------------------------

[2021-03-04 22:19:04 #1 store] 
Database 'C:\Users\user\git\BetAndRuin_repos\BetAndRuin 21\bets.temp' is opened by 21692@LASTO-P

[2021-03-04 22:19:04 #2 store] 
Configuration path: ?

[2021-03-04 22:19:04 #3 type] 
Type domain.User is not enhanced.

[2021-03-04 22:19:04 #4 type] 
Type domain.Question is not enhanced.

[2021-03-04 22:19:04 #5 type] 
Type domain.Event is not enhanced.

------------------------------------------------------------------------------------------------------------------------

[2021-03-04 22:20:29 #1 store] 
Database 'C:\Users\user\git\BetAndRuin_repos\BetAndRuin 21\bets.temp' is opened by 16372@LASTO-P

[2021-03-04 22:20:29 #2 store] 
Configuration path: ?

[2021-03-04 22:20:29 #3 type] 
Type domain.User is not enhanced.

[2021-03-04 22:20:30 #4 type] 
Type domain.Question is not enhanced.

[2021-03-04 22:20:30 #5 type] 
Type domain.Event is not enhanced.

------------------------------------------------------------------------------------------------------------------------

[2021-03-04 22:21:33 #1 store] 
Database 'C:\Users\user\git\BetAndRuin_repos\BetAndRuin 21\bets.temp' has been recovered (tr. 1-6)

[2021-03-04 22:21:33 #2 store] 
Database 'C:\Users\user\git\BetAndRuin_repos\BetAndRuin 21\bets.temp' is opened by 884@LASTO-P

[2021-03-04 22:21:33 #3 store] 
Configuration path: ?

[2021-03-04 22:21:33 #4 type] 
Type domain.User is not enhanced.

[2021-03-04 22:21:33 #5 type] 
Type domain.Question is not enhanced.

[2021-03-04 22:21:33 #6 type] 
Type domain.Event is not enhanced.

