------------------------------------------------------------------------------------------------------------------------

[2021-04-16 11:21:58 #1 store] 
Database 'C:\Users\user\git\BetAndRuin_repos\BetAndRuin 21\bets.temp' is opened by 15116@LASTO-P

[2021-04-16 11:21:58 #2 store] 
Configuration path: ?

[2021-04-16 11:21:59 #3 type] 
Type domain.User is not enhanced.

[2021-04-16 11:21:59 #4 type] 
Type domain.Wallet is not enhanced.

[2021-04-16 11:21:59 #5 type] 
Type domain.Bet is not enhanced.

[2021-04-16 11:21:59 #6 type] 
Type domain.Event is not enhanced.

[2021-04-16 11:21:59 #7 type] 
Type domain.Answer is not enhanced.

[2021-04-16 11:21:59 #8 type] 
Type domain.Question is not enhanced.

------------------------------------------------------------------------------------------------------------------------

[2021-04-16 11:22:14 #1 store] 
Database 'C:\Users\user\git\BetAndRuin_repos\BetAndRuin 21\bets.temp' has been recovered (tr. 1-6)

[2021-04-16 11:22:14 #2 store] 
Database 'C:\Users\user\git\BetAndRuin_repos\BetAndRuin 21\bets.temp' is opened by 11916@LASTO-P

[2021-04-16 11:22:14 #3 store] 
Configuration path: ?

[2021-04-16 11:22:14 #4 type] 
Type domain.User is not enhanced.

[2021-04-16 11:22:14 #5 type] 
Type domain.Wallet is not enhanced.

[2021-04-16 11:22:14 #6 type] 
Type domain.Bet is not enhanced.

[2021-04-16 11:22:14 #7 type] 
Type domain.Event is not enhanced.

[2021-04-16 11:22:14 #8 type] 
Type domain.Answer is not enhanced.

[2021-04-16 11:22:14 #9 type] 
Type domain.Question is not enhanced.

------------------------------------------------------------------------------------------------------------------------

[2021-04-16 11:24:13 #1 store] 
Database 'C:\Users\user\git\BetAndRuin_repos\BetAndRuin 21\bets.temp' has been recovered (tr. 7-7)

[2021-04-16 11:24:13 #2 store] 
Database 'C:\Users\user\git\BetAndRuin_repos\BetAndRuin 21\bets.temp' is opened by 10636@LASTO-P

[2021-04-16 11:24:13 #3 store] 
Configuration path: ?

[2021-04-16 11:24:13 #4 type] 
Type domain.User is not enhanced.

[2021-04-16 11:24:13 #5 type] 
Type domain.Wallet is not enhanced.

[2021-04-16 11:24:13 #6 type] 
Type domain.Bet is not enhanced.

[2021-04-16 11:24:13 #7 type] 
Type domain.Event is not enhanced.

[2021-04-16 11:24:13 #8 type] 
Type domain.Answer is not enhanced.

[2021-04-16 11:24:13 #9 type] 
Type domain.Question is not enhanced.

------------------------------------------------------------------------------------------------------------------------

[2021-04-16 11:28:30 #1 store] 
Database 'C:\Users\user\git\BetAndRuin_repos\BetAndRuin 21\bets.temp' has been recovered (tr. 8-8)

[2021-04-16 11:28:30 #2 store] 
Database 'C:\Users\user\git\BetAndRuin_repos\BetAndRuin 21\bets.temp' is opened by 14460@LASTO-P

[2021-04-16 11:28:30 #3 store] 
Configuration path: ?

[2021-04-16 11:28:30 #4 type] 
Type domain.User is not enhanced.

[2021-04-16 11:28:30 #5 type] 
Type domain.Wallet is not enhanced.

[2021-04-16 11:28:30 #6 type] 
Type domain.Bet is not enhanced.

[2021-04-16 11:28:30 #7 type] 
Type domain.Event is not enhanced.

[2021-04-16 11:28:30 #8 type] 
Type domain.Answer is not enhanced.

[2021-04-16 11:28:30 #9 type] 
Type domain.Question is not enhanced.

------------------------------------------------------------------------------------------------------------------------

[2021-04-16 11:29:43 #1 store] 
Database 'C:\Users\user\git\BetAndRuin_repos\BetAndRuin 21\bets.temp' is opened by 7716@LASTO-P

[2021-04-16 11:29:43 #2 store] 
Configuration path: ?

[2021-04-16 11:29:44 #3 type] 
Type domain.User is not enhanced.

[2021-04-16 11:29:44 #4 type] 
Type domain.Wallet is not enhanced.

[2021-04-16 11:29:44 #5 type] 
Type domain.Bet is not enhanced.

[2021-04-16 11:29:44 #6 type] 
Type domain.Event is not enhanced.

[2021-04-16 11:29:44 #7 type] 
Type domain.Answer is not enhanced.

[2021-04-16 11:29:44 #8 type] 
Type domain.Question is not enhanced.

------------------------------------------------------------------------------------------------------------------------

[2021-04-16 11:30:27 #1 store] 
Database 'C:\Users\user\git\BetAndRuin_repos\BetAndRuin 21\bets.temp' is opened by 7084@LASTO-P

[2021-04-16 11:30:27 #2 store] 
Configuration path: ?

[2021-04-16 11:30:27 #3 type] 
Type domain.User is not enhanced.

[2021-04-16 11:30:27 #4 type] 
Type domain.Wallet is not enhanced.

[2021-04-16 11:30:27 #5 type] 
Type domain.Bet is not enhanced.

[2021-04-16 11:30:27 #6 type] 
Type domain.Event is not enhanced.

[2021-04-16 11:30:27 #7 type] 
Type domain.Answer is not enhanced.

[2021-04-16 11:30:27 #8 type] 
Type domain.Question is not enhanced.

------------------------------------------------------------------------------------------------------------------------

[2021-04-16 11:31:29 #1 store] 
Database 'C:\Users\user\git\BetAndRuin_repos\BetAndRuin 21\bets.temp' is opened by 9416@LASTO-P

[2021-04-16 11:31:29 #2 store] 
Configuration path: ?

[2021-04-16 11:31:29 #3 type] 
Type domain.User is not enhanced.

[2021-04-16 11:31:29 #4 type] 
Type domain.Wallet is not enhanced.

[2021-04-16 11:31:29 #5 type] 
Type domain.Bet is not enhanced.

[2021-04-16 11:31:29 #6 type] 
Type domain.Event is not enhanced.

[2021-04-16 11:31:29 #7 type] 
Type domain.Answer is not enhanced.

[2021-04-16 11:31:29 #8 type] 
Type domain.Question is not enhanced.

------------------------------------------------------------------------------------------------------------------------

[2021-04-16 11:34:23 #1 store] 
Database 'C:\Users\user\git\BetAndRuin_repos\BetAndRuin 21\bets.temp' has been recovered (tr. 9-9)

[2021-04-16 11:34:23 #2 store] 
Database 'C:\Users\user\git\BetAndRuin_repos\BetAndRuin 21\bets.temp' is opened by 16484@LASTO-P

[2021-04-16 11:34:23 #3 store] 
Configuration path: ?

[2021-04-16 11:34:23 #4 type] 
Type domain.User is not enhanced.

[2021-04-16 11:34:23 #5 type] 
Type domain.Wallet is not enhanced.

[2021-04-16 11:34:23 #6 type] 
Type domain.Bet is not enhanced.

[2021-04-16 11:34:23 #7 type] 
Type domain.Event is not enhanced.

[2021-04-16 11:34:23 #8 type] 
Type domain.Answer is not enhanced.

[2021-04-16 11:34:23 #9 type] 
Type domain.Question is not enhanced.

------------------------------------------------------------------------------------------------------------------------

[2021-04-16 11:41:41 #1 store] 
Database 'C:\Users\user\git\BetAndRuin_repos\BetAndRuin 21\bets.temp' is opened by 13872@LASTO-P

[2021-04-16 11:41:41 #2 store] 
Configuration path: ?

[2021-04-16 11:41:41 #3 type] 
Type domain.User is not enhanced.

[2021-04-16 11:41:41 #4 type] 
Type domain.Wallet is not enhanced.

[2021-04-16 11:41:41 #5 type] 
Type domain.Bet is not enhanced.

[2021-04-16 11:41:41 #6 type] 
Type domain.Event is not enhanced.

[2021-04-16 11:41:41 #7 type] 
Type domain.Answer is not enhanced.

[2021-04-16 11:41:41 #8 type] 
Type domain.Question is not enhanced.

------------------------------------------------------------------------------------------------------------------------

[2021-04-16 12:18:14 #1 store] 
Database 'C:\Users\user\git\BetAndRuin_repos\BetAndRuin 21\bets.temp' has been recovered (tr. 10-11)

[2021-04-16 12:18:14 #2 store] 
Database 'C:\Users\user\git\BetAndRuin_repos\BetAndRuin 21\bets.temp' is opened by 13232@LASTO-P

[2021-04-16 12:18:14 #3 store] 
Configuration path: ?

[2021-04-16 12:18:14 #4 type] 
Type domain.User is not enhanced.

[2021-04-16 12:18:14 #5 type] 
Type domain.Wallet is not enhanced.

[2021-04-16 12:18:14 #6 type] 
Type domain.Bet is not enhanced.

[2021-04-16 12:18:14 #7 type] 
Type domain.Event is not enhanced.

[2021-04-16 12:18:14 #8 type] 
Type domain.Answer is not enhanced.

[2021-04-16 12:18:14 #9 type] 
Type domain.Question is not enhanced.

------------------------------------------------------------------------------------------------------------------------

[2021-04-16 12:21:16 #1 store] 
Database 'C:\Users\user\git\BetAndRuin_repos\BetAndRuin 21\bets.temp' has been recovered (tr. 12-13)

[2021-04-16 12:21:16 #2 store] 
Database 'C:\Users\user\git\BetAndRuin_repos\BetAndRuin 21\bets.temp' is opened by 17236@LASTO-P

[2021-04-16 12:21:16 #3 store] 
Configuration path: ?

[2021-04-16 12:21:17 #4 type] 
Type domain.User is not enhanced.

[2021-04-16 12:21:17 #5 type] 
Type domain.Wallet is not enhanced.

[2021-04-16 12:21:17 #6 type] 
Type domain.Bet is not enhanced.

[2021-04-16 12:21:17 #7 type] 
Type domain.Event is not enhanced.

[2021-04-16 12:21:17 #8 type] 
Type domain.Answer is not enhanced.

[2021-04-16 12:21:17 #9 type] 
Type domain.Question is not enhanced.

------------------------------------------------------------------------------------------------------------------------

[2021-04-16 12:22:34 #1 store] 
Database 'C:\Users\user\git\BetAndRuin_repos\BetAndRuin 21\bets.temp' has been recovered (tr. 14-15)

[2021-04-16 12:22:34 #2 store] 
Database 'C:\Users\user\git\BetAndRuin_repos\BetAndRuin 21\bets.temp' is opened by 5992@LASTO-P

[2021-04-16 12:22:34 #3 store] 
Configuration path: ?

[2021-04-16 12:22:35 #4 type] 
Type domain.User is not enhanced.

[2021-04-16 12:22:35 #5 type] 
Type domain.Wallet is not enhanced.

[2021-04-16 12:22:35 #6 type] 
Type domain.Bet is not enhanced.

[2021-04-16 12:22:35 #7 type] 
Type domain.Event is not enhanced.

[2021-04-16 12:22:35 #8 type] 
Type domain.Answer is not enhanced.

[2021-04-16 12:22:35 #9 type] 
Type domain.Question is not enhanced.

------------------------------------------------------------------------------------------------------------------------

[2021-04-16 12:23:47 #1 store] 
Database 'C:\Users\user\git\BetAndRuin_repos\BetAndRuin 21\bets.temp' has been recovered (tr. 16-17)

[2021-04-16 12:23:47 #2 store] 
Database 'C:\Users\user\git\BetAndRuin_repos\BetAndRuin 21\bets.temp' is opened by 13408@LASTO-P

[2021-04-16 12:23:47 #3 store] 
Configuration path: ?

[2021-04-16 12:23:47 #4 type] 
Type domain.User is not enhanced.

[2021-04-16 12:23:47 #5 type] 
Type domain.Wallet is not enhanced.

[2021-04-16 12:23:47 #6 type] 
Type domain.Bet is not enhanced.

[2021-04-16 12:23:47 #7 type] 
Type domain.Event is not enhanced.

[2021-04-16 12:23:47 #8 type] 
Type domain.Answer is not enhanced.

[2021-04-16 12:23:47 #9 type] 
Type domain.Question is not enhanced.

------------------------------------------------------------------------------------------------------------------------

[2021-04-16 12:29:00 #1 store] 
Database 'C:\Users\user\git\BetAndRuin_repos\BetAndRuin 21\bets.temp' is opened by 14664@LASTO-P

[2021-04-16 12:29:00 #2 store] 
Configuration path: ?

[2021-04-16 12:29:00 #3 type] 
Type domain.User is not enhanced.

[2021-04-16 12:29:00 #4 type] 
Type domain.Wallet is not enhanced.

[2021-04-16 12:29:00 #5 type] 
Type domain.Bet is not enhanced.

[2021-04-16 12:29:00 #6 type] 
Type domain.Event is not enhanced.

[2021-04-16 12:29:00 #7 type] 
Type domain.Answer is not enhanced.

[2021-04-16 12:29:00 #8 type] 
Type domain.Question is not enhanced.

------------------------------------------------------------------------------------------------------------------------

[2021-04-16 12:41:08 #1 store] 
Database 'C:\Users\user\git\BetAndRuin_repos\BetAndRuin 21\bets.temp' has been recovered (tr. 20-21)

[2021-04-16 12:41:08 #2 store] 
Database 'C:\Users\user\git\BetAndRuin_repos\BetAndRuin 21\bets.temp' is opened by 14020@LASTO-P

[2021-04-16 12:41:08 #3 store] 
Configuration path: ?

[2021-04-16 12:41:08 #4 type] 
Type domain.User is not enhanced.

[2021-04-16 12:41:08 #5 type] 
Type domain.Wallet is not enhanced.

[2021-04-16 12:41:08 #6 type] 
Type domain.Bet is not enhanced.

[2021-04-16 12:41:08 #7 type] 
Type domain.Event is not enhanced.

[2021-04-16 12:41:08 #8 type] 
Type domain.Answer is not enhanced.

[2021-04-16 12:41:09 #9 type] 
Type domain.Question is not enhanced.

------------------------------------------------------------------------------------------------------------------------

[2021-04-16 12:46:07 #1 store] 
Database 'C:\Users\user\git\BetAndRuin_repos\BetAndRuin 21\bets.temp' has been recovered (tr. 22-22)

[2021-04-16 12:46:08 #2 store] 
Database 'C:\Users\user\git\BetAndRuin_repos\BetAndRuin 21\bets.temp' is opened by 15628@LASTO-P

[2021-04-16 12:46:08 #3 store] 
Configuration path: ?

[2021-04-16 12:46:08 #4 type] 
Type domain.User is not enhanced.

[2021-04-16 12:46:08 #5 type] 
Type domain.Wallet is not enhanced.

[2021-04-16 12:46:08 #6 type] 
Type domain.Bet is not enhanced.

[2021-04-16 12:46:08 #7 type] 
Type domain.Event is not enhanced.

[2021-04-16 12:46:08 #8 type] 
Type domain.Answer is not enhanced.

[2021-04-16 12:46:08 #9 type] 
Type domain.Question is not enhanced.

------------------------------------------------------------------------------------------------------------------------

[2021-04-16 12:46:15 #1 store] 
Database 'C:\Users\user\git\BetAndRuin_repos\BetAndRuin 21\bets.temp' is opened by 15344@LASTO-P

[2021-04-16 12:46:15 #2 store] 
Configuration path: ?

[2021-04-16 12:46:15 #3 type] 
Type domain.User is not enhanced.

[2021-04-16 12:46:15 #4 type] 
Type domain.Wallet is not enhanced.

[2021-04-16 12:46:15 #5 type] 
Type domain.Bet is not enhanced.

[2021-04-16 12:46:15 #6 type] 
Type domain.Event is not enhanced.

[2021-04-16 12:46:15 #7 type] 
Type domain.Answer is not enhanced.

[2021-04-16 12:46:15 #8 type] 
Type domain.Question is not enhanced.

------------------------------------------------------------------------------------------------------------------------

[2021-04-16 19:15:01 #1 store] 
Database 'C:\Users\user\git\BetAndRuin_repos\BetAndRuin 21\bets.temp' is opened by 14048@LASTO-P

[2021-04-16 19:15:01 #2 store] 
Configuration path: ?

[2021-04-16 19:15:01 #3 type] 
Type domain.User is not enhanced.

[2021-04-16 19:15:01 #4 type] 
Type domain.Wallet is not enhanced.

[2021-04-16 19:15:01 #5 type] 
Type domain.Bet is not enhanced.

[2021-04-16 19:15:01 #6 type] 
Type domain.Event is not enhanced.

[2021-04-16 19:15:01 #7 type] 
Type domain.Answer is not enhanced.

[2021-04-16 19:15:01 #8 type] 
Type domain.Question is not enhanced.

