------------------------------------------------------------------------------------------------------------------------

[2021-04-17 17:04:38 #1 store] 
Database 'C:\Users\user\git\BetAndRuin_repos\BetAndRuin 21\bets.temp' is opened by 5528@LASTO-P

[2021-04-17 17:04:38 #2 store] 
Configuration path: ?

[2021-04-17 17:04:39 #3 type] 
Type domain.User is not enhanced.

[2021-04-17 17:04:39 #4 type] 
Type domain.Wallet is not enhanced.

[2021-04-17 17:04:39 #5 type] 
Type domain.Bet is not enhanced.

[2021-04-17 17:04:39 #6 type] 
Type domain.Event is not enhanced.

[2021-04-17 17:04:39 #7 type] 
Type domain.Answer is not enhanced.

[2021-04-17 17:04:39 #8 type] 
Type domain.Question is not enhanced.

------------------------------------------------------------------------------------------------------------------------

[2021-04-17 17:05:13 #1 store] 
Database 'C:\Users\user\git\BetAndRuin_repos\BetAndRuin 21\bets.temp' is opened by 11472@LASTO-P

[2021-04-17 17:05:13 #2 store] 
Configuration path: ?

[2021-04-17 17:05:13 #3 type] 
Type domain.User is not enhanced.

[2021-04-17 17:05:13 #4 type] 
Type domain.Wallet is not enhanced.

[2021-04-17 17:05:13 #5 type] 
Type domain.Bet is not enhanced.

[2021-04-17 17:05:13 #6 type] 
Type domain.Event is not enhanced.

[2021-04-17 17:05:13 #7 type] 
Type domain.Answer is not enhanced.

[2021-04-17 17:05:13 #8 type] 
Type domain.Question is not enhanced.

------------------------------------------------------------------------------------------------------------------------

[2021-04-17 17:05:34 #1 store] 
Database 'C:\Users\user\git\BetAndRuin_repos\BetAndRuin 21\bets.temp' has been recovered (tr. 1-6)

[2021-04-17 17:05:34 #2 store] 
Database 'C:\Users\user\git\BetAndRuin_repos\BetAndRuin 21\bets.temp' is opened by 3732@LASTO-P

[2021-04-17 17:05:34 #3 store] 
Configuration path: ?

[2021-04-17 17:05:35 #4 type] 
Type domain.User is not enhanced.

[2021-04-17 17:05:35 #5 type] 
Type domain.Wallet is not enhanced.

[2021-04-17 17:05:35 #6 type] 
Type domain.Bet is not enhanced.

[2021-04-17 17:05:35 #7 type] 
Type domain.Event is not enhanced.

[2021-04-17 17:05:35 #8 type] 
Type domain.Answer is not enhanced.

[2021-04-17 17:05:35 #9 type] 
Type domain.Question is not enhanced.

------------------------------------------------------------------------------------------------------------------------

[2021-04-17 17:11:30 #1 store] 
Database 'C:\Users\user\git\BetAndRuin_repos\BetAndRuin 21\bets.temp' is opened by 17340@LASTO-P

[2021-04-17 17:11:30 #2 store] 
Configuration path: ?

[2021-04-17 17:11:31 #3 type] 
Type domain.User is not enhanced.

[2021-04-17 17:11:31 #4 type] 
Type domain.Wallet is not enhanced.

[2021-04-17 17:11:31 #5 type] 
Type domain.Bet is not enhanced.

[2021-04-17 17:11:31 #6 type] 
Type domain.Event is not enhanced.

[2021-04-17 17:11:31 #7 type] 
Type domain.Answer is not enhanced.

[2021-04-17 17:11:31 #8 type] 
Type domain.Question is not enhanced.

------------------------------------------------------------------------------------------------------------------------

[2021-04-17 17:16:46 #1 store] 
Database 'C:\Users\user\git\BetAndRuin_repos\BetAndRuin 21\bets.temp' has been recovered (tr. 9-10)

[2021-04-17 17:16:46 #2 store] 
Database 'C:\Users\user\git\BetAndRuin_repos\BetAndRuin 21\bets.temp' is opened by 1900@LASTO-P

[2021-04-17 17:16:46 #3 store] 
Configuration path: ?

------------------------------------------------------------------------------------------------------------------------

[2021-04-17 17:18:36 #1 store] 
Database 'C:\Users\user\git\BetAndRuin_repos\BetAndRuin 21\bets.temp' is opened by 6160@LASTO-P

[2021-04-17 17:18:36 #2 store] 
Configuration path: ?

------------------------------------------------------------------------------------------------------------------------

[2021-04-17 17:20:39 #1 store] 
Database 'C:\Users\user\git\BetAndRuin_repos\BetAndRuin 21\bets.temp' has been recovered (tr. 1-2)

[2021-04-17 17:20:39 #2 store] 
Database 'C:\Users\user\git\BetAndRuin_repos\BetAndRuin 21\bets.temp' is opened by 16700@LASTO-P

[2021-04-17 17:20:39 #3 store] 
Configuration path: ?

[2021-04-17 17:20:39 #4 type] 
Type domain.User is not enhanced.

[2021-04-17 17:20:39 #5 type] 
Type domain.Wallet is not enhanced.

[2021-04-17 17:20:39 #6 type] 
Type domain.Bet is not enhanced.

[2021-04-17 17:20:39 #7 type] 
Type domain.Event is not enhanced.

[2021-04-17 17:20:39 #8 type] 
Type domain.Answer is not enhanced.

[2021-04-17 17:20:39 #9 type] 
Type domain.Question is not enhanced.

------------------------------------------------------------------------------------------------------------------------

[2021-04-17 17:20:55 #1 store] 
Database 'C:\Users\user\git\BetAndRuin_repos\BetAndRuin 21\bets.temp' has been recovered (tr. 3-6)

[2021-04-17 17:20:55 #2 store] 
Database 'C:\Users\user\git\BetAndRuin_repos\BetAndRuin 21\bets.temp' is opened by 16972@LASTO-P

[2021-04-17 17:20:55 #3 store] 
Configuration path: ?

[2021-04-17 17:20:55 #4 type] 
Type domain.User is not enhanced.

[2021-04-17 17:20:55 #5 type] 
Type domain.Wallet is not enhanced.

[2021-04-17 17:20:55 #6 type] 
Type domain.Bet is not enhanced.

[2021-04-17 17:20:55 #7 type] 
Type domain.Event is not enhanced.

[2021-04-17 17:20:55 #8 type] 
Type domain.Answer is not enhanced.

[2021-04-17 17:20:55 #9 type] 
Type domain.Question is not enhanced.

------------------------------------------------------------------------------------------------------------------------

[2021-04-17 17:23:41 #1 store] 
Database 'C:\Users\user\git\BetAndRuin_repos\BetAndRuin 21\bets.temp' is opened by 14944@LASTO-P

[2021-04-17 17:23:41 #2 store] 
Configuration path: ?

[2021-04-17 17:23:41 #3 type] 
Type domain.User is not enhanced.

[2021-04-17 17:23:41 #4 type] 
Type domain.Wallet is not enhanced.

[2021-04-17 17:23:41 #5 type] 
Type domain.Bet is not enhanced.

[2021-04-17 17:23:41 #6 type] 
Type domain.Event is not enhanced.

[2021-04-17 17:23:41 #7 type] 
Type domain.Answer is not enhanced.

[2021-04-17 17:23:41 #8 type] 
Type domain.Question is not enhanced.

------------------------------------------------------------------------------------------------------------------------

[2021-04-17 17:25:18 #1 store] 
Database 'C:\Users\user\git\BetAndRuin_repos\BetAndRuin 21\bets.temp' has been recovered (tr. 7-8)

[2021-04-17 17:25:18 #2 store] 
Database 'C:\Users\user\git\BetAndRuin_repos\BetAndRuin 21\bets.temp' is opened by 13852@LASTO-P

[2021-04-17 17:25:18 #3 store] 
Configuration path: ?

[2021-04-17 17:25:18 #4 type] 
Type domain.User is not enhanced.

[2021-04-17 17:25:18 #5 type] 
Type domain.Wallet is not enhanced.

[2021-04-17 17:25:18 #6 type] 
Type domain.Bet is not enhanced.

[2021-04-17 17:25:18 #7 type] 
Type domain.Event is not enhanced.

[2021-04-17 17:25:18 #8 type] 
Type domain.Answer is not enhanced.

[2021-04-17 17:25:18 #9 type] 
Type domain.Question is not enhanced.

------------------------------------------------------------------------------------------------------------------------

[2021-04-17 17:32:02 #1 store] 
Database 'C:\Users\user\git\BetAndRuin_repos\BetAndRuin 21\bets.temp' is opened by 7804@LASTO-P

[2021-04-17 17:32:02 #2 store] 
Configuration path: ?

[2021-04-17 17:32:02 #3 type] 
Type domain.User is not enhanced.

[2021-04-17 17:32:02 #4 type] 
Type domain.Wallet is not enhanced.

[2021-04-17 17:32:02 #5 type] 
Type domain.Bet is not enhanced.

[2021-04-17 17:32:02 #6 type] 
Type domain.Event is not enhanced.

[2021-04-17 17:32:02 #7 type] 
Type domain.Answer is not enhanced.

[2021-04-17 17:32:02 #8 type] 
Type domain.Question is not enhanced.

------------------------------------------------------------------------------------------------------------------------

[2021-04-17 17:32:32 #1 store] 
Database 'C:\Users\user\git\BetAndRuin_repos\BetAndRuin 21\bets.temp' is opened by 7752@LASTO-P

[2021-04-17 17:32:32 #2 store] 
Configuration path: ?

[2021-04-17 17:32:32 #3 type] 
Type domain.User is not enhanced.

[2021-04-17 17:32:32 #4 type] 
Type domain.Wallet is not enhanced.

[2021-04-17 17:32:32 #5 type] 
Type domain.Bet is not enhanced.

[2021-04-17 17:32:32 #6 type] 
Type domain.Event is not enhanced.

[2021-04-17 17:32:32 #7 type] 
Type domain.Answer is not enhanced.

[2021-04-17 17:32:32 #8 type] 
Type domain.Question is not enhanced.

------------------------------------------------------------------------------------------------------------------------

[2021-04-17 17:43:04 #1 store] 
Database 'C:\Users\user\git\BetAndRuin_repos\BetAndRuin 21\bets.temp' has been recovered (tr. 8-9)

[2021-04-17 17:43:04 #2 store] 
Database 'C:\Users\user\git\BetAndRuin_repos\BetAndRuin 21\bets.temp' is opened by 3824@LASTO-P

[2021-04-17 17:43:04 #3 store] 
Configuration path: ?

[2021-04-17 17:43:04 #4 type] 
Type domain.User is not enhanced.

[2021-04-17 17:43:04 #5 type] 
Type domain.Wallet is not enhanced.

[2021-04-17 17:43:04 #6 type] 
Type domain.Bet is not enhanced.

[2021-04-17 17:43:04 #7 type] 
Type domain.Event is not enhanced.

[2021-04-17 17:43:04 #8 type] 
Type domain.Answer is not enhanced.

[2021-04-17 17:43:04 #9 type] 
Type domain.Question is not enhanced.

------------------------------------------------------------------------------------------------------------------------

[2021-04-17 17:52:34 #1 store] 
Database 'C:\Users\user\git\BetAndRuin_repos\BetAndRuin 21\bets.temp' has been recovered (tr. 10-12)

[2021-04-17 17:52:34 #2 store] 
Database 'C:\Users\user\git\BetAndRuin_repos\BetAndRuin 21\bets.temp' is opened by 2456@LASTO-P

[2021-04-17 17:52:34 #3 store] 
Configuration path: ?

[2021-04-17 17:52:34 #4 type] 
Type domain.User is not enhanced.

[2021-04-17 17:52:34 #5 type] 
Type domain.Wallet is not enhanced.

[2021-04-17 17:52:34 #6 type] 
Type domain.Bet is not enhanced.

[2021-04-17 17:52:34 #7 type] 
Type domain.Event is not enhanced.

[2021-04-17 17:52:34 #8 type] 
Type domain.Answer is not enhanced.

[2021-04-17 17:52:34 #9 type] 
Type domain.Question is not enhanced.

------------------------------------------------------------------------------------------------------------------------

[2021-04-17 17:58:19 #1 store] 
Database 'C:\Users\user\git\BetAndRuin_repos\BetAndRuin 21\bets.temp' has been recovered (tr. 13-15)

[2021-04-17 17:58:19 #2 store] 
Database 'C:\Users\user\git\BetAndRuin_repos\BetAndRuin 21\bets.temp' is opened by 11924@LASTO-P

[2021-04-17 17:58:19 #3 store] 
Configuration path: ?

[2021-04-17 17:58:19 #4 type] 
Type domain.User is not enhanced.

[2021-04-17 17:58:19 #5 type] 
Type domain.Wallet is not enhanced.

[2021-04-17 17:58:19 #6 type] 
Type domain.Bet is not enhanced.

[2021-04-17 17:58:19 #7 type] 
Type domain.Event is not enhanced.

[2021-04-17 17:58:19 #8 type] 
Type domain.Answer is not enhanced.

[2021-04-17 17:58:19 #9 type] 
Type domain.Question is not enhanced.

------------------------------------------------------------------------------------------------------------------------

[2021-04-17 18:06:41 #1 store] 
Database 'C:\Users\user\git\BetAndRuin_repos\BetAndRuin 21\bets.temp' is opened by 16296@LASTO-P

[2021-04-17 18:06:41 #2 store] 
Configuration path: ?

[2021-04-17 18:06:41 #3 type] 
Type domain.User is not enhanced.

[2021-04-17 18:06:41 #4 type] 
Type domain.Wallet is not enhanced.

[2021-04-17 18:06:42 #5 type] 
Type domain.Answer is not enhanced.

[2021-04-17 18:06:42 #6 type] 
Type domain.Question is not enhanced.

[2021-04-17 18:06:42 #7 type] 
Type domain.Event is not enhanced.

------------------------------------------------------------------------------------------------------------------------

[2021-04-17 18:06:54 #1 store] 
Database 'C:\Users\user\git\BetAndRuin_repos\BetAndRuin 21\bets.temp' has been recovered (tr. 1-7)

[2021-04-17 18:06:54 #2 store] 
Database 'C:\Users\user\git\BetAndRuin_repos\BetAndRuin 21\bets.temp' is opened by 15192@LASTO-P

[2021-04-17 18:06:54 #3 store] 
Configuration path: ?

[2021-04-17 18:06:54 #4 type] 
Type domain.User is not enhanced.

[2021-04-17 18:06:54 #5 type] 
Type domain.Wallet is not enhanced.

[2021-04-17 18:06:54 #6 type] 
Type domain.Answer is not enhanced.

[2021-04-17 18:06:54 #7 type] 
Type domain.Question is not enhanced.

[2021-04-17 18:06:54 #8 type] 
Type domain.Event is not enhanced.

------------------------------------------------------------------------------------------------------------------------

[2021-04-17 18:07:14 #1 store] 
Database 'C:\Users\user\git\BetAndRuin_repos\BetAndRuin 21\bets.temp' is opened by 2876@LASTO-P

[2021-04-17 18:07:14 #2 store] 
Configuration path: ?

[2021-04-17 18:07:14 #3 type] 
Type domain.User is not enhanced.

[2021-04-17 18:07:14 #4 type] 
Type domain.Wallet is not enhanced.

[2021-04-17 18:07:14 #5 type] 
Type domain.Answer is not enhanced.

[2021-04-17 18:07:14 #6 type] 
Type domain.Question is not enhanced.

[2021-04-17 18:07:14 #7 type] 
Type domain.Event is not enhanced.

------------------------------------------------------------------------------------------------------------------------

[2021-04-17 18:10:34 #1 store] 
Database 'C:\Users\user\git\BetAndRuin_repos\BetAndRuin 21\bets.temp' is opened by 12296@LASTO-P

[2021-04-17 18:10:34 #2 store] 
Configuration path: ?

[2021-04-17 18:10:34 #3 type] 
Type domain.User is not enhanced.

[2021-04-17 18:10:34 #4 type] 
Type domain.Wallet is not enhanced.

[2021-04-17 18:10:34 #5 type] 
Type domain.Bet is not enhanced.

[2021-04-17 18:10:34 #6 type] 
Type domain.Event is not enhanced.

[2021-04-17 18:10:34 #7 type] 
Type domain.Answer is not enhanced.

[2021-04-17 18:10:34 #8 type] 
Type domain.Question is not enhanced.

------------------------------------------------------------------------------------------------------------------------

[2021-04-17 18:14:18 #1 store] 
Database 'C:\Users\user\git\BetAndRuin_repos\BetAndRuin 21\bets.temp' has been recovered (tr. 1-6)

[2021-04-17 18:14:18 #2 store] 
Database 'C:\Users\user\git\BetAndRuin_repos\BetAndRuin 21\bets.temp' is opened by 10520@LASTO-P

[2021-04-17 18:14:18 #3 store] 
Configuration path: ?

[2021-04-17 18:14:18 #4 type] 
Type domain.User is not enhanced.

[2021-04-17 18:14:18 #5 type] 
Type domain.Wallet is not enhanced.

[2021-04-17 18:14:18 #6 type] 
Type domain.Bet is not enhanced.

[2021-04-17 18:14:18 #7 type] 
Type domain.Event is not enhanced.

[2021-04-17 18:14:18 #8 type] 
Type domain.Answer is not enhanced.

[2021-04-17 18:14:18 #9 type] 
Type domain.Question is not enhanced.

------------------------------------------------------------------------------------------------------------------------

[2021-04-17 18:17:17 #1 store] 
Database 'C:\Users\user\git\BetAndRuin_repos\BetAndRuin 21\bets.temp' has been recovered (tr. 7-8)

[2021-04-17 18:17:17 #2 store] 
Database 'C:\Users\user\git\BetAndRuin_repos\BetAndRuin 21\bets.temp' is opened by 8324@LASTO-P

[2021-04-17 18:17:17 #3 store] 
Configuration path: ?

[2021-04-17 18:17:17 #4 type] 
Type domain.User is not enhanced.

[2021-04-17 18:17:17 #5 type] 
Type domain.Wallet is not enhanced.

[2021-04-17 18:17:17 #6 type] 
Type domain.Bet is not enhanced.

[2021-04-17 18:17:17 #7 type] 
Type domain.Event is not enhanced.

[2021-04-17 18:17:17 #8 type] 
Type domain.Answer is not enhanced.

[2021-04-17 18:17:17 #9 type] 
Type domain.Question is not enhanced.

------------------------------------------------------------------------------------------------------------------------

[2021-04-17 18:21:53 #1 store] 
Database 'C:\Users\user\git\BetAndRuin_repos\BetAndRuin 21\bets.temp' has been recovered (tr. 9-14)

[2021-04-17 18:21:53 #2 store] 
Database 'C:\Users\user\git\BetAndRuin_repos\BetAndRuin 21\bets.temp' is opened by 14772@LASTO-P

[2021-04-17 18:21:53 #3 store] 
Configuration path: ?

[2021-04-17 18:21:53 #4 type] 
Type domain.User is not enhanced.

[2021-04-17 18:21:53 #5 type] 
Type domain.Wallet is not enhanced.

[2021-04-17 18:21:53 #6 type] 
Type domain.Bet is not enhanced.

[2021-04-17 18:21:53 #7 type] 
Type domain.Event is not enhanced.

[2021-04-17 18:21:53 #8 type] 
Type domain.Answer is not enhanced.

[2021-04-17 18:21:53 #9 type] 
Type domain.Question is not enhanced.

------------------------------------------------------------------------------------------------------------------------

[2021-04-17 18:31:20 #1 store] 
Database 'C:\Users\user\git\BetAndRuin_repos\BetAndRuin 21\bets.temp' is opened by 1688@LASTO-P

[2021-04-17 18:31:20 #2 store] 
Configuration path: ?

[2021-04-17 18:31:20 #3 type] 
Type domain.User is not enhanced.

[2021-04-17 18:31:20 #4 type] 
Type domain.Wallet is not enhanced.

[2021-04-17 18:31:20 #5 type] 
Type domain.Bet is not enhanced.

[2021-04-17 18:31:20 #6 type] 
Type domain.Event is not enhanced.

[2021-04-17 18:31:20 #7 type] 
Type domain.Answer is not enhanced.

[2021-04-17 18:31:20 #8 type] 
Type domain.Question is not enhanced.

------------------------------------------------------------------------------------------------------------------------

[2021-04-17 23:10:03 #1 store] 
Database 'C:\Users\user\git\BetAndRuin_repos\BetAndRuin 21\bets.temp' is opened by 2412@LASTO-P

[2021-04-17 23:10:03 #2 store] 
Configuration path: ?

[2021-04-17 23:10:03 #3 type] 
Type domain.User is not enhanced.

[2021-04-17 23:10:03 #4 type] 
Type domain.Wallet is not enhanced.

[2021-04-17 23:10:03 #5 type] 
Type domain.Bet is not enhanced.

[2021-04-17 23:10:03 #6 type] 
Type domain.Event is not enhanced.

[2021-04-17 23:10:03 #7 type] 
Type domain.Answer is not enhanced.

[2021-04-17 23:10:03 #8 type] 
Type domain.Question is not enhanced.

------------------------------------------------------------------------------------------------------------------------

[2021-04-17 23:10:29 #1 store] 
Database 'C:\Users\user\git\BetAndRuin_repos\BetAndRuin 21\bets.temp' has been recovered (tr. 1-6)

[2021-04-17 23:10:29 #2 store] 
Database 'C:\Users\user\git\BetAndRuin_repos\BetAndRuin 21\bets.temp' is opened by 4700@LASTO-P

[2021-04-17 23:10:29 #3 store] 
Configuration path: ?

[2021-04-17 23:10:29 #4 type] 
Type domain.User is not enhanced.

[2021-04-17 23:10:29 #5 type] 
Type domain.Wallet is not enhanced.

[2021-04-17 23:10:29 #6 type] 
Type domain.Bet is not enhanced.

[2021-04-17 23:10:29 #7 type] 
Type domain.Event is not enhanced.

[2021-04-17 23:10:29 #8 type] 
Type domain.Answer is not enhanced.

[2021-04-17 23:10:29 #9 type] 
Type domain.Question is not enhanced.

------------------------------------------------------------------------------------------------------------------------

[2021-04-17 23:15:38 #1 store] 
Database 'C:\Users\user\git\BetAndRuin_repos\BetAndRuin 21\bets.temp' is opened by 7104@LASTO-P

[2021-04-17 23:15:38 #2 store] 
Configuration path: ?

[2021-04-17 23:15:39 #3 type] 
Type domain.User is not enhanced.

[2021-04-17 23:15:39 #4 type] 
Type domain.Wallet is not enhanced.

[2021-04-17 23:15:39 #5 type] 
Type domain.Bet is not enhanced.

[2021-04-17 23:15:39 #6 type] 
Type domain.Event is not enhanced.

[2021-04-17 23:15:39 #7 type] 
Type domain.Answer is not enhanced.

[2021-04-17 23:15:39 #8 type] 
Type domain.Question is not enhanced.

------------------------------------------------------------------------------------------------------------------------

[2021-04-17 23:16:44 #1 store] 
Database 'C:\Users\user\git\BetAndRuin_repos\BetAndRuin 21\bets.temp' is opened by 17964@LASTO-P

[2021-04-17 23:16:44 #2 store] 
Configuration path: ?

[2021-04-17 23:16:44 #3 type] 
Type domain.User is not enhanced.

[2021-04-17 23:16:44 #4 type] 
Type domain.Wallet is not enhanced.

[2021-04-17 23:16:44 #5 type] 
Type domain.Bet is not enhanced.

[2021-04-17 23:16:44 #6 type] 
Type domain.Event is not enhanced.

[2021-04-17 23:16:44 #7 type] 
Type domain.Answer is not enhanced.

[2021-04-17 23:16:44 #8 type] 
Type domain.Question is not enhanced.

------------------------------------------------------------------------------------------------------------------------

[2021-04-17 23:17:38 #1 store] 
Database 'C:\Users\user\git\BetAndRuin_repos\BetAndRuin 21\bets.temp' has been recovered (tr. 12-13)

[2021-04-17 23:17:38 #2 store] 
Database 'C:\Users\user\git\BetAndRuin_repos\BetAndRuin 21\bets.temp' is opened by 13064@LASTO-P

[2021-04-17 23:17:38 #3 store] 
Configuration path: ?

[2021-04-17 23:17:38 #4 type] 
Type domain.User is not enhanced.

[2021-04-17 23:17:38 #5 type] 
Type domain.Wallet is not enhanced.

[2021-04-17 23:17:38 #6 type] 
Type domain.Bet is not enhanced.

[2021-04-17 23:17:38 #7 type] 
Type domain.Event is not enhanced.

[2021-04-17 23:17:38 #8 type] 
Type domain.Answer is not enhanced.

[2021-04-17 23:17:38 #9 type] 
Type domain.Question is not enhanced.

------------------------------------------------------------------------------------------------------------------------

[2021-04-17 23:18:44 #1 store] 
Database 'C:\Users\user\git\BetAndRuin_repos\BetAndRuin 21\bets.temp' has been recovered (tr. 14-15)

[2021-04-17 23:18:44 #2 store] 
Database 'C:\Users\user\git\BetAndRuin_repos\BetAndRuin 21\bets.temp' is opened by 8580@LASTO-P

[2021-04-17 23:18:44 #3 store] 
Configuration path: ?

[2021-04-17 23:18:44 #4 type] 
Type domain.User is not enhanced.

[2021-04-17 23:18:44 #5 type] 
Type domain.Wallet is not enhanced.

[2021-04-17 23:18:44 #6 type] 
Type domain.Bet is not enhanced.

[2021-04-17 23:18:45 #7 type] 
Type domain.Event is not enhanced.

[2021-04-17 23:18:45 #8 type] 
Type domain.Answer is not enhanced.

[2021-04-17 23:18:45 #9 type] 
Type domain.Question is not enhanced.

------------------------------------------------------------------------------------------------------------------------

[2021-04-17 23:20:24 #1 store] 
Database 'C:\Users\user\git\BetAndRuin_repos\BetAndRuin 21\bets.temp' has been recovered (tr. 16-17)

[2021-04-17 23:20:24 #2 store] 
Database 'C:\Users\user\git\BetAndRuin_repos\BetAndRuin 21\bets.temp' is opened by 17004@LASTO-P

[2021-04-17 23:20:24 #3 store] 
Configuration path: ?

[2021-04-17 23:20:24 #4 type] 
Type domain.User is not enhanced.

[2021-04-17 23:20:24 #5 type] 
Type domain.Wallet is not enhanced.

[2021-04-17 23:20:24 #6 type] 
Type domain.Bet is not enhanced.

[2021-04-17 23:20:24 #7 type] 
Type domain.Event is not enhanced.

[2021-04-17 23:20:24 #8 type] 
Type domain.Answer is not enhanced.

[2021-04-17 23:20:24 #9 type] 
Type domain.Question is not enhanced.

------------------------------------------------------------------------------------------------------------------------

[2021-04-17 23:27:20 #1 store] 
Database 'C:\Users\user\git\BetAndRuin_repos\BetAndRuin 21\bets.temp' is opened by 868@LASTO-P

[2021-04-17 23:27:20 #2 store] 
Configuration path: ?

[2021-04-17 23:27:20 #3 type] 
Type domain.User is not enhanced.

[2021-04-17 23:27:20 #4 type] 
Type domain.Wallet is not enhanced.

[2021-04-17 23:27:20 #5 type] 
Type domain.Bet is not enhanced.

[2021-04-17 23:27:20 #6 type] 
Type domain.Event is not enhanced.

[2021-04-17 23:27:20 #7 type] 
Type domain.Answer is not enhanced.

[2021-04-17 23:27:20 #8 type] 
Type domain.Question is not enhanced.

------------------------------------------------------------------------------------------------------------------------

[2021-04-17 23:29:38 #1 store] 
Database 'C:\Users\user\git\BetAndRuin_repos\BetAndRuin 21\bets.temp' has been recovered (tr. 20-21)

[2021-04-17 23:29:38 #2 store] 
Database 'C:\Users\user\git\BetAndRuin_repos\BetAndRuin 21\bets.temp' is opened by 9828@LASTO-P

[2021-04-17 23:29:38 #3 store] 
Configuration path: ?

[2021-04-17 23:29:38 #4 type] 
Type domain.User is not enhanced.

[2021-04-17 23:29:38 #5 type] 
Type domain.Wallet is not enhanced.

[2021-04-17 23:29:38 #6 type] 
Type domain.Bet is not enhanced.

[2021-04-17 23:29:38 #7 type] 
Type domain.Event is not enhanced.

[2021-04-17 23:29:38 #8 type] 
Type domain.Answer is not enhanced.

[2021-04-17 23:29:38 #9 type] 
Type domain.Question is not enhanced.

------------------------------------------------------------------------------------------------------------------------

[2021-04-17 23:31:35 #1 store] 
Database 'C:\Users\user\git\BetAndRuin_repos\BetAndRuin 21\bets.temp' has been recovered (tr. 22-23)

[2021-04-17 23:31:35 #2 store] 
Database 'C:\Users\user\git\BetAndRuin_repos\BetAndRuin 21\bets.temp' is opened by 11348@LASTO-P

[2021-04-17 23:31:35 #3 store] 
Configuration path: ?

[2021-04-17 23:31:36 #4 type] 
Type domain.User is not enhanced.

[2021-04-17 23:31:36 #5 type] 
Type domain.Wallet is not enhanced.

[2021-04-17 23:31:36 #6 type] 
Type domain.Bet is not enhanced.

[2021-04-17 23:31:36 #7 type] 
Type domain.Event is not enhanced.

[2021-04-17 23:31:36 #8 type] 
Type domain.Answer is not enhanced.

[2021-04-17 23:31:36 #9 type] 
Type domain.Question is not enhanced.

------------------------------------------------------------------------------------------------------------------------

[2021-04-17 23:37:40 #1 store] 
Database 'C:\Users\user\git\BetAndRuin_repos\BetAndRuin 21\bets.temp' has been recovered (tr. 24-25)

[2021-04-17 23:37:40 #2 store] 
Database 'C:\Users\user\git\BetAndRuin_repos\BetAndRuin 21\bets.temp' is opened by 8760@LASTO-P

[2021-04-17 23:37:40 #3 store] 
Configuration path: ?

[2021-04-17 23:37:40 #4 type] 
Type domain.User is not enhanced.

[2021-04-17 23:37:40 #5 type] 
Type domain.Wallet is not enhanced.

[2021-04-17 23:37:40 #6 type] 
Type domain.Bet is not enhanced.

[2021-04-17 23:37:40 #7 type] 
Type domain.Event is not enhanced.

[2021-04-17 23:37:40 #8 type] 
Type domain.Answer is not enhanced.

[2021-04-17 23:37:40 #9 type] 
Type domain.Question is not enhanced.

------------------------------------------------------------------------------------------------------------------------

[2021-04-17 23:54:21 #1 store] 
Database 'C:\Users\user\git\BetAndRuin_repos\BetAndRuin 21\bets.temp' has been recovered (tr. 26-27)

[2021-04-17 23:54:21 #2 store] 
Database 'C:\Users\user\git\BetAndRuin_repos\BetAndRuin 21\bets.temp' is opened by 6152@LASTO-P

[2021-04-17 23:54:21 #3 store] 
Configuration path: ?

[2021-04-17 23:54:21 #4 type] 
Type domain.User is not enhanced.

[2021-04-17 23:54:21 #5 type] 
Type domain.Wallet is not enhanced.

[2021-04-17 23:54:21 #6 type] 
Type domain.Bet is not enhanced.

[2021-04-17 23:54:21 #7 type] 
Type domain.Event is not enhanced.

[2021-04-17 23:54:21 #8 type] 
Type domain.Answer is not enhanced.

[2021-04-17 23:54:21 #9 type] 
Type domain.Question is not enhanced.

------------------------------------------------------------------------------------------------------------------------

[2021-04-17 23:56:06 #1 store] 
Database 'C:\Users\user\git\BetAndRuin_repos\BetAndRuin 21\bets.temp' is opened by 8672@LASTO-P

[2021-04-17 23:56:06 #2 store] 
Configuration path: ?

[2021-04-17 23:56:06 #3 type] 
Type domain.User is not enhanced.

[2021-04-17 23:56:07 #4 type] 
Type domain.Wallet is not enhanced.

[2021-04-17 23:56:07 #5 type] 
Type domain.Bet is not enhanced.

[2021-04-17 23:56:07 #6 type] 
Type domain.Event is not enhanced.

[2021-04-17 23:56:07 #7 type] 
Type domain.Answer is not enhanced.

[2021-04-17 23:56:07 #8 type] 
Type domain.Question is not enhanced.

------------------------------------------------------------------------------------------------------------------------

[2021-04-17 23:56:18 #1 store] 
Database 'C:\Users\user\git\BetAndRuin_repos\BetAndRuin 21\bets.temp' has been recovered (tr. 1-6)

[2021-04-17 23:56:18 #2 store] 
Database 'C:\Users\user\git\BetAndRuin_repos\BetAndRuin 21\bets.temp' is opened by 15972@LASTO-P

[2021-04-17 23:56:18 #3 store] 
Configuration path: ?

[2021-04-17 23:56:18 #4 type] 
Type domain.User is not enhanced.

[2021-04-17 23:56:18 #5 type] 
Type domain.Wallet is not enhanced.

[2021-04-17 23:56:18 #6 type] 
Type domain.Bet is not enhanced.

[2021-04-17 23:56:18 #7 type] 
Type domain.Event is not enhanced.

[2021-04-17 23:56:18 #8 type] 
Type domain.Answer is not enhanced.

[2021-04-17 23:56:18 #9 type] 
Type domain.Question is not enhanced.

