------------------------------------------------------------------------------------------------------------------------

[2021-04-10 13:01:51 #1 store] 
Database 'C:\Users\user\git\BetAndRuin_repos\BetAndRuin 21\bets.temp' is opened by 17092@LASTO-P

[2021-04-10 13:01:51 #2 store] 
Configuration path: ?

[2021-04-10 13:01:51 #3 type] 
Type domain.User is not enhanced.

[2021-04-10 13:01:51 #4 type] 
Type domain.Question is not enhanced.

[2021-04-10 13:01:51 #5 type] 
Type domain.Event is not enhanced.

------------------------------------------------------------------------------------------------------------------------

[2021-04-10 13:08:16 #1 store] 
Database 'C:\Users\user\git\BetAndRuin_repos\BetAndRuin 21\bets.temp' has been recovered (tr. 13-13)

[2021-04-10 13:08:17 #2 store] 
Database 'C:\Users\user\git\BetAndRuin_repos\BetAndRuin 21\bets.temp' is opened by 14164@LASTO-P

[2021-04-10 13:08:17 #3 store] 
Configuration path: ?

[2021-04-10 13:08:17 #4 type] 
Type domain.User is not enhanced.

[2021-04-10 13:08:17 #5 type] 
Type domain.Question is not enhanced.

[2021-04-10 13:08:17 #6 type] 
Type domain.Event is not enhanced.

------------------------------------------------------------------------------------------------------------------------

[2021-04-10 13:08:27 #1 store] 
Database 'C:\Users\user\git\BetAndRuin_repos\BetAndRuin 21\bets.temp' is opened by 8624@LASTO-P

[2021-04-10 13:08:27 #2 store] 
Configuration path: ?

[2021-04-10 13:08:27 #3 type] 
Type domain.User is not enhanced.

[2021-04-10 13:08:27 #4 type] 
Type domain.Question is not enhanced.

[2021-04-10 13:08:27 #5 type] 
Type domain.Event is not enhanced.

------------------------------------------------------------------------------------------------------------------------

[2021-04-10 13:08:50 #1 store] 
Database 'C:\Users\user\git\BetAndRuin_repos\BetAndRuin 21\bets.temp' is opened by 17300@LASTO-P

[2021-04-10 13:08:50 #2 store] 
Configuration path: ?

[2021-04-10 13:08:50 #3 type] 
Type domain.User is not enhanced.

[2021-04-10 13:08:50 #4 type] 
Type domain.Question is not enhanced.

[2021-04-10 13:08:50 #5 type] 
Type domain.Event is not enhanced.

------------------------------------------------------------------------------------------------------------------------

[2021-04-10 13:29:38 #1 store] 
Database 'C:\Users\user\git\BetAndRuin_repos\BetAndRuin 21\bets.temp' is opened by 9232@LASTO-P

[2021-04-10 13:29:38 #2 store] 
Configuration path: ?

------------------------------------------------------------------------------------------------------------------------

[2021-04-10 13:29:47 #1 store] 
Database 'C:\Users\user\git\BetAndRuin_repos\BetAndRuin 21\bets.temp' is opened by 9112@LASTO-P

[2021-04-10 13:29:47 #2 store] 
Configuration path: ?

------------------------------------------------------------------------------------------------------------------------

[2021-04-10 13:33:15 #1 store] 
Database 'C:\Users\user\git\BetAndRuin_repos\BetAndRuin 21\bets.temp' is opened by 6956@LASTO-P

[2021-04-10 13:33:15 #2 store] 
Configuration path: ?

------------------------------------------------------------------------------------------------------------------------

[2021-04-10 13:34:20 #1 store] 
Database 'C:\Users\user\git\BetAndRuin_repos\BetAndRuin 21\bets.temp' is opened by 9736@LASTO-P

[2021-04-10 13:34:20 #2 store] 
Configuration path: ?

------------------------------------------------------------------------------------------------------------------------

[2021-04-10 13:35:05 #1 store] 
Database 'C:\Users\user\git\BetAndRuin_repos\BetAndRuin 21\bets.temp' is opened by 5540@LASTO-P

[2021-04-10 13:35:05 #2 store] 
Configuration path: ?

------------------------------------------------------------------------------------------------------------------------

[2021-04-10 13:35:53 #1 store] 
Database 'C:\Users\user\git\BetAndRuin_repos\BetAndRuin 21\bets.temp' is opened by 18096@LASTO-P

[2021-04-10 13:35:53 #2 store] 
Configuration path: ?

------------------------------------------------------------------------------------------------------------------------

[2021-04-10 13:39:12 #1 store] 
Database 'C:\Users\user\git\BetAndRuin_repos\BetAndRuin 21\bets.temp' is opened by 9752@LASTO-P

[2021-04-10 13:39:12 #2 store] 
Configuration path: ?

------------------------------------------------------------------------------------------------------------------------

[2021-04-10 13:39:48 #1 store] 
Database 'C:\Users\user\git\BetAndRuin_repos\BetAndRuin 21\bets.temp' is opened by 4376@LASTO-P

[2021-04-10 13:39:48 #2 store] 
Configuration path: ?

------------------------------------------------------------------------------------------------------------------------

[2021-04-10 13:44:41 #1 store] 
Database 'C:\Users\user\git\BetAndRuin_repos\BetAndRuin 21\bets.temp' is opened by 2744@LASTO-P

[2021-04-10 13:44:41 #2 store] 
Configuration path: ?

[2021-04-10 13:44:41 #3 type] 
Type domain.User is not enhanced.

------------------------------------------------------------------------------------------------------------------------

[2021-04-10 14:00:17 #1 store] 
Database 'C:\Users\user\git\BetAndRuin_repos\BetAndRuin 21\bets.temp' is opened by 15416@LASTO-P

[2021-04-10 14:00:17 #2 store] 
Configuration path: ?

[2021-04-10 14:00:17 #3 type] 
Type domain.User is not enhanced.

[2021-04-10 14:00:17 #4 type] 
Type domain.Question is not enhanced.

[2021-04-10 14:00:17 #5 type] 
Type domain.Event is not enhanced.

------------------------------------------------------------------------------------------------------------------------

[2021-04-10 14:00:29 #1 store] 
Database 'C:\Users\user\git\BetAndRuin_repos\BetAndRuin 21\bets.temp' has been recovered (tr. 1-6)

[2021-04-10 14:00:29 #2 store] 
Database 'C:\Users\user\git\BetAndRuin_repos\BetAndRuin 21\bets.temp' is opened by 16528@LASTO-P

[2021-04-10 14:00:29 #3 store] 
Configuration path: ?

[2021-04-10 14:00:29 #4 type] 
Type domain.User is not enhanced.

[2021-04-10 14:00:29 #5 type] 
Type domain.Question is not enhanced.

[2021-04-10 14:00:29 #6 type] 
Type domain.Event is not enhanced.

------------------------------------------------------------------------------------------------------------------------

[2021-04-10 14:01:12 #1 store] 
Database 'C:\Users\user\git\BetAndRuin_repos\BetAndRuin 21\bets.temp' is opened by 5100@LASTO-P

[2021-04-10 14:01:12 #2 store] 
Configuration path: ?

[2021-04-10 14:01:12 #3 type] 
Type domain.User is not enhanced.

[2021-04-10 14:01:12 #4 type] 
Type domain.Question is not enhanced.

[2021-04-10 14:01:12 #5 type] 
Type domain.Event is not enhanced.

------------------------------------------------------------------------------------------------------------------------

[2021-04-10 14:03:55 #1 store] 
Database 'C:\Users\user\git\BetAndRuin_repos\BetAndRuin 21\bets.temp' is opened by 11176@LASTO-P

[2021-04-10 14:03:55 #2 store] 
Configuration path: ?

[2021-04-10 14:03:55 #3 type] 
Type domain.User is not enhanced.

[2021-04-10 14:03:55 #4 type] 
Type domain.Question is not enhanced.

[2021-04-10 14:03:55 #5 type] 
Type domain.Event is not enhanced.

------------------------------------------------------------------------------------------------------------------------

[2021-04-10 14:04:17 #1 store] 
Database 'C:\Users\user\git\BetAndRuin_repos\BetAndRuin 21\bets.temp' is opened by 5812@LASTO-P

[2021-04-10 14:04:17 #2 store] 
Configuration path: ?

[2021-04-10 14:04:17 #3 type] 
Type domain.User is not enhanced.

[2021-04-10 14:04:17 #4 type] 
Type domain.Question is not enhanced.

[2021-04-10 14:04:17 #5 type] 
Type domain.Event is not enhanced.

