------------------------------------------------------------------------------------------------------------------------

[2021-05-12 18:56:29 #1 store] 
Database 'C:\Users\user\git\BetAndRuin_repos\BetAndRuin 21\bets.temp' has been recovered (tr. 19-20)

[2021-05-12 18:56:30 #2 store] 
Database 'C:\Users\user\git\BetAndRuin_repos\BetAndRuin 21\bets.temp' is opened by 14048@LASTO-P

[2021-05-12 18:56:30 #3 store] 
Configuration path: ?

[2021-05-12 18:56:30 #4 type] 
Type domain.Event is not enhanced.

[2021-05-12 18:56:30 #5 type] 
Type domain.Question is not enhanced.

[2021-05-12 18:56:30 #6 type] 
Type domain.Answer is not enhanced.

[2021-05-12 18:56:30 #7 type] 
Type domain.User is not enhanced.

[2021-05-12 18:56:30 #8 type] 
Type domain.Wallet is not enhanced.

[2021-05-12 18:56:30 #9 type] 
Type domain.Bet is not enhanced.

------------------------------------------------------------------------------------------------------------------------

[2021-05-12 22:08:48 #1 store] 
Database 'C:\Users\user\git\BetAndRuin_repos\BetAndRuin 21\bets.temp' has been recovered (tr. 21-21)

[2021-05-12 22:08:48 #2 store] 
Database 'C:\Users\user\git\BetAndRuin_repos\BetAndRuin 21\bets.temp' is opened by 10328@LASTO-P

[2021-05-12 22:08:48 #3 store] 
Configuration path: ?

[2021-05-12 22:08:49 #4 type] 
Type domain.Event is not enhanced.

[2021-05-12 22:08:49 #5 type] 
Type domain.Question is not enhanced.

[2021-05-12 22:08:49 #6 type] 
Type domain.Answer is not enhanced.

[2021-05-12 22:08:49 #7 type] 
Type domain.User is not enhanced.

[2021-05-12 22:08:49 #8 type] 
Type domain.Wallet is not enhanced.

[2021-05-12 22:08:49 #9 type] 
Type domain.Bet is not enhanced.

------------------------------------------------------------------------------------------------------------------------

[2021-05-12 22:19:27 #1 store] 
Database 'C:\Users\user\git\BetAndRuin_repos\BetAndRuin 21\bets.temp' has been recovered (tr. 22-24)

[2021-05-12 22:19:27 #2 store] 
Database 'C:\Users\user\git\BetAndRuin_repos\BetAndRuin 21\bets.temp' is opened by 12960@LASTO-P

[2021-05-12 22:19:27 #3 store] 
Configuration path: ?

[2021-05-12 22:19:28 #4 type] 
Type domain.Event is not enhanced.

[2021-05-12 22:19:28 #5 type] 
Type domain.Question is not enhanced.

[2021-05-12 22:19:28 #6 type] 
Type domain.Answer is not enhanced.

[2021-05-12 22:19:28 #7 type] 
Type domain.User is not enhanced.

[2021-05-12 22:19:28 #8 type] 
Type domain.Wallet is not enhanced.

[2021-05-12 22:19:28 #9 type] 
Type domain.Bet is not enhanced.

------------------------------------------------------------------------------------------------------------------------

[2021-05-12 22:29:13 #1 store] 
Database 'C:\Users\user\git\BetAndRuin_repos\BetAndRuin 21\bets.temp' has been recovered (tr. 25-25)

[2021-05-12 22:29:13 #2 store] 
Database 'C:\Users\user\git\BetAndRuin_repos\BetAndRuin 21\bets.temp' is opened by 15672@LASTO-P

[2021-05-12 22:29:13 #3 store] 
Configuration path: ?

[2021-05-12 22:29:13 #4 type] 
Type domain.Event is not enhanced.

[2021-05-12 22:29:13 #5 type] 
Type domain.Question is not enhanced.

[2021-05-12 22:29:13 #6 type] 
Type domain.Answer is not enhanced.

[2021-05-12 22:29:13 #7 type] 
Type domain.User is not enhanced.

[2021-05-12 22:29:13 #8 type] 
Type domain.Wallet is not enhanced.

[2021-05-12 22:29:13 #9 type] 
Type domain.Bet is not enhanced.

------------------------------------------------------------------------------------------------------------------------

[2021-05-12 22:31:10 #1 store] 
Database 'C:\Users\user\git\BetAndRuin_repos\BetAndRuin 21\bets.temp' is opened by 2220@LASTO-P

[2021-05-12 22:31:10 #2 store] 
Configuration path: ?

[2021-05-12 22:31:11 #3 type] 
Type domain.Event is not enhanced.

[2021-05-12 22:31:11 #4 type] 
Type domain.Question is not enhanced.

[2021-05-12 22:31:11 #5 type] 
Type domain.Answer is not enhanced.

[2021-05-12 22:31:11 #6 type] 
Type domain.User is not enhanced.

[2021-05-12 22:31:11 #7 type] 
Type domain.Wallet is not enhanced.

[2021-05-12 22:31:11 #8 type] 
Type domain.Bet is not enhanced.

------------------------------------------------------------------------------------------------------------------------

[2021-05-12 22:32:41 #1 store] 
Database 'C:\Users\user\git\BetAndRuin_repos\BetAndRuin 21\bets.temp' is opened by 6816@LASTO-P

[2021-05-12 22:32:41 #2 store] 
Configuration path: ?

[2021-05-12 22:32:41 #3 type] 
Type domain.Event is not enhanced.

[2021-05-12 22:32:41 #4 type] 
Type domain.Question is not enhanced.

[2021-05-12 22:32:41 #5 type] 
Type domain.Answer is not enhanced.

[2021-05-12 22:32:41 #6 type] 
Type domain.User is not enhanced.

[2021-05-12 22:32:41 #7 type] 
Type domain.Wallet is not enhanced.

[2021-05-12 22:32:41 #8 type] 
Type domain.Bet is not enhanced.

------------------------------------------------------------------------------------------------------------------------

[2021-05-12 22:35:46 #1 store] 
Database 'C:\Users\user\git\BetAndRuin_repos\BetAndRuin 21\bets.temp' is opened by 7664@LASTO-P

[2021-05-12 22:35:46 #2 store] 
Configuration path: ?

[2021-05-12 22:35:47 #3 type] 
Type domain.Event is not enhanced.

[2021-05-12 22:35:47 #4 type] 
Type domain.Question is not enhanced.

[2021-05-12 22:35:47 #5 type] 
Type domain.Answer is not enhanced.

[2021-05-12 22:35:47 #6 type] 
Type domain.User is not enhanced.

[2021-05-12 22:35:47 #7 type] 
Type domain.Wallet is not enhanced.

[2021-05-12 22:35:47 #8 type] 
Type domain.Bet is not enhanced.

------------------------------------------------------------------------------------------------------------------------

[2021-05-12 22:36:21 #1 store] 
Database 'C:\Users\user\git\BetAndRuin_repos\BetAndRuin 21\bets.temp' is opened by 19448@LASTO-P

[2021-05-12 22:36:21 #2 store] 
Configuration path: ?

[2021-05-12 22:36:21 #3 type] 
Type domain.Event is not enhanced.

[2021-05-12 22:36:21 #4 type] 
Type domain.Question is not enhanced.

[2021-05-12 22:36:21 #5 type] 
Type domain.Answer is not enhanced.

[2021-05-12 22:36:21 #6 type] 
Type domain.User is not enhanced.

[2021-05-12 22:36:21 #7 type] 
Type domain.Wallet is not enhanced.

[2021-05-12 22:36:21 #8 type] 
Type domain.Bet is not enhanced.

------------------------------------------------------------------------------------------------------------------------

[2021-05-12 22:50:11 #1 store] 
Database 'C:\Users\user\git\BetAndRuin_repos\BetAndRuin 21\bets.temp' has been recovered (tr. 26-31)

[2021-05-12 22:50:11 #2 store] 
Database 'C:\Users\user\git\BetAndRuin_repos\BetAndRuin 21\bets.temp' is opened by 1184@LASTO-P

[2021-05-12 22:50:11 #3 store] 
Configuration path: ?

[2021-05-12 22:50:11 #4 type] 
Type domain.Event is not enhanced.

[2021-05-12 22:50:11 #5 type] 
Type domain.Question is not enhanced.

[2021-05-12 22:50:11 #6 type] 
Type domain.Answer is not enhanced.

[2021-05-12 22:50:11 #7 type] 
Type domain.User is not enhanced.

[2021-05-12 22:50:11 #8 type] 
Type domain.Wallet is not enhanced.

[2021-05-12 22:50:11 #9 type] 
Type domain.Bet is not enhanced.

------------------------------------------------------------------------------------------------------------------------

[2021-05-12 22:52:14 #1 store] 
Database 'C:\Users\user\git\BetAndRuin_repos\BetAndRuin 21\bets.temp' has been recovered (tr. 32-33)

[2021-05-12 22:52:14 #2 store] 
Database 'C:\Users\user\git\BetAndRuin_repos\BetAndRuin 21\bets.temp' is opened by 6252@LASTO-P

[2021-05-12 22:52:14 #3 store] 
Configuration path: ?

[2021-05-12 22:52:15 #4 type] 
Type domain.Event is not enhanced.

[2021-05-12 22:52:15 #5 type] 
Type domain.Question is not enhanced.

[2021-05-12 22:52:15 #6 type] 
Type domain.Answer is not enhanced.

[2021-05-12 22:52:15 #7 type] 
Type domain.User is not enhanced.

[2021-05-12 22:52:15 #8 type] 
Type domain.Wallet is not enhanced.

[2021-05-12 22:52:15 #9 type] 
Type domain.Bet is not enhanced.

------------------------------------------------------------------------------------------------------------------------

[2021-05-12 22:53:45 #1 store] 
Database 'C:\Users\user\git\BetAndRuin_repos\BetAndRuin 21\bets.temp' has been recovered (tr. 34-38)

[2021-05-12 22:53:45 #2 store] 
Database 'C:\Users\user\git\BetAndRuin_repos\BetAndRuin 21\bets.temp' is opened by 14568@LASTO-P

[2021-05-12 22:53:45 #3 store] 
Configuration path: ?

[2021-05-12 22:53:45 #4 type] 
Type domain.Event is not enhanced.

[2021-05-12 22:53:45 #5 type] 
Type domain.Question is not enhanced.

[2021-05-12 22:53:45 #6 type] 
Type domain.Answer is not enhanced.

[2021-05-12 22:53:45 #7 type] 
Type domain.User is not enhanced.

[2021-05-12 22:53:45 #8 type] 
Type domain.Wallet is not enhanced.

[2021-05-12 22:53:45 #9 type] 
Type domain.Bet is not enhanced.

------------------------------------------------------------------------------------------------------------------------

[2021-05-12 22:55:30 #1 store] 
Database 'C:\Users\user\git\BetAndRuin_repos\BetAndRuin 21\bets.temp' has been recovered (tr. 39-40)

[2021-05-12 22:55:30 #2 store] 
Database 'C:\Users\user\git\BetAndRuin_repos\BetAndRuin 21\bets.temp' is opened by 1004@LASTO-P

[2021-05-12 22:55:30 #3 store] 
Configuration path: ?

[2021-05-12 22:55:30 #4 type] 
Type domain.Event is not enhanced.

[2021-05-12 22:55:30 #5 type] 
Type domain.Question is not enhanced.

[2021-05-12 22:55:30 #6 type] 
Type domain.Answer is not enhanced.

[2021-05-12 22:55:30 #7 type] 
Type domain.User is not enhanced.

[2021-05-12 22:55:30 #8 type] 
Type domain.Wallet is not enhanced.

[2021-05-12 22:55:30 #9 type] 
Type domain.Bet is not enhanced.

------------------------------------------------------------------------------------------------------------------------

[2021-05-12 23:09:44 #1 store] 
Database 'C:\Users\user\git\BetAndRuin_repos\BetAndRuin 21\bets.temp' has been recovered (tr. 41-45)

[2021-05-12 23:09:44 #2 store] 
Database 'C:\Users\user\git\BetAndRuin_repos\BetAndRuin 21\bets.temp' is opened by 20800@LASTO-P

[2021-05-12 23:09:44 #3 store] 
Configuration path: ?

[2021-05-12 23:09:44 #4 type] 
Type domain.Event is not enhanced.

[2021-05-12 23:09:44 #5 type] 
Type domain.Question is not enhanced.

[2021-05-12 23:09:44 #6 type] 
Type domain.Answer is not enhanced.

[2021-05-12 23:09:44 #7 type] 
Type domain.User is not enhanced.

[2021-05-12 23:09:44 #8 type] 
Type domain.Wallet is not enhanced.

[2021-05-12 23:09:44 #9 type] 
Type domain.Bet is not enhanced.

------------------------------------------------------------------------------------------------------------------------

[2021-05-12 23:35:43 #1 store] 
Database 'C:\Users\user\git\BetAndRuin_repos\BetAndRuin 21\bets.temp' has been recovered (tr. 46-47)

[2021-05-12 23:35:43 #2 store] 
Database 'C:\Users\user\git\BetAndRuin_repos\BetAndRuin 21\bets.temp' is opened by 16396@LASTO-P

[2021-05-12 23:35:43 #3 store] 
Configuration path: ?

[2021-05-12 23:35:43 #4 type] 
Type domain.Event is not enhanced.

[2021-05-12 23:35:43 #5 type] 
Type domain.Question is not enhanced.

[2021-05-12 23:35:43 #6 type] 
Type domain.Answer is not enhanced.

[2021-05-12 23:35:43 #7 type] 
Type domain.User is not enhanced.

[2021-05-12 23:35:43 #8 type] 
Type domain.Wallet is not enhanced.

[2021-05-12 23:35:43 #9 type] 
Type domain.Bet is not enhanced.

