------------------------------------------------------------------------------------------------------------------------

[2021-04-22 19:52:03 #1 store] 
Database '/home/estrapro/git/BetAndRuin_repos/BetAndRuin 21/bets.temp' is opened by 8303@estrapro-pc

[2021-04-22 19:52:03 #2 store] 
Configuration path: ?

[2021-04-22 19:52:03 #3 type] 
Type domain.User is not enhanced.

[2021-04-22 19:52:03 #4 type] 
Type domain.Wallet is not enhanced.

[2021-04-22 19:52:03 #5 type] 
Type domain.Bet is not enhanced.

[2021-04-22 19:52:03 #6 type] 
Type domain.Event is not enhanced.

[2021-04-22 19:52:03 #7 type] 
Type domain.Answer is not enhanced.

[2021-04-22 19:52:03 #8 type] 
Type domain.Question is not enhanced.

------------------------------------------------------------------------------------------------------------------------

[2021-04-22 19:53:59 #1 store] 
Database '/home/estrapro/git/BetAndRuin_repos/BetAndRuin 21/bets.temp' has been recovered (tr. 47-49)

[2021-04-22 19:53:59 #2 store] 
Database '/home/estrapro/git/BetAndRuin_repos/BetAndRuin 21/bets.temp' is opened by 8464@estrapro-pc

[2021-04-22 19:53:59 #3 store] 
Configuration path: ?

[2021-04-22 19:53:59 #4 type] 
Type domain.User is not enhanced.

[2021-04-22 19:53:59 #5 type] 
Type domain.Wallet is not enhanced.

[2021-04-22 19:53:59 #6 type] 
Type domain.Bet is not enhanced.

[2021-04-22 19:53:59 #7 type] 
Type domain.Event is not enhanced.

[2021-04-22 19:53:59 #8 type] 
Type domain.Answer is not enhanced.

[2021-04-22 19:53:59 #9 type] 
Type domain.Question is not enhanced.

------------------------------------------------------------------------------------------------------------------------

[2021-04-22 19:55:28 #1 store] 
Database '/home/estrapro/git/BetAndRuin_repos/BetAndRuin 21/bets.temp' has been recovered (tr. 50-53)

[2021-04-22 19:55:28 #2 store] 
Database '/home/estrapro/git/BetAndRuin_repos/BetAndRuin 21/bets.temp' is opened by 8553@estrapro-pc

[2021-04-22 19:55:28 #3 store] 
Configuration path: ?

[2021-04-22 19:55:28 #4 type] 
Type domain.User is not enhanced.

[2021-04-22 19:55:28 #5 type] 
Type domain.Wallet is not enhanced.

[2021-04-22 19:55:28 #6 type] 
Type domain.Bet is not enhanced.

[2021-04-22 19:55:28 #7 type] 
Type domain.Event is not enhanced.

[2021-04-22 19:55:28 #8 type] 
Type domain.Answer is not enhanced.

[2021-04-22 19:55:28 #9 type] 
Type domain.Question is not enhanced.

------------------------------------------------------------------------------------------------------------------------

[2021-04-22 19:57:37 #1 store] 
Database '/home/estrapro/git/BetAndRuin_repos/BetAndRuin 21/bets.temp' has been recovered (tr. 54-55)

[2021-04-22 19:57:37 #2 store] 
Database '/home/estrapro/git/BetAndRuin_repos/BetAndRuin 21/bets.temp' is opened by 8690@estrapro-pc

[2021-04-22 19:57:37 #3 store] 
Configuration path: ?

[2021-04-22 19:57:37 #4 type] 
Type domain.User is not enhanced.

[2021-04-22 19:57:37 #5 type] 
Type domain.Wallet is not enhanced.

[2021-04-22 19:57:37 #6 type] 
Type domain.Bet is not enhanced.

[2021-04-22 19:57:37 #7 type] 
Type domain.Event is not enhanced.

[2021-04-22 19:57:37 #8 type] 
Type domain.Answer is not enhanced.

[2021-04-22 19:57:37 #9 type] 
Type domain.Question is not enhanced.

------------------------------------------------------------------------------------------------------------------------

[2021-04-22 19:59:52 #1 store] 
Database '/home/estrapro/git/BetAndRuin_repos/BetAndRuin 21/bets.temp' has been recovered (tr. 56-57)

[2021-04-22 19:59:52 #2 store] 
Database '/home/estrapro/git/BetAndRuin_repos/BetAndRuin 21/bets.temp' is opened by 8822@estrapro-pc

[2021-04-22 19:59:52 #3 store] 
Configuration path: ?

[2021-04-22 19:59:52 #4 type] 
Type domain.User is not enhanced.

[2021-04-22 19:59:52 #5 type] 
Type domain.Wallet is not enhanced.

[2021-04-22 19:59:52 #6 type] 
Type domain.Bet is not enhanced.

[2021-04-22 19:59:52 #7 type] 
Type domain.Event is not enhanced.

[2021-04-22 19:59:52 #8 type] 
Type domain.Answer is not enhanced.

[2021-04-22 19:59:52 #9 type] 
Type domain.Question is not enhanced.

